<?xml version="1.0" encoding="UTF-8"?>
<TestRun id="6e72475a-cfbc-40e3-a877-a91f03ff1647" name="Ewa@EWA-DELLV131 2014-06-28 22:24:07" runUser="Ewa-DellV131\Ewa" xmlns="http://microsoft.com/schemas/VisualStudio/TeamTest/2010">
  <TestSettings name="Local" id="c4f4939b-3f88-4cfc-b325-a068545cd073">
    <Description>These are default test settings for a local test run.</Description>
    <Deployment enabled="false" runDeploymentRoot="Ewa_EWA-DELLV131 2014-06-28 22_24_07">
      <DeploymentItem filename="C:\GitHub\elastic_collision\elastic-collision\collision\CollisionLibrary\bin\x86\Debug\CollisionLibrary.dll" />
    </Deployment>
    <Execution>
      <TestTypeSpecific />
      <AgentRule name="Execution Agents">
      </AgentRule>
    </Execution>
  </TestSettings>
  <Times creation="2014-06-28T22:24:07.1531843+02:00" queuing="2014-06-28T22:24:08.1792430+02:00" start="2014-06-28T22:24:08.2002442+02:00" finish="2014-06-28T22:24:08.4532587+02:00" />
  <ResultSummary outcome="Completed">
    <Counters total="1" executed="1" passed="1" error="0" failed="0" timeout="0" aborted="0" inconclusive="0" passedButRunAborted="0" notRunnable="0" notExecuted="0" disconnected="0" warning="0" completed="0" inProgress="0" pending="0" />
  </ResultSummary>
  <TestDefinitions>
    <UnitTest name="CalcTangentTestWithGivenNormal" storage="c:\github\elastic_collision\elastic-collision\collision\collisionlibrarytestproject\bin\debug\collisionlibrarytestproject.dll" id="c958cc52-009c-8b64-166e-da652b2033e8">
      <Execution id="37a4d480-4b1f-4ae2-9146-c3cf796e077a" />
      <TestMethod codeBase="C:/GitHub/elastic_collision/elastic-collision/collision/CollisionLibraryTestProject/bin/Debug/CollisionLibraryTestProject.DLL" adapterTypeName="Microsoft.VisualStudio.TestTools.TestTypes.Unit.UnitTestAdapter, Microsoft.VisualStudio.QualityTools.Tips.UnitTest.Adapter, Version=10.0.0.0, Culture=neutral, PublicKeyToken=b03f5f7f11d50a3a" className="CollisionLibraryTestProject.TransformationTest, CollisionLibraryTestProject, Version=1.0.0.0, Culture=neutral, PublicKeyToken=null" name="CalcTangentTestWithGivenNormal" />
    </UnitTest>
  </TestDefinitions>
  <TestLists>
    <TestList name="Results Not in a List" id="8c84fa94-04c1-424b-9868-57a2d4851a1d" />
    <TestList name="All Loaded Results" id="19431567-8539-422a-85d7-44ee4e166bda" />
  </TestLists>
  <TestEntries>
    <TestEntry testId="c958cc52-009c-8b64-166e-da652b2033e8" executionId="37a4d480-4b1f-4ae2-9146-c3cf796e077a" testListId="8c84fa94-04c1-424b-9868-57a2d4851a1d" />
  </TestEntries>
  <Results>
    <UnitTestResult executionId="37a4d480-4b1f-4ae2-9146-c3cf796e077a" testId="c958cc52-009c-8b64-166e-da652b2033e8" testName="CalcTangentTestWithGivenNormal" computerName="EWA-DELLV131" duration="00:00:00.0154297" startTime="2014-06-28T22:24:08.2042444+02:00" endTime="2014-06-28T22:24:08.4312574+02:00" testType="13cdc9d9-ddb5-4fa4-a97d-d965ccfc6d4b" outcome="Passed" testListId="8c84fa94-04c1-424b-9868-57a2d4851a1d" relativeResultsDirectory="37a4d480-4b1f-4ae2-9146-c3cf796e077a">
    </UnitTestResult>
  </Results>
</TestRun>