<?xml version="1.0" encoding="UTF-8"?>
<TestRun id="794747cc-fdbd-47ec-be4b-14b82fd81901" name="Ewa@EWA-DELLV131 2014-06-28 22:28:25" runUser="Ewa-DellV131\Ewa" xmlns="http://microsoft.com/schemas/VisualStudio/TeamTest/2010">
  <TestSettings name="Local" id="c4f4939b-3f88-4cfc-b325-a068545cd073">
    <Description>These are default test settings for a local test run.</Description>
    <Deployment enabled="false" runDeploymentRoot="Ewa_EWA-DELLV131 2014-06-28 22_28_25">
      <DeploymentItem filename="C:\GitHub\elastic_collision\elastic-collision\collision\CollisionLibrary\bin\x86\Debug\CollisionLibrary.dll" />
    </Deployment>
    <Execution>
      <TestTypeSpecific />
      <AgentRule name="Execution Agents">
      </AgentRule>
    </Execution>
  </TestSettings>
  <Times creation="2014-06-28T22:28:25.8349800+02:00" queuing="2014-06-28T22:28:27.0490495+02:00" start="2014-06-28T22:28:27.0580500+02:00" finish="2014-06-28T22:28:27.3670677+02:00" />
  <ResultSummary outcome="Completed">
    <Counters total="1" executed="1" passed="1" error="0" failed="0" timeout="0" aborted="0" inconclusive="0" passedButRunAborted="0" notRunnable="0" notExecuted="0" disconnected="0" warning="0" completed="0" inProgress="0" pending="0" />
  </ResultSummary>
  <TestDefinitions>
    <UnitTest name="Ball2ConstructorTestDefault" storage="c:\github\elastic_collision\elastic-collision\collision\collisionlibrarytestproject\bin\debug\collisionlibrarytestproject.dll" id="01dbbfbe-7c0f-f7a5-974d-f83eb21e709f">
      <Execution id="4be36557-c521-4909-9eb5-4595d6dfabe7" />
      <TestMethod codeBase="C:/GitHub/elastic_collision/elastic-collision/collision/CollisionLibraryTestProject/bin/Debug/CollisionLibraryTestProject.DLL" adapterTypeName="Microsoft.VisualStudio.TestTools.TestTypes.Unit.UnitTestAdapter, Microsoft.VisualStudio.QualityTools.Tips.UnitTest.Adapter, Version=10.0.0.0, Culture=neutral, PublicKeyToken=b03f5f7f11d50a3a" className="CollisionLibraryTestProject.Ball2Test, CollisionLibraryTestProject, Version=1.0.0.0, Culture=neutral, PublicKeyToken=null" name="Ball2ConstructorTestDefault" />
    </UnitTest>
  </TestDefinitions>
  <TestLists>
    <TestList name="Results Not in a List" id="8c84fa94-04c1-424b-9868-57a2d4851a1d" />
    <TestList name="All Loaded Results" id="19431567-8539-422a-85d7-44ee4e166bda" />
  </TestLists>
  <TestEntries>
    <TestEntry testId="01dbbfbe-7c0f-f7a5-974d-f83eb21e709f" executionId="4be36557-c521-4909-9eb5-4595d6dfabe7" testListId="8c84fa94-04c1-424b-9868-57a2d4851a1d" />
  </TestEntries>
  <Results>
    <UnitTestResult executionId="4be36557-c521-4909-9eb5-4595d6dfabe7" testId="01dbbfbe-7c0f-f7a5-974d-f83eb21e709f" testName="Ball2ConstructorTestDefault" computerName="EWA-DELLV131" duration="00:00:00.0158359" startTime="2014-06-28T22:28:27.0610502+02:00" endTime="2014-06-28T22:28:27.2940635+02:00" testType="13cdc9d9-ddb5-4fa4-a97d-d965ccfc6d4b" outcome="Passed" testListId="8c84fa94-04c1-424b-9868-57a2d4851a1d" relativeResultsDirectory="4be36557-c521-4909-9eb5-4595d6dfabe7">
    </UnitTestResult>
  </Results>
</TestRun>