<?xml version="1.0" encoding="UTF-8"?>
<TestRun id="e24633c0-c3af-44ae-bc94-c5543c2b24a7" name="Ewa@EWA-DELLV131 2014-06-30 20:14:17" runUser="Ewa-DellV131\Ewa" xmlns="http://microsoft.com/schemas/VisualStudio/TeamTest/2010">
  <TestSettings name="Local" id="c4f4939b-3f88-4cfc-b325-a068545cd073">
    <Description>These are default test settings for a local test run.</Description>
    <Deployment enabled="false" runDeploymentRoot="Ewa_EWA-DELLV131 2014-06-30 20_14_17">
      <DeploymentItem filename="C:\GitHub\elastic_collision\elastic-collision\collision\CollisionLibrary\bin\x86\Debug\CollisionLibrary.dll" />
    </Deployment>
    <Execution>
      <TestTypeSpecific />
      <AgentRule name="Execution Agents">
      </AgentRule>
    </Execution>
  </TestSettings>
  <Times creation="2014-06-30T20:14:17.8414539+02:00" queuing="2014-06-30T20:14:19.3325392+02:00" start="2014-06-30T20:14:19.3675412+02:00" finish="2014-06-30T20:14:19.5745531+02:00" />
  <ResultSummary outcome="Completed">
    <Counters total="1" executed="1" passed="1" error="0" failed="0" timeout="0" aborted="0" inconclusive="0" passedButRunAborted="0" notRunnable="0" notExecuted="0" disconnected="0" warning="0" completed="0" inProgress="0" pending="0" />
  </ResultSummary>
  <TestDefinitions>
    <UnitTest name="InstancesTestBallAndWall" storage="c:\github\elastic_collision\elastic-collision\collision\collisionlibrarytestproject\bin\debug\collisionlibrarytestproject.dll" id="7d761d72-251c-20d5-aab6-9dcc35eeaf1c">
      <Execution id="19b09d09-a7d7-4191-a915-a870d3c3606a" />
      <TestMethod codeBase="C:/GitHub/elastic_collision/elastic-collision/collision/CollisionLibraryTestProject/bin/Debug/CollisionLibraryTestProject.DLL" adapterTypeName="Microsoft.VisualStudio.TestTools.TestTypes.Unit.UnitTestAdapter, Microsoft.VisualStudio.QualityTools.Tips.UnitTest.Adapter, Version=10.0.0.0, Culture=neutral, PublicKeyToken=b03f5f7f11d50a3a" className="CollisionLibraryTestProject.Ball2Test, CollisionLibraryTestProject, Version=1.0.0.0, Culture=neutral, PublicKeyToken=null" name="InstancesTestBallAndWall" />
    </UnitTest>
  </TestDefinitions>
  <TestLists>
    <TestList name="Results Not in a List" id="8c84fa94-04c1-424b-9868-57a2d4851a1d" />
    <TestList name="All Loaded Results" id="19431567-8539-422a-85d7-44ee4e166bda" />
  </TestLists>
  <TestEntries>
    <TestEntry testId="7d761d72-251c-20d5-aab6-9dcc35eeaf1c" executionId="19b09d09-a7d7-4191-a915-a870d3c3606a" testListId="8c84fa94-04c1-424b-9868-57a2d4851a1d" />
  </TestEntries>
  <Results>
    <UnitTestResult executionId="19b09d09-a7d7-4191-a915-a870d3c3606a" testId="7d761d72-251c-20d5-aab6-9dcc35eeaf1c" testName="InstancesTestBallAndWall" computerName="EWA-DELLV131" duration="00:00:00.0165569" startTime="2014-06-30T20:14:19.3615409+02:00" endTime="2014-06-30T20:14:19.5635524+02:00" testType="13cdc9d9-ddb5-4fa4-a97d-d965ccfc6d4b" outcome="Passed" testListId="8c84fa94-04c1-424b-9868-57a2d4851a1d" relativeResultsDirectory="19b09d09-a7d7-4191-a915-a870d3c3606a">
    </UnitTestResult>
  </Results>
</TestRun>