<?xml version="1.0" encoding="UTF-8"?>
<TestRun id="27dd13bd-2f59-4704-aae0-22df3f313b94" name="Ewa@EWA-DELLV131 2014-06-28 22:28:32" runUser="Ewa-DellV131\Ewa" xmlns="http://microsoft.com/schemas/VisualStudio/TeamTest/2010">
  <TestSettings name="Local" id="c4f4939b-3f88-4cfc-b325-a068545cd073">
    <Description>These are default test settings for a local test run.</Description>
    <Deployment enabled="false" runDeploymentRoot="Ewa_EWA-DELLV131 2014-06-28 22_28_32">
      <DeploymentItem filename="C:\GitHub\elastic_collision\elastic-collision\collision\CollisionLibrary\bin\x86\Debug\CollisionLibrary.dll" />
    </Deployment>
    <Execution>
      <TestTypeSpecific />
      <AgentRule name="Execution Agents">
      </AgentRule>
    </Execution>
  </TestSettings>
  <Times creation="2014-06-28T22:28:32.3603533+02:00" queuing="2014-06-28T22:28:33.3314088+02:00" start="2014-06-28T22:28:33.3414094+02:00" finish="2014-06-28T22:28:33.5804231+02:00" />
  <ResultSummary outcome="Completed">
    <Counters total="1" executed="1" passed="1" error="0" failed="0" timeout="0" aborted="0" inconclusive="0" passedButRunAborted="0" notRunnable="0" notExecuted="0" disconnected="0" warning="0" completed="0" inProgress="0" pending="0" />
  </ResultSummary>
  <TestDefinitions>
    <UnitTest name="Ball2ConstructorTest2" storage="c:\github\elastic_collision\elastic-collision\collision\collisionlibrarytestproject\bin\debug\collisionlibrarytestproject.dll" id="dd22bf8f-6c73-d575-32f8-6d9ecb277f31">
      <Execution id="3b1144f4-a515-408d-b384-6fa01c5c8b5c" />
      <TestMethod codeBase="C:/GitHub/elastic_collision/elastic-collision/collision/CollisionLibraryTestProject/bin/Debug/CollisionLibraryTestProject.DLL" adapterTypeName="Microsoft.VisualStudio.TestTools.TestTypes.Unit.UnitTestAdapter, Microsoft.VisualStudio.QualityTools.Tips.UnitTest.Adapter, Version=10.0.0.0, Culture=neutral, PublicKeyToken=b03f5f7f11d50a3a" className="CollisionLibraryTestProject.Ball2Test, CollisionLibraryTestProject, Version=1.0.0.0, Culture=neutral, PublicKeyToken=null" name="Ball2ConstructorTest2" />
    </UnitTest>
  </TestDefinitions>
  <TestLists>
    <TestList name="Results Not in a List" id="8c84fa94-04c1-424b-9868-57a2d4851a1d" />
    <TestList name="All Loaded Results" id="19431567-8539-422a-85d7-44ee4e166bda" />
  </TestLists>
  <TestEntries>
    <TestEntry testId="dd22bf8f-6c73-d575-32f8-6d9ecb277f31" executionId="3b1144f4-a515-408d-b384-6fa01c5c8b5c" testListId="8c84fa94-04c1-424b-9868-57a2d4851a1d" />
  </TestEntries>
  <Results>
    <UnitTestResult executionId="3b1144f4-a515-408d-b384-6fa01c5c8b5c" testId="dd22bf8f-6c73-d575-32f8-6d9ecb277f31" testName="Ball2ConstructorTest2" computerName="EWA-DELLV131" duration="00:00:00.0154686" startTime="2014-06-28T22:28:33.3454096+02:00" endTime="2014-06-28T22:28:33.5694224+02:00" testType="13cdc9d9-ddb5-4fa4-a97d-d965ccfc6d4b" outcome="Passed" testListId="8c84fa94-04c1-424b-9868-57a2d4851a1d" relativeResultsDirectory="3b1144f4-a515-408d-b384-6fa01c5c8b5c">
    </UnitTestResult>
  </Results>
</TestRun>