<?xml version="1.0" encoding="UTF-8"?>
<TestRun id="cc83b505-9154-45ed-a420-854687f193ce" name="Ewa@EWA-DELLV131 2014-06-28 22:22:00" runUser="Ewa-DellV131\Ewa" xmlns="http://microsoft.com/schemas/VisualStudio/TeamTest/2010">
  <TestSettings name="Local" id="c4f4939b-3f88-4cfc-b325-a068545cd073">
    <Description>These are default test settings for a local test run.</Description>
    <Deployment enabled="false" runDeploymentRoot="Ewa_EWA-DELLV131 2014-06-28 22_22_00">
      <DeploymentItem filename="C:\GitHub\elastic_collision\elastic-collision\collision\CollisionLibrary\bin\x86\Debug\CollisionLibrary.dll" />
    </Deployment>
    <Execution>
      <TestTypeSpecific />
      <AgentRule name="Execution Agents">
      </AgentRule>
    </Execution>
  </TestSettings>
  <Times creation="2014-06-28T22:22:00.9409654+02:00" queuing="2014-06-28T22:22:00.9769674+02:00" start="2014-06-28T22:22:00.9999687+02:00" finish="2014-06-28T22:22:01.2489830+02:00" />
  <ResultSummary outcome="Completed">
    <Counters total="1" executed="1" passed="1" error="0" failed="0" timeout="0" aborted="0" inconclusive="0" passedButRunAborted="0" notRunnable="0" notExecuted="0" disconnected="0" warning="0" completed="0" inProgress="0" pending="0" />
  </ResultSummary>
  <TestDefinitions>
    <UnitTest name="CalcTangentTest" storage="c:\github\elastic_collision\elastic-collision\collision\collisionlibrarytestproject\bin\debug\collisionlibrarytestproject.dll" id="4634d7bf-d54b-df2a-1a73-f348a6c652ae">
      <Execution id="1dd0184d-cfa5-4892-8b48-98049694e502" />
      <TestMethod codeBase="C:/GitHub/elastic_collision/elastic-collision/collision/CollisionLibraryTestProject/bin/Debug/CollisionLibraryTestProject.DLL" adapterTypeName="Microsoft.VisualStudio.TestTools.TestTypes.Unit.UnitTestAdapter, Microsoft.VisualStudio.QualityTools.Tips.UnitTest.Adapter, Version=10.0.0.0, Culture=neutral, PublicKeyToken=b03f5f7f11d50a3a" className="CollisionLibraryTestProject.TransformationTest, CollisionLibraryTestProject, Version=1.0.0.0, Culture=neutral, PublicKeyToken=null" name="CalcTangentTest" />
    </UnitTest>
  </TestDefinitions>
  <TestLists>
    <TestList name="Results Not in a List" id="8c84fa94-04c1-424b-9868-57a2d4851a1d" />
    <TestList name="All Loaded Results" id="19431567-8539-422a-85d7-44ee4e166bda" />
  </TestLists>
  <TestEntries>
    <TestEntry testId="4634d7bf-d54b-df2a-1a73-f348a6c652ae" executionId="1dd0184d-cfa5-4892-8b48-98049694e502" testListId="8c84fa94-04c1-424b-9868-57a2d4851a1d" />
  </TestEntries>
  <Results>
    <UnitTestResult executionId="1dd0184d-cfa5-4892-8b48-98049694e502" testId="4634d7bf-d54b-df2a-1a73-f348a6c652ae" testName="CalcTangentTest" computerName="EWA-DELLV131" duration="00:00:00.0166373" startTime="2014-06-28T22:22:01.0029689+02:00" endTime="2014-06-28T22:22:01.2249816+02:00" testType="13cdc9d9-ddb5-4fa4-a97d-d965ccfc6d4b" outcome="Passed" testListId="8c84fa94-04c1-424b-9868-57a2d4851a1d" relativeResultsDirectory="1dd0184d-cfa5-4892-8b48-98049694e502">
    </UnitTestResult>
  </Results>
</TestRun>