<?xml version="1.0" encoding="UTF-8"?>
<TestRun id="06363b9d-7ad2-4c89-bb3e-7268aeb3d0fb" name="Ewa@EWA-DELLV131 2014-06-29 13:04:42" runUser="Ewa-DellV131\Ewa" xmlns="http://microsoft.com/schemas/VisualStudio/TeamTest/2010">
  <TestSettings name="Local" id="c4f4939b-3f88-4cfc-b325-a068545cd073">
    <Description>These are default test settings for a local test run.</Description>
    <Deployment enabled="false" runDeploymentRoot="Ewa_EWA-DELLV131 2014-06-29 13_04_42">
      <DeploymentItem filename="C:\GitHub\elastic_collision\elastic-collision\collision\CollisionLibrary\bin\x86\Debug\CollisionLibrary.dll" />
    </Deployment>
    <Execution>
      <TestTypeSpecific />
      <AgentRule name="Execution Agents">
      </AgentRule>
    </Execution>
  </TestSettings>
  <Times creation="2014-06-29T13:04:42.6004314+02:00" queuing="2014-06-29T13:04:46.1026317+02:00" start="2014-06-29T13:04:46.1876365+02:00" finish="2014-06-29T13:05:54.7115559+02:00" />
  <ResultSummary outcome="Failed">
    <Counters total="1" executed="1" error="0" failed="1" timeout="0" aborted="0" inconclusive="0" passedButRunAborted="0" notRunnable="0" notExecuted="0" disconnected="0" warning="0" passed="0" completed="0" inProgress="0" pending="0" />
    <RunInfos>
      <RunInfo computerName="EWA-DELLV131" outcome="Warning" timestamp="2014-06-29T13:04:44.3865335+02:00">
        <Text>Deployment is currently disabled. The deployment item 'CollisionLibrary.dll' on test 'CollisionLibraryTestProject.QuadraticEquationTest.CalcSmallerPositiveXTest' was not deployed.</Text>
      </RunInfo>
    </RunInfos>
  </ResultSummary>
  <TestDefinitions>
    <UnitTest name="CalcSmallerPositiveXTest" storage="c:\github\elastic_collision\elastic-collision\collision\collisionlibrarytestproject\bin\debug\collisionlibrarytestproject.dll" id="04aec189-043e-ca62-f16f-2761a476fe4e">
      <DeploymentItems>
        <DeploymentItem filename="CollisionLibrary.dll" />
      </DeploymentItems>
      <Execution id="32b79eb6-e07c-443a-b117-78b5f116c9fb" />
      <TestMethod codeBase="C:/GitHub/elastic_collision/elastic-collision/collision/CollisionLibraryTestProject/bin/Debug/CollisionLibraryTestProject.DLL" adapterTypeName="Microsoft.VisualStudio.TestTools.TestTypes.Unit.UnitTestAdapter, Microsoft.VisualStudio.QualityTools.Tips.UnitTest.Adapter, Version=10.0.0.0, Culture=neutral, PublicKeyToken=b03f5f7f11d50a3a" className="CollisionLibraryTestProject.QuadraticEquationTest, CollisionLibraryTestProject, Version=1.0.0.0, Culture=neutral, PublicKeyToken=null" name="CalcSmallerPositiveXTest" />
    </UnitTest>
  </TestDefinitions>
  <TestLists>
    <TestList name="Results Not in a List" id="8c84fa94-04c1-424b-9868-57a2d4851a1d" />
    <TestList name="All Loaded Results" id="19431567-8539-422a-85d7-44ee4e166bda" />
  </TestLists>
  <TestEntries>
    <TestEntry testId="04aec189-043e-ca62-f16f-2761a476fe4e" executionId="32b79eb6-e07c-443a-b117-78b5f116c9fb" testListId="8c84fa94-04c1-424b-9868-57a2d4851a1d" />
  </TestEntries>
  <Results>
    <UnitTestResult executionId="32b79eb6-e07c-443a-b117-78b5f116c9fb" testId="04aec189-043e-ca62-f16f-2761a476fe4e" testName="CalcSmallerPositiveXTest" computerName="EWA-DELLV131" duration="00:01:07.1575053" startTime="2014-06-29T13:04:46.2426397+02:00" endTime="2014-06-29T13:05:54.6365516+02:00" testType="13cdc9d9-ddb5-4fa4-a97d-d965ccfc6d4b" outcome="Failed" testListId="8c84fa94-04c1-424b-9868-57a2d4851a1d" relativeResultsDirectory="32b79eb6-e07c-443a-b117-78b5f116c9fb">
      <Output>
        <ErrorInfo>
          <Message>Assert.AreEqual failed. Expected:&lt;-0,2583425&gt;. Actual:&lt;-1&gt;. </Message>
          <StackTrace>   at CollisionLibraryTestProject.QuadraticEquationTest.CalcSmallerPositiveXTest() in C:\GitHub\elastic_collision\elastic-collision\collision\CollisionLibraryTestProject\QuadraticEquationTest.cs:line 93
</StackTrace>
        </ErrorInfo>
      </Output>
    </UnitTestResult>
  </Results>
</TestRun>