<?xml version="1.0" encoding="UTF-8"?>
<TestRun id="a13a03db-700c-4fc4-94dc-1f084e2dee38" name="Ewa@EWA-DELLV131 2014-07-11 19:40:11" runUser="Ewa-DellV131\Ewa" xmlns="http://microsoft.com/schemas/VisualStudio/TeamTest/2010">
  <TestSettings name="Local" id="c4f4939b-3f88-4cfc-b325-a068545cd073">
    <Description>These are default test settings for a local test run.</Description>
    <Deployment enabled="false" runDeploymentRoot="Ewa_EWA-DELLV131 2014-07-11 19_40_11">
      <DeploymentItem filename="C:\GitHub\elastic_collision\elastic-collision\elastic-collision\collision\CollisionLibrary\bin\x86\Debug\CollisionLibrary.dll" />
    </Deployment>
    <Execution>
      <TestTypeSpecific />
      <AgentRule name="Execution Agents">
      </AgentRule>
    </Execution>
  </TestSettings>
  <Times creation="2014-07-11T19:40:11.8066928+02:00" queuing="2014-07-11T19:40:12.9727595+02:00" start="2014-07-11T19:40:12.9807600+02:00" finish="2014-07-11T19:40:13.3117789+02:00" />
  <ResultSummary outcome="Completed">
    <Counters total="1" executed="1" passed="1" error="0" failed="0" timeout="0" aborted="0" inconclusive="0" passedButRunAborted="0" notRunnable="0" notExecuted="0" disconnected="0" warning="0" completed="0" inProgress="0" pending="0" />
  </ResultSummary>
  <TestDefinitions>
    <UnitTest name="GetNextBallBallCollisionTestTwoColl" storage="c:\github\elastic_collision\elastic-collision\elastic-collision\collision\collisionlibrarytestproject\bin\debug\collisionlibrarytestproject.dll" id="7ed5f16e-f344-44ac-916b-65054d8bd01b">
      <Execution id="999f768c-07e6-4305-a5d9-50f17e11902a" />
      <TestMethod codeBase="C:/GitHub/elastic_collision/elastic-collision/elastic-collision/collision/CollisionLibraryTestProject/bin/Debug/CollisionLibraryTestProject.DLL" adapterTypeName="Microsoft.VisualStudio.TestTools.TestTypes.Unit.UnitTestAdapter, Microsoft.VisualStudio.QualityTools.Tips.UnitTest.Adapter, Version=10.0.0.0, Culture=neutral, PublicKeyToken=b03f5f7f11d50a3a" className="CollisionLibraryTestProject.CollisionTest, CollisionLibraryTestProject, Version=1.0.0.0, Culture=neutral, PublicKeyToken=null" name="GetNextBallBallCollisionTestTwoColl" />
    </UnitTest>
  </TestDefinitions>
  <TestLists>
    <TestList name="Results Not in a List" id="8c84fa94-04c1-424b-9868-57a2d4851a1d" />
    <TestList name="All Loaded Results" id="19431567-8539-422a-85d7-44ee4e166bda" />
  </TestLists>
  <TestEntries>
    <TestEntry testId="7ed5f16e-f344-44ac-916b-65054d8bd01b" executionId="999f768c-07e6-4305-a5d9-50f17e11902a" testListId="8c84fa94-04c1-424b-9868-57a2d4851a1d" />
  </TestEntries>
  <Results>
    <UnitTestResult executionId="999f768c-07e6-4305-a5d9-50f17e11902a" testId="7ed5f16e-f344-44ac-916b-65054d8bd01b" testName="GetNextBallBallCollisionTestTwoColl" computerName="EWA-DELLV131" duration="00:00:00.0308757" startTime="2014-07-11T19:40:12.9827601+02:00" endTime="2014-07-11T19:40:13.2887776+02:00" testType="13cdc9d9-ddb5-4fa4-a97d-d965ccfc6d4b" outcome="Passed" testListId="8c84fa94-04c1-424b-9868-57a2d4851a1d" relativeResultsDirectory="999f768c-07e6-4305-a5d9-50f17e11902a">
    </UnitTestResult>
  </Results>
</TestRun>