<?xml version="1.0" encoding="UTF-8"?>
<TestRun id="8bcf6db5-865b-4f3a-b568-e54458160d9a" name="Ewa@EWA-DELLV131 2014-07-02 20:29:08" runUser="Ewa-DellV131\Ewa" xmlns="http://microsoft.com/schemas/VisualStudio/TeamTest/2010">
  <TestSettings name="Local" id="c4f4939b-3f88-4cfc-b325-a068545cd073">
    <Description>These are default test settings for a local test run.</Description>
    <Deployment enabled="false" runDeploymentRoot="Ewa_EWA-DELLV131 2014-07-02 20_29_08">
      <DeploymentItem filename="C:\GitHub\elastic_collision\elastic-collision\collision\CollisionLibrary\bin\x86\Debug\CollisionLibrary.dll" />
    </Deployment>
    <Execution>
      <TestTypeSpecific />
      <AgentRule name="Execution Agents">
      </AgentRule>
    </Execution>
  </TestSettings>
  <Times creation="2014-07-02T20:29:08.7418456+02:00" queuing="2014-07-02T20:29:09.7609039+02:00" start="2014-07-02T20:29:09.7719045+02:00" finish="2014-07-02T20:29:10.0249190+02:00" />
  <ResultSummary outcome="Failed">
    <Counters total="1" executed="1" error="0" failed="1" timeout="0" aborted="0" inconclusive="0" passedButRunAborted="0" notRunnable="0" notExecuted="0" disconnected="0" warning="0" passed="0" completed="0" inProgress="0" pending="0" />
  </ResultSummary>
  <TestDefinitions>
    <UnitTest name="CalcPostImpactVBallBallTest" storage="c:\github\elastic_collision\elastic-collision\collision\collisionlibrarytestproject\bin\debug\collisionlibrarytestproject.dll" id="027a4800-8390-355f-bb69-f94026fedaec">
      <Execution id="0d107b9b-5a8b-4a2d-9d05-717439ea4f69" />
      <TestMethod codeBase="C:/GitHub/elastic_collision/elastic-collision/collision/CollisionLibraryTestProject/bin/Debug/CollisionLibraryTestProject.DLL" adapterTypeName="Microsoft.VisualStudio.TestTools.TestTypes.Unit.UnitTestAdapter, Microsoft.VisualStudio.QualityTools.Tips.UnitTest.Adapter, Version=10.0.0.0, Culture=neutral, PublicKeyToken=b03f5f7f11d50a3a" className="CollisionLibraryTestProject.CollisionTest, CollisionLibraryTestProject, Version=1.0.0.0, Culture=neutral, PublicKeyToken=null" name="CalcPostImpactVBallBallTest" />
    </UnitTest>
  </TestDefinitions>
  <TestLists>
    <TestList name="Results Not in a List" id="8c84fa94-04c1-424b-9868-57a2d4851a1d" />
    <TestList name="All Loaded Results" id="19431567-8539-422a-85d7-44ee4e166bda" />
  </TestLists>
  <TestEntries>
    <TestEntry testId="027a4800-8390-355f-bb69-f94026fedaec" executionId="0d107b9b-5a8b-4a2d-9d05-717439ea4f69" testListId="8c84fa94-04c1-424b-9868-57a2d4851a1d" />
  </TestEntries>
  <Results>
    <UnitTestResult executionId="0d107b9b-5a8b-4a2d-9d05-717439ea4f69" testId="027a4800-8390-355f-bb69-f94026fedaec" testName="CalcPostImpactVBallBallTest" computerName="EWA-DELLV131" duration="00:00:00.0355422" startTime="2014-07-02T20:29:09.7739046+02:00" endTime="2014-07-02T20:29:09.9949173+02:00" testType="13cdc9d9-ddb5-4fa4-a97d-d965ccfc6d4b" outcome="Failed" testListId="8c84fa94-04c1-424b-9868-57a2d4851a1d" relativeResultsDirectory="0d107b9b-5a8b-4a2d-9d05-717439ea4f69">
      <Output>
        <ErrorInfo>
          <Message>Assert.AreEqual failed. Expected:&lt;V: (-1,5, 0), coord: (1,5, 0), mass: 0,01, radius: 0,01&gt;. Actual:&lt;V: (2, 0), coord: (1,5, 0), mass: 0,01, radius: 0,01&gt;. </Message>
          <StackTrace>   at CollisionLibraryTestProject.CollisionTest.CalcPostImpactVBallBallTest() in C:\GitHub\elastic_collision\elastic-collision\collision\CollisionLibraryTestProject\CollisionTest.cs:line 296
</StackTrace>
        </ErrorInfo>
      </Output>
    </UnitTestResult>
  </Results>
</TestRun>