<?xml version="1.0" encoding="UTF-8"?>
<TestRun id="84f8ff59-2b29-4680-8dc4-da57b72b3105" name="Ewa@EWA-DELLV131 2014-07-06 17:46:15" runUser="Ewa-DellV131\Ewa" xmlns="http://microsoft.com/schemas/VisualStudio/TeamTest/2010">
  <TestSettings name="Local" id="c4f4939b-3f88-4cfc-b325-a068545cd073">
    <Description>These are default test settings for a local test run.</Description>
    <Deployment enabled="false" runDeploymentRoot="Ewa_EWA-DELLV131 2014-07-06 17_46_15">
      <DeploymentItem filename="C:\GitHub\elastic_collision\elastic-collision\collision\CollisionLibrary\bin\x86\Debug\CollisionLibrary.dll" />
    </Deployment>
    <Execution>
      <TestTypeSpecific />
      <AgentRule name="Execution Agents">
      </AgentRule>
    </Execution>
  </TestSettings>
  <Times creation="2014-07-06T17:46:15.5376832+02:00" queuing="2014-07-06T17:46:17.2677821+02:00" start="2014-07-06T17:46:17.3047842+02:00" finish="2014-07-06T17:46:17.6408034+02:00" />
  <ResultSummary outcome="Completed">
    <Counters total="10" executed="10" passed="10" error="0" failed="0" timeout="0" aborted="0" inconclusive="0" passedButRunAborted="0" notRunnable="0" notExecuted="0" disconnected="0" warning="0" completed="0" inProgress="0" pending="0" />
  </ResultSummary>
  <TestDefinitions>
    <UnitTest name="VTest" storage="c:\github\elastic_collision\elastic-collision\collision\collisionlibrarytestproject\bin\debug\collisionlibrarytestproject.dll" id="30e7782c-8729-7239-4543-6500720aba5e">
      <Execution id="778f9240-3a04-4214-a19f-de69d1036085" />
      <TestMethod codeBase="C:/GitHub/elastic_collision/elastic-collision/collision/CollisionLibraryTestProject/bin/Debug/CollisionLibraryTestProject.DLL" adapterTypeName="Microsoft.VisualStudio.TestTools.TestTypes.Unit.UnitTestAdapter, Microsoft.VisualStudio.QualityTools.Tips.UnitTest.Adapter, Version=10.0.0.0, Culture=neutral, PublicKeyToken=b03f5f7f11d50a3a" className="CollisionLibraryTestProject.Ball2Test, CollisionLibraryTestProject, Version=1.0.0.0, Culture=neutral, PublicKeyToken=null" name="VTest" />
    </UnitTest>
    <UnitTest name="InstancesTestBallAndWall" storage="c:\github\elastic_collision\elastic-collision\collision\collisionlibrarytestproject\bin\debug\collisionlibrarytestproject.dll" id="7d761d72-251c-20d5-aab6-9dcc35eeaf1c">
      <Execution id="e46fed80-ce03-428f-9e41-d5d72342ab77" />
      <TestMethod codeBase="C:/GitHub/elastic_collision/elastic-collision/collision/CollisionLibraryTestProject/bin/Debug/CollisionLibraryTestProject.DLL" adapterTypeName="Microsoft.VisualStudio.TestTools.TestTypes.Unit.UnitTestAdapter, Microsoft.VisualStudio.QualityTools.Tips.UnitTest.Adapter, Version=10.0.0.0, Culture=neutral, PublicKeyToken=b03f5f7f11d50a3a" className="CollisionLibraryTestProject.Ball2Test, CollisionLibraryTestProject, Version=1.0.0.0, Culture=neutral, PublicKeyToken=null" name="InstancesTestBallAndWall" />
    </UnitTest>
    <UnitTest name="Ball2ConstructorTestDefault" storage="c:\github\elastic_collision\elastic-collision\collision\collisionlibrarytestproject\bin\debug\collisionlibrarytestproject.dll" id="01dbbfbe-7c0f-f7a5-974d-f83eb21e709f">
      <Execution id="87cd64f7-b9e7-4af5-b16a-e05a6efb974c" />
      <TestMethod codeBase="C:/GitHub/elastic_collision/elastic-collision/collision/CollisionLibraryTestProject/bin/Debug/CollisionLibraryTestProject.DLL" adapterTypeName="Microsoft.VisualStudio.TestTools.TestTypes.Unit.UnitTestAdapter, Microsoft.VisualStudio.QualityTools.Tips.UnitTest.Adapter, Version=10.0.0.0, Culture=neutral, PublicKeyToken=b03f5f7f11d50a3a" className="CollisionLibraryTestProject.Ball2Test, CollisionLibraryTestProject, Version=1.0.0.0, Culture=neutral, PublicKeyToken=null" name="Ball2ConstructorTestDefault" />
    </UnitTest>
    <UnitTest name="CoordinatesTest" storage="c:\github\elastic_collision\elastic-collision\collision\collisionlibrarytestproject\bin\debug\collisionlibrarytestproject.dll" id="c1863ef5-7966-c091-6434-a5be8c7371cc">
      <Execution id="54f943db-356f-4783-8390-fae9328a0bda" />
      <TestMethod codeBase="C:/GitHub/elastic_collision/elastic-collision/collision/CollisionLibraryTestProject/bin/Debug/CollisionLibraryTestProject.DLL" adapterTypeName="Microsoft.VisualStudio.TestTools.TestTypes.Unit.UnitTestAdapter, Microsoft.VisualStudio.QualityTools.Tips.UnitTest.Adapter, Version=10.0.0.0, Culture=neutral, PublicKeyToken=b03f5f7f11d50a3a" className="CollisionLibraryTestProject.Ball2Test, CollisionLibraryTestProject, Version=1.0.0.0, Culture=neutral, PublicKeyToken=null" name="CoordinatesTest" />
    </UnitTest>
    <UnitTest name="InstancesTestTwoBalls" storage="c:\github\elastic_collision\elastic-collision\collision\collisionlibrarytestproject\bin\debug\collisionlibrarytestproject.dll" id="a0e243aa-6d6f-0caa-119c-cc5cf78a3b81">
      <Execution id="b76ecc09-a25d-49a3-9fab-dcfbb09341d4" />
      <TestMethod codeBase="C:/GitHub/elastic_collision/elastic-collision/collision/CollisionLibraryTestProject/bin/Debug/CollisionLibraryTestProject.DLL" adapterTypeName="Microsoft.VisualStudio.TestTools.TestTypes.Unit.UnitTestAdapter, Microsoft.VisualStudio.QualityTools.Tips.UnitTest.Adapter, Version=10.0.0.0, Culture=neutral, PublicKeyToken=b03f5f7f11d50a3a" className="CollisionLibraryTestProject.Ball2Test, CollisionLibraryTestProject, Version=1.0.0.0, Culture=neutral, PublicKeyToken=null" name="InstancesTestTwoBalls" />
    </UnitTest>
    <UnitTest name="RTest" storage="c:\github\elastic_collision\elastic-collision\collision\collisionlibrarytestproject\bin\debug\collisionlibrarytestproject.dll" id="bbe8b09c-135d-d595-ee98-0f76cfe71c8b">
      <Execution id="20d7ac2a-02d4-4ef2-a6ac-aec935e4bbe2" />
      <TestMethod codeBase="C:/GitHub/elastic_collision/elastic-collision/collision/CollisionLibraryTestProject/bin/Debug/CollisionLibraryTestProject.DLL" adapterTypeName="Microsoft.VisualStudio.TestTools.TestTypes.Unit.UnitTestAdapter, Microsoft.VisualStudio.QualityTools.Tips.UnitTest.Adapter, Version=10.0.0.0, Culture=neutral, PublicKeyToken=b03f5f7f11d50a3a" className="CollisionLibraryTestProject.Ball2Test, CollisionLibraryTestProject, Version=1.0.0.0, Culture=neutral, PublicKeyToken=null" name="RTest" />
    </UnitTest>
    <UnitTest name="Ball2ConstructorTest2" storage="c:\github\elastic_collision\elastic-collision\collision\collisionlibrarytestproject\bin\debug\collisionlibrarytestproject.dll" id="dd22bf8f-6c73-d575-32f8-6d9ecb277f31">
      <Execution id="69928037-04cf-4d79-af3b-015d9fa07809" />
      <TestMethod codeBase="C:/GitHub/elastic_collision/elastic-collision/collision/CollisionLibraryTestProject/bin/Debug/CollisionLibraryTestProject.DLL" adapterTypeName="Microsoft.VisualStudio.TestTools.TestTypes.Unit.UnitTestAdapter, Microsoft.VisualStudio.QualityTools.Tips.UnitTest.Adapter, Version=10.0.0.0, Culture=neutral, PublicKeyToken=b03f5f7f11d50a3a" className="CollisionLibraryTestProject.Ball2Test, CollisionLibraryTestProject, Version=1.0.0.0, Culture=neutral, PublicKeyToken=null" name="Ball2ConstructorTest2" />
    </UnitTest>
    <UnitTest name="InstancesTestBallWallBall" storage="c:\github\elastic_collision\elastic-collision\collision\collisionlibrarytestproject\bin\debug\collisionlibrarytestproject.dll" id="032206b2-427b-faa8-3e97-a121db3e0a31">
      <Execution id="ad2c9753-03b0-4227-8b8a-79f26ca5ea83" />
      <TestMethod codeBase="C:/GitHub/elastic_collision/elastic-collision/collision/CollisionLibraryTestProject/bin/Debug/CollisionLibraryTestProject.DLL" adapterTypeName="Microsoft.VisualStudio.TestTools.TestTypes.Unit.UnitTestAdapter, Microsoft.VisualStudio.QualityTools.Tips.UnitTest.Adapter, Version=10.0.0.0, Culture=neutral, PublicKeyToken=b03f5f7f11d50a3a" className="CollisionLibraryTestProject.Ball2Test, CollisionLibraryTestProject, Version=1.0.0.0, Culture=neutral, PublicKeyToken=null" name="InstancesTestBallWallBall" />
    </UnitTest>
    <UnitTest name="Ball2ConstructorTestStationaryWithCoord" storage="c:\github\elastic_collision\elastic-collision\collision\collisionlibrarytestproject\bin\debug\collisionlibrarytestproject.dll" id="58ee5bcc-8c6f-c602-a62f-ce50ed8cb54d">
      <Execution id="2c0c0ac2-4984-4ae3-a7d7-6bfeb3de0b71" />
      <TestMethod codeBase="C:/GitHub/elastic_collision/elastic-collision/collision/CollisionLibraryTestProject/bin/Debug/CollisionLibraryTestProject.DLL" adapterTypeName="Microsoft.VisualStudio.TestTools.TestTypes.Unit.UnitTestAdapter, Microsoft.VisualStudio.QualityTools.Tips.UnitTest.Adapter, Version=10.0.0.0, Culture=neutral, PublicKeyToken=b03f5f7f11d50a3a" className="CollisionLibraryTestProject.Ball2Test, CollisionLibraryTestProject, Version=1.0.0.0, Culture=neutral, PublicKeyToken=null" name="Ball2ConstructorTestStationaryWithCoord" />
    </UnitTest>
    <UnitTest name="MTest" storage="c:\github\elastic_collision\elastic-collision\collision\collisionlibrarytestproject\bin\debug\collisionlibrarytestproject.dll" id="c4c0d519-5736-4288-25ad-cc60957d2be9">
      <Execution id="165389e0-d4f9-4dea-a858-21bc0a2c4eec" />
      <TestMethod codeBase="C:/GitHub/elastic_collision/elastic-collision/collision/CollisionLibraryTestProject/bin/Debug/CollisionLibraryTestProject.DLL" adapterTypeName="Microsoft.VisualStudio.TestTools.TestTypes.Unit.UnitTestAdapter, Microsoft.VisualStudio.QualityTools.Tips.UnitTest.Adapter, Version=10.0.0.0, Culture=neutral, PublicKeyToken=b03f5f7f11d50a3a" className="CollisionLibraryTestProject.Ball2Test, CollisionLibraryTestProject, Version=1.0.0.0, Culture=neutral, PublicKeyToken=null" name="MTest" />
    </UnitTest>
  </TestDefinitions>
  <TestLists>
    <TestList name="Results Not in a List" id="8c84fa94-04c1-424b-9868-57a2d4851a1d" />
    <TestList name="All Loaded Results" id="19431567-8539-422a-85d7-44ee4e166bda" />
  </TestLists>
  <TestEntries>
    <TestEntry testId="01dbbfbe-7c0f-f7a5-974d-f83eb21e709f" executionId="87cd64f7-b9e7-4af5-b16a-e05a6efb974c" testListId="8c84fa94-04c1-424b-9868-57a2d4851a1d" />
    <TestEntry testId="032206b2-427b-faa8-3e97-a121db3e0a31" executionId="ad2c9753-03b0-4227-8b8a-79f26ca5ea83" testListId="8c84fa94-04c1-424b-9868-57a2d4851a1d" />
    <TestEntry testId="30e7782c-8729-7239-4543-6500720aba5e" executionId="778f9240-3a04-4214-a19f-de69d1036085" testListId="8c84fa94-04c1-424b-9868-57a2d4851a1d" />
    <TestEntry testId="58ee5bcc-8c6f-c602-a62f-ce50ed8cb54d" executionId="2c0c0ac2-4984-4ae3-a7d7-6bfeb3de0b71" testListId="8c84fa94-04c1-424b-9868-57a2d4851a1d" />
    <TestEntry testId="7d761d72-251c-20d5-aab6-9dcc35eeaf1c" executionId="e46fed80-ce03-428f-9e41-d5d72342ab77" testListId="8c84fa94-04c1-424b-9868-57a2d4851a1d" />
    <TestEntry testId="a0e243aa-6d6f-0caa-119c-cc5cf78a3b81" executionId="b76ecc09-a25d-49a3-9fab-dcfbb09341d4" testListId="8c84fa94-04c1-424b-9868-57a2d4851a1d" />
    <TestEntry testId="bbe8b09c-135d-d595-ee98-0f76cfe71c8b" executionId="20d7ac2a-02d4-4ef2-a6ac-aec935e4bbe2" testListId="8c84fa94-04c1-424b-9868-57a2d4851a1d" />
    <TestEntry testId="c1863ef5-7966-c091-6434-a5be8c7371cc" executionId="54f943db-356f-4783-8390-fae9328a0bda" testListId="8c84fa94-04c1-424b-9868-57a2d4851a1d" />
    <TestEntry testId="c4c0d519-5736-4288-25ad-cc60957d2be9" executionId="165389e0-d4f9-4dea-a858-21bc0a2c4eec" testListId="8c84fa94-04c1-424b-9868-57a2d4851a1d" />
    <TestEntry testId="dd22bf8f-6c73-d575-32f8-6d9ecb277f31" executionId="69928037-04cf-4d79-af3b-015d9fa07809" testListId="8c84fa94-04c1-424b-9868-57a2d4851a1d" />
  </TestEntries>
  <Results>
    <UnitTestResult executionId="87cd64f7-b9e7-4af5-b16a-e05a6efb974c" testId="01dbbfbe-7c0f-f7a5-974d-f83eb21e709f" testName="Ball2ConstructorTestDefault" computerName="EWA-DELLV131" duration="00:00:00.0437132" startTime="2014-07-06T17:46:17.3217852+02:00" endTime="2014-07-06T17:46:17.5838002+02:00" testType="13cdc9d9-ddb5-4fa4-a97d-d965ccfc6d4b" outcome="Passed" testListId="8c84fa94-04c1-424b-9868-57a2d4851a1d" relativeResultsDirectory="87cd64f7-b9e7-4af5-b16a-e05a6efb974c">
    </UnitTestResult>
    <UnitTestResult executionId="ad2c9753-03b0-4227-8b8a-79f26ca5ea83" testId="032206b2-427b-faa8-3e97-a121db3e0a31" testName="InstancesTestBallWallBall" computerName="EWA-DELLV131" duration="00:00:00.0017990" startTime="2014-07-06T17:46:17.5848002+02:00" endTime="2014-07-06T17:46:17.5878004+02:00" testType="13cdc9d9-ddb5-4fa4-a97d-d965ccfc6d4b" outcome="Passed" testListId="8c84fa94-04c1-424b-9868-57a2d4851a1d" relativeResultsDirectory="ad2c9753-03b0-4227-8b8a-79f26ca5ea83">
    </UnitTestResult>
    <UnitTestResult executionId="778f9240-3a04-4214-a19f-de69d1036085" testId="30e7782c-8729-7239-4543-6500720aba5e" testName="VTest" computerName="EWA-DELLV131" duration="00:00:00.0011456" startTime="2014-07-06T17:46:17.5898005+02:00" endTime="2014-07-06T17:46:17.5928007+02:00" testType="13cdc9d9-ddb5-4fa4-a97d-d965ccfc6d4b" outcome="Passed" testListId="8c84fa94-04c1-424b-9868-57a2d4851a1d" relativeResultsDirectory="778f9240-3a04-4214-a19f-de69d1036085">
    </UnitTestResult>
    <UnitTestResult executionId="2c0c0ac2-4984-4ae3-a7d7-6bfeb3de0b71" testId="58ee5bcc-8c6f-c602-a62f-ce50ed8cb54d" testName="Ball2ConstructorTestStationaryWithCoord" computerName="EWA-DELLV131" duration="00:00:00.0003241" startTime="2014-07-06T17:46:17.5938008+02:00" endTime="2014-07-06T17:46:17.5968009+02:00" testType="13cdc9d9-ddb5-4fa4-a97d-d965ccfc6d4b" outcome="Passed" testListId="8c84fa94-04c1-424b-9868-57a2d4851a1d" relativeResultsDirectory="2c0c0ac2-4984-4ae3-a7d7-6bfeb3de0b71">
    </UnitTestResult>
    <UnitTestResult executionId="e46fed80-ce03-428f-9e41-d5d72342ab77" testId="7d761d72-251c-20d5-aab6-9dcc35eeaf1c" testName="InstancesTestBallAndWall" computerName="EWA-DELLV131" duration="00:00:00.0002253" startTime="2014-07-06T17:46:17.5978010+02:00" endTime="2014-07-06T17:46:17.6008012+02:00" testType="13cdc9d9-ddb5-4fa4-a97d-d965ccfc6d4b" outcome="Passed" testListId="8c84fa94-04c1-424b-9868-57a2d4851a1d" relativeResultsDirectory="e46fed80-ce03-428f-9e41-d5d72342ab77">
    </UnitTestResult>
    <UnitTestResult executionId="b76ecc09-a25d-49a3-9fab-dcfbb09341d4" testId="a0e243aa-6d6f-0caa-119c-cc5cf78a3b81" testName="InstancesTestTwoBalls" computerName="EWA-DELLV131" duration="00:00:00.0001971" startTime="2014-07-06T17:46:17.6018012+02:00" endTime="2014-07-06T17:46:17.6038013+02:00" testType="13cdc9d9-ddb5-4fa4-a97d-d965ccfc6d4b" outcome="Passed" testListId="8c84fa94-04c1-424b-9868-57a2d4851a1d" relativeResultsDirectory="b76ecc09-a25d-49a3-9fab-dcfbb09341d4">
    </UnitTestResult>
    <UnitTestResult executionId="20d7ac2a-02d4-4ef2-a6ac-aec935e4bbe2" testId="bbe8b09c-135d-d595-ee98-0f76cfe71c8b" testName="RTest" computerName="EWA-DELLV131" duration="00:00:00.0008223" startTime="2014-07-06T17:46:17.6048014+02:00" endTime="2014-07-06T17:46:17.6078016+02:00" testType="13cdc9d9-ddb5-4fa4-a97d-d965ccfc6d4b" outcome="Passed" testListId="8c84fa94-04c1-424b-9868-57a2d4851a1d" relativeResultsDirectory="20d7ac2a-02d4-4ef2-a6ac-aec935e4bbe2">
    </UnitTestResult>
    <UnitTestResult executionId="54f943db-356f-4783-8390-fae9328a0bda" testId="c1863ef5-7966-c091-6434-a5be8c7371cc" testName="CoordinatesTest" computerName="EWA-DELLV131" duration="00:00:00.0002617" startTime="2014-07-06T17:46:17.6088016+02:00" endTime="2014-07-06T17:46:17.6118018+02:00" testType="13cdc9d9-ddb5-4fa4-a97d-d965ccfc6d4b" outcome="Passed" testListId="8c84fa94-04c1-424b-9868-57a2d4851a1d" relativeResultsDirectory="54f943db-356f-4783-8390-fae9328a0bda">
    </UnitTestResult>
    <UnitTestResult executionId="165389e0-d4f9-4dea-a858-21bc0a2c4eec" testId="c4c0d519-5736-4288-25ad-cc60957d2be9" testName="MTest" computerName="EWA-DELLV131" duration="00:00:00.0002223" startTime="2014-07-06T17:46:17.6128018+02:00" endTime="2014-07-06T17:46:17.6158020+02:00" testType="13cdc9d9-ddb5-4fa4-a97d-d965ccfc6d4b" outcome="Passed" testListId="8c84fa94-04c1-424b-9868-57a2d4851a1d" relativeResultsDirectory="165389e0-d4f9-4dea-a858-21bc0a2c4eec">
    </UnitTestResult>
    <UnitTestResult executionId="69928037-04cf-4d79-af3b-015d9fa07809" testId="dd22bf8f-6c73-d575-32f8-6d9ecb277f31" testName="Ball2ConstructorTest2" computerName="EWA-DELLV131" duration="00:00:00.0002758" startTime="2014-07-06T17:46:17.6168021+02:00" endTime="2014-07-06T17:46:17.6188022+02:00" testType="13cdc9d9-ddb5-4fa4-a97d-d965ccfc6d4b" outcome="Passed" testListId="8c84fa94-04c1-424b-9868-57a2d4851a1d" relativeResultsDirectory="69928037-04cf-4d79-af3b-015d9fa07809">
    </UnitTestResult>
  </Results>
</TestRun>