<?xml version="1.0" encoding="UTF-8"?>
<TestRun id="af9fb0f0-7c1b-46a6-8523-1832f1ee9ef1" name="Ewa@EWA-DELLV131 2014-07-02 20:43:08" runUser="Ewa-DellV131\Ewa" xmlns="http://microsoft.com/schemas/VisualStudio/TeamTest/2010">
  <TestSettings name="Local" id="c4f4939b-3f88-4cfc-b325-a068545cd073">
    <Description>These are default test settings for a local test run.</Description>
    <Deployment userDeploymentRoot="C:\GitHub\elastic_collision\elastic-collision\collision\TestResults" useDefaultDeploymentRoot="false" enabled="false" runDeploymentRoot="Ewa_EWA-DELLV131 2014-07-02 20_43_08">
      <DeploymentItem filename="C:\GitHub\elastic_collision\elastic-collision\collision\CollisionLibrary\bin\x86\Debug\CollisionLibrary.dll" />
    </Deployment>
    <Execution>
      <TestTypeSpecific />
      <AgentRule name="Execution Agents">
      </AgentRule>
    </Execution>
  </TestSettings>
  <Times creation="2014-07-02T20:43:08.9609034+02:00" queuing="2014-07-02T20:43:11.2300332+02:00" start="2014-07-02T20:43:11.3180382+02:00" finish="2014-07-02T20:47:48.9539181+02:00" />
  <ResultSummary outcome="Error">
    <Counters total="1" executed="1" error="0" failed="0" timeout="0" aborted="1" inconclusive="0" passedButRunAborted="0" notRunnable="0" notExecuted="0" disconnected="0" warning="0" passed="0" completed="0" inProgress="0" pending="0" />
    <RunInfos>
      <RunInfo computerName="EWA-DELLV131" outcome="Error" timestamp="2014-07-02T20:47:48.9529180+02:00">
        <Text>Test host process exited unexpectedly.</Text>
      </RunInfo>
    </RunInfos>
  </ResultSummary>
  <TestDefinitions>
    <UnitTest name="CalcPostImpactVBallBallTest" storage="c:\github\elastic_collision\elastic-collision\collision\collisionlibrarytestproject\bin\debug\collisionlibrarytestproject.dll" id="027a4800-8390-355f-bb69-f94026fedaec">
      <Execution id="9e0923f9-410c-4268-a7fa-9a6777bcf393" />
      <TestMethod codeBase="C:/GitHub/elastic_collision/elastic-collision/collision/CollisionLibraryTestProject/bin/Debug/CollisionLibraryTestProject.DLL" adapterTypeName="Microsoft.VisualStudio.TestTools.TestTypes.Unit.UnitTestAdapter, Microsoft.VisualStudio.QualityTools.Tips.UnitTest.Adapter, Version=10.0.0.0, Culture=neutral, PublicKeyToken=b03f5f7f11d50a3a" className="CollisionLibraryTestProject.CollisionTest, CollisionLibraryTestProject, Version=1.0.0.0, Culture=neutral, PublicKeyToken=null" name="CalcPostImpactVBallBallTest" />
    </UnitTest>
  </TestDefinitions>
  <TestLists>
    <TestList name="Results Not in a List" id="8c84fa94-04c1-424b-9868-57a2d4851a1d" />
    <TestList name="All Loaded Results" id="19431567-8539-422a-85d7-44ee4e166bda" />
  </TestLists>
  <TestEntries>
    <TestEntry testId="027a4800-8390-355f-bb69-f94026fedaec" executionId="9e0923f9-410c-4268-a7fa-9a6777bcf393" testListId="8c84fa94-04c1-424b-9868-57a2d4851a1d" />
  </TestEntries>
  <Results>
    <UnitTestResult executionId="9e0923f9-410c-4268-a7fa-9a6777bcf393" testId="027a4800-8390-355f-bb69-f94026fedaec" testName="CalcPostImpactVBallBallTest" computerName="EWA-DELLV131" duration="00:04:37.5578754" startTime="2014-07-02T20:43:11.3960427+02:00" endTime="2014-07-02T20:47:48.9539181+02:00" testType="13cdc9d9-ddb5-4fa4-a97d-d965ccfc6d4b" outcome="Aborted" testListId="8c84fa94-04c1-424b-9868-57a2d4851a1d" relativeResultsDirectory="9e0923f9-410c-4268-a7fa-9a6777bcf393">
    </UnitTestResult>
  </Results>
</TestRun>