<?xml version="1.0" encoding="UTF-8"?>
<TestRun id="29f6ca46-5d1d-4519-acaf-4133bd6eeef9" name="Ewa@EWA-DELLV131 2014-07-06 14:54:23" runUser="Ewa-DellV131\Ewa" xmlns="http://microsoft.com/schemas/VisualStudio/TeamTest/2010">
  <TestSettings name="Local" id="c4f4939b-3f88-4cfc-b325-a068545cd073">
    <Description>These are default test settings for a local test run.</Description>
    <Deployment enabled="false" runDeploymentRoot="Ewa_EWA-DELLV131 2014-07-06 14_54_23">
      <DeploymentItem filename="C:\GitHub\elastic_collision\elastic-collision\collision\CollisionLibrary\bin\x86\Debug\CollisionLibrary.dll" />
    </Deployment>
    <Execution>
      <TestTypeSpecific />
      <AgentRule name="Execution Agents">
      </AgentRule>
    </Execution>
  </TestSettings>
  <Times creation="2014-07-06T14:54:23.9288209+02:00" queuing="2014-07-06T14:54:25.4539081+02:00" start="2014-07-06T14:54:25.5159117+02:00" finish="2014-07-06T14:54:25.7999279+02:00" />
  <ResultSummary outcome="Completed">
    <Counters total="1" executed="1" passed="1" error="0" failed="0" timeout="0" aborted="0" inconclusive="0" passedButRunAborted="0" notRunnable="0" notExecuted="0" disconnected="0" warning="0" completed="0" inProgress="0" pending="0" />
  </ResultSummary>
  <TestDefinitions>
    <UnitTest name="MoveBallsToCollisionTimeTestCheckIfNextCollisionsIsUpdated" storage="c:\github\elastic_collision\elastic-collision\collision\collisionlibrarytestproject\bin\debug\collisionlibrarytestproject.dll" id="33a9f688-be7f-bd2e-92c2-3b4e82ae67f6">
      <Execution id="6b86145e-67ce-400c-bbd2-c18ce90b5d70" />
      <TestMethod codeBase="C:/GitHub/elastic_collision/elastic-collision/collision/CollisionLibraryTestProject/bin/Debug/CollisionLibraryTestProject.DLL" adapterTypeName="Microsoft.VisualStudio.TestTools.TestTypes.Unit.UnitTestAdapter, Microsoft.VisualStudio.QualityTools.Tips.UnitTest.Adapter, Version=10.0.0.0, Culture=neutral, PublicKeyToken=b03f5f7f11d50a3a" className="CollisionLibraryTestProject.CollisionTest, CollisionLibraryTestProject, Version=1.0.0.0, Culture=neutral, PublicKeyToken=null" name="MoveBallsToCollisionTimeTestCheckIfNextCollisionsIsUpdated" />
    </UnitTest>
  </TestDefinitions>
  <TestLists>
    <TestList name="Results Not in a List" id="8c84fa94-04c1-424b-9868-57a2d4851a1d" />
    <TestList name="All Loaded Results" id="19431567-8539-422a-85d7-44ee4e166bda" />
  </TestLists>
  <TestEntries>
    <TestEntry testId="33a9f688-be7f-bd2e-92c2-3b4e82ae67f6" executionId="6b86145e-67ce-400c-bbd2-c18ce90b5d70" testListId="8c84fa94-04c1-424b-9868-57a2d4851a1d" />
  </TestEntries>
  <Results>
    <UnitTestResult executionId="6b86145e-67ce-400c-bbd2-c18ce90b5d70" testId="33a9f688-be7f-bd2e-92c2-3b4e82ae67f6" testName="MoveBallsToCollisionTimeTestCheckIfNextCollisionsIsUpdated" computerName="EWA-DELLV131" duration="00:00:00.0450996" startTime="2014-07-06T14:54:25.5239121+02:00" endTime="2014-07-06T14:54:25.7789267+02:00" testType="13cdc9d9-ddb5-4fa4-a97d-d965ccfc6d4b" outcome="Passed" testListId="8c84fa94-04c1-424b-9868-57a2d4851a1d" relativeResultsDirectory="6b86145e-67ce-400c-bbd2-c18ce90b5d70">
    </UnitTestResult>
  </Results>
</TestRun>