<?xml version="1.0" encoding="UTF-8"?>
<TestRun id="627e27c6-88eb-403e-b2b4-4148693c7a50" name="Ewa@EWA-DELLV131 2014-06-30 20:51:39" runUser="Ewa-DellV131\Ewa" xmlns="http://microsoft.com/schemas/VisualStudio/TeamTest/2010">
  <TestSettings name="Local" id="c4f4939b-3f88-4cfc-b325-a068545cd073">
    <Description>These are default test settings for a local test run.</Description>
    <Deployment enabled="false" runDeploymentRoot="Ewa_EWA-DELLV131 2014-06-30 20_51_39">
      <DeploymentItem filename="C:\GitHub\elastic_collision\elastic-collision\collision\CollisionLibrary\bin\x86\Debug\CollisionLibrary.dll" />
    </Deployment>
    <Execution>
      <TestTypeSpecific />
      <AgentRule name="Execution Agents">
      </AgentRule>
    </Execution>
  </TestSettings>
  <Times creation="2014-06-30T20:51:39.8156875+02:00" queuing="2014-06-30T20:51:41.1237623+02:00" start="2014-06-30T20:51:41.1527640+02:00" finish="2014-06-30T20:51:41.5207851+02:00" />
  <ResultSummary outcome="Failed">
    <Counters total="1" executed="1" error="0" failed="1" timeout="0" aborted="0" inconclusive="0" passedButRunAborted="0" notRunnable="0" notExecuted="0" disconnected="0" warning="0" passed="0" completed="0" inProgress="0" pending="0" />
    <RunInfos>
      <RunInfo computerName="EWA-DELLV131" outcome="Warning" timestamp="2014-06-30T20:51:41.1237623+02:00">
        <Text>Deployment is currently disabled. The deployment item 'CollisionLibrary.dll' on test 'CollisionLibraryTestProject.CollisionTest.GetBallWallCollisionTimeTest' was not deployed.</Text>
      </RunInfo>
    </RunInfos>
  </ResultSummary>
  <TestDefinitions>
    <UnitTest name="GetBallWallCollisionTimeTest" storage="c:\github\elastic_collision\elastic-collision\collision\collisionlibrarytestproject\bin\debug\collisionlibrarytestproject.dll" id="d4abd4d2-24e3-a702-f10a-f811e3b7840f">
      <DeploymentItems>
        <DeploymentItem filename="CollisionLibrary.dll" />
      </DeploymentItems>
      <Execution id="ec687949-a4a6-4891-ad84-5964a4fa4f1a" />
      <TestMethod codeBase="C:/GitHub/elastic_collision/elastic-collision/collision/CollisionLibraryTestProject/bin/Debug/CollisionLibraryTestProject.DLL" adapterTypeName="Microsoft.VisualStudio.TestTools.TestTypes.Unit.UnitTestAdapter, Microsoft.VisualStudio.QualityTools.Tips.UnitTest.Adapter, Version=10.0.0.0, Culture=neutral, PublicKeyToken=b03f5f7f11d50a3a" className="CollisionLibraryTestProject.CollisionTest, CollisionLibraryTestProject, Version=1.0.0.0, Culture=neutral, PublicKeyToken=null" name="GetBallWallCollisionTimeTest" />
    </UnitTest>
  </TestDefinitions>
  <TestLists>
    <TestList name="Results Not in a List" id="8c84fa94-04c1-424b-9868-57a2d4851a1d" />
    <TestList name="All Loaded Results" id="19431567-8539-422a-85d7-44ee4e166bda" />
  </TestLists>
  <TestEntries>
    <TestEntry testId="d4abd4d2-24e3-a702-f10a-f811e3b7840f" executionId="ec687949-a4a6-4891-ad84-5964a4fa4f1a" testListId="8c84fa94-04c1-424b-9868-57a2d4851a1d" />
  </TestEntries>
  <Results>
    <UnitTestResult executionId="ec687949-a4a6-4891-ad84-5964a4fa4f1a" testId="d4abd4d2-24e3-a702-f10a-f811e3b7840f" testName="GetBallWallCollisionTimeTest" computerName="EWA-DELLV131" duration="00:00:00.0641049" startTime="2014-06-30T20:51:41.1547641+02:00" endTime="2014-06-30T20:51:41.5047841+02:00" testType="13cdc9d9-ddb5-4fa4-a97d-d965ccfc6d4b" outcome="Failed" testListId="8c84fa94-04c1-424b-9868-57a2d4851a1d" relativeResultsDirectory="ec687949-a4a6-4891-ad84-5964a4fa4f1a">
      <Output>
        <ErrorInfo>
          <Message>Assert.AreEqual failed. Expected:&lt;2&gt;. Actual:&lt;+nieskończoność&gt;. </Message>
          <StackTrace>   at CollisionLibraryTestProject.CollisionTest.GetBallWallCollisionTimeTest() in C:\GitHub\elastic_collision\elastic-collision\collision\CollisionLibraryTestProject\CollisionTest.cs:line 83
</StackTrace>
        </ErrorInfo>
      </Output>
    </UnitTestResult>
  </Results>
</TestRun>