<?xml version="1.0" encoding="UTF-8"?>
<TestRun id="298047aa-1b30-47e4-bd04-bd5c920ad304" name="Ewa@EWA-DELLV131 2014-07-06 13:26:12" runUser="Ewa-DellV131\Ewa" xmlns="http://microsoft.com/schemas/VisualStudio/TeamTest/2010">
  <TestSettings name="Local" id="c4f4939b-3f88-4cfc-b325-a068545cd073">
    <Description>These are default test settings for a local test run.</Description>
    <Deployment enabled="false" runDeploymentRoot="Ewa_EWA-DELLV131 2014-07-06 13_26_12">
      <DeploymentItem filename="C:\GitHub\elastic_collision\elastic-collision\collision\CollisionLibrary\bin\x86\Debug\CollisionLibrary.dll" />
    </Deployment>
    <Execution>
      <TestTypeSpecific />
      <AgentRule name="Execution Agents">
      </AgentRule>
    </Execution>
  </TestSettings>
  <Times creation="2014-07-06T13:26:12.7621835+02:00" queuing="2014-07-06T13:26:14.6932939+02:00" start="2014-07-06T13:26:14.7472970+02:00" finish="2014-07-06T13:26:15.0953169+02:00" />
  <ResultSummary outcome="Warning">
    <Counters total="1" executed="1" passed="1" error="0" failed="0" timeout="0" aborted="0" inconclusive="0" passedButRunAborted="0" notRunnable="0" notExecuted="0" disconnected="0" warning="0" completed="0" inProgress="0" pending="0" />
    <RunInfos>
      <RunInfo computerName="EWA-DELLV131" outcome="Warning" timestamp="2014-07-06T13:26:14.4322790+02:00">
        <Text>Deployment is currently disabled. The deployment item 'CollisionLibrary.dll' on test 'CollisionLibraryTestProject.CollisionTest.GetBallWallCollisionTimeTestRightWall' was not deployed.</Text>
      </RunInfo>
    </RunInfos>
  </ResultSummary>
  <TestDefinitions>
    <UnitTest name="GetBallWallCollisionTimeTestRightWall" storage="c:\github\elastic_collision\elastic-collision\collision\collisionlibrarytestproject\bin\debug\collisionlibrarytestproject.dll" id="f8a6fddc-bbdc-a807-1c05-aef0110fa10e">
      <DeploymentItems>
        <DeploymentItem filename="CollisionLibrary.dll" />
      </DeploymentItems>
      <Execution id="157726eb-44e0-4db3-a314-ca14318363f6" />
      <TestMethod codeBase="C:/GitHub/elastic_collision/elastic-collision/collision/CollisionLibraryTestProject/bin/Debug/CollisionLibraryTestProject.DLL" adapterTypeName="Microsoft.VisualStudio.TestTools.TestTypes.Unit.UnitTestAdapter, Microsoft.VisualStudio.QualityTools.Tips.UnitTest.Adapter, Version=10.0.0.0, Culture=neutral, PublicKeyToken=b03f5f7f11d50a3a" className="CollisionLibraryTestProject.CollisionTest, CollisionLibraryTestProject, Version=1.0.0.0, Culture=neutral, PublicKeyToken=null" name="GetBallWallCollisionTimeTestRightWall" />
    </UnitTest>
  </TestDefinitions>
  <TestLists>
    <TestList name="Results Not in a List" id="8c84fa94-04c1-424b-9868-57a2d4851a1d" />
    <TestList name="All Loaded Results" id="19431567-8539-422a-85d7-44ee4e166bda" />
  </TestLists>
  <TestEntries>
    <TestEntry testId="f8a6fddc-bbdc-a807-1c05-aef0110fa10e" executionId="157726eb-44e0-4db3-a314-ca14318363f6" testListId="8c84fa94-04c1-424b-9868-57a2d4851a1d" />
  </TestEntries>
  <Results>
    <UnitTestResult executionId="157726eb-44e0-4db3-a314-ca14318363f6" testId="f8a6fddc-bbdc-a807-1c05-aef0110fa10e" testName="GetBallWallCollisionTimeTestRightWall" computerName="EWA-DELLV131" duration="00:00:00.0438603" startTime="2014-07-06T13:26:14.7642980+02:00" endTime="2014-07-06T13:26:15.0463141+02:00" testType="13cdc9d9-ddb5-4fa4-a97d-d965ccfc6d4b" outcome="Passed" testListId="8c84fa94-04c1-424b-9868-57a2d4851a1d" relativeResultsDirectory="157726eb-44e0-4db3-a314-ca14318363f6">
    </UnitTestResult>
  </Results>
</TestRun>