<?xml version="1.0" encoding="UTF-8"?>
<TestRun id="20648b53-fa8f-4efa-8c49-1ab2a6102a29" name="Ewa@EWA-DELLV131 2014-07-06 13:26:34" runUser="Ewa-DellV131\Ewa" xmlns="http://microsoft.com/schemas/VisualStudio/TeamTest/2010">
  <TestSettings name="Local" id="c4f4939b-3f88-4cfc-b325-a068545cd073">
    <Description>These are default test settings for a local test run.</Description>
    <Deployment enabled="false" runDeploymentRoot="Ewa_EWA-DELLV131 2014-07-06 13_26_34">
      <DeploymentItem filename="C:\GitHub\elastic_collision\elastic-collision\collision\CollisionLibrary\bin\x86\Debug\CollisionLibrary.dll" />
    </Deployment>
    <Execution>
      <TestTypeSpecific />
      <AgentRule name="Execution Agents">
      </AgentRule>
    </Execution>
  </TestSettings>
  <Times creation="2014-07-06T13:26:34.7334401+02:00" queuing="2014-07-06T13:26:36.0685165+02:00" start="2014-07-06T13:26:36.0945180+02:00" finish="2014-07-06T13:26:36.5105418+02:00" />
  <ResultSummary outcome="Failed">
    <Counters total="29" executed="29" passed="26" error="0" failed="3" timeout="0" aborted="0" inconclusive="0" passedButRunAborted="0" notRunnable="0" notExecuted="0" disconnected="0" warning="0" completed="0" inProgress="0" pending="0" />
  </ResultSummary>
  <TestDefinitions>
    <UnitTest name="GetNextBallBallCollisionTestTwoColl" storage="c:\github\elastic_collision\elastic-collision\collision\collisionlibrarytestproject\bin\debug\collisionlibrarytestproject.dll" id="7ed5f16e-f344-44ac-916b-65054d8bd01b">
      <Execution id="1c9bb48f-0f59-471c-a841-4c250e34770d" />
      <TestMethod codeBase="C:/GitHub/elastic_collision/elastic-collision/collision/CollisionLibraryTestProject/bin/Debug/CollisionLibraryTestProject.DLL" adapterTypeName="Microsoft.VisualStudio.TestTools.TestTypes.Unit.UnitTestAdapter, Microsoft.VisualStudio.QualityTools.Tips.UnitTest.Adapter, Version=10.0.0.0, Culture=neutral, PublicKeyToken=b03f5f7f11d50a3a" className="CollisionLibraryTestProject.CollisionTest, CollisionLibraryTestProject, Version=1.0.0.0, Culture=neutral, PublicKeyToken=null" name="GetNextBallBallCollisionTestTwoColl" />
    </UnitTest>
    <UnitTest name="CalcTangentTest" storage="c:\github\elastic_collision\elastic-collision\collision\collisionlibrarytestproject\bin\debug\collisionlibrarytestproject.dll" id="4634d7bf-d54b-df2a-1a73-f348a6c652ae">
      <Execution id="150ced1e-28c3-4d8a-8297-5024d2355d60" />
      <TestMethod codeBase="C:/GitHub/elastic_collision/elastic-collision/collision/CollisionLibraryTestProject/bin/Debug/CollisionLibraryTestProject.DLL" adapterTypeName="Microsoft.VisualStudio.TestTools.TestTypes.Unit.UnitTestAdapter, Microsoft.VisualStudio.QualityTools.Tips.UnitTest.Adapter, Version=10.0.0.0, Culture=neutral, PublicKeyToken=b03f5f7f11d50a3a" className="CollisionLibraryTestProject.TransformationTest, CollisionLibraryTestProject, Version=1.0.0.0, Culture=neutral, PublicKeyToken=null" name="CalcTangentTest" />
    </UnitTest>
    <UnitTest name="RTest" storage="c:\github\elastic_collision\elastic-collision\collision\collisionlibrarytestproject\bin\debug\collisionlibrarytestproject.dll" id="bbe8b09c-135d-d595-ee98-0f76cfe71c8b">
      <Execution id="f244c983-26a2-4c84-9008-e0e076b7d7a2" />
      <TestMethod codeBase="C:/GitHub/elastic_collision/elastic-collision/collision/CollisionLibraryTestProject/bin/Debug/CollisionLibraryTestProject.DLL" adapterTypeName="Microsoft.VisualStudio.TestTools.TestTypes.Unit.UnitTestAdapter, Microsoft.VisualStudio.QualityTools.Tips.UnitTest.Adapter, Version=10.0.0.0, Culture=neutral, PublicKeyToken=b03f5f7f11d50a3a" className="CollisionLibraryTestProject.Ball2Test, CollisionLibraryTestProject, Version=1.0.0.0, Culture=neutral, PublicKeyToken=null" name="RTest" />
    </UnitTest>
    <UnitTest name="CalcPostImpactVBallWallTestLeftWallSecondObjBall" storage="c:\github\elastic_collision\elastic-collision\collision\collisionlibrarytestproject\bin\debug\collisionlibrarytestproject.dll" id="784e8f61-09fe-d925-2bfc-30883fabec82">
      <Execution id="db88440b-d1b2-4518-887d-1780229f4b5b" />
      <TestMethod codeBase="C:/GitHub/elastic_collision/elastic-collision/collision/CollisionLibraryTestProject/bin/Debug/CollisionLibraryTestProject.DLL" adapterTypeName="Microsoft.VisualStudio.TestTools.TestTypes.Unit.UnitTestAdapter, Microsoft.VisualStudio.QualityTools.Tips.UnitTest.Adapter, Version=10.0.0.0, Culture=neutral, PublicKeyToken=b03f5f7f11d50a3a" className="CollisionLibraryTestProject.CollisionTest, CollisionLibraryTestProject, Version=1.0.0.0, Culture=neutral, PublicKeyToken=null" name="CalcPostImpactVBallWallTestLeftWallSecondObjBall" />
    </UnitTest>
    <UnitTest name="InstancesTestBallAndWall" storage="c:\github\elastic_collision\elastic-collision\collision\collisionlibrarytestproject\bin\debug\collisionlibrarytestproject.dll" id="7d761d72-251c-20d5-aab6-9dcc35eeaf1c">
      <Execution id="b1aa82e1-c1c0-496c-9fd8-7107d472c65d" />
      <TestMethod codeBase="C:/GitHub/elastic_collision/elastic-collision/collision/CollisionLibraryTestProject/bin/Debug/CollisionLibraryTestProject.DLL" adapterTypeName="Microsoft.VisualStudio.TestTools.TestTypes.Unit.UnitTestAdapter, Microsoft.VisualStudio.QualityTools.Tips.UnitTest.Adapter, Version=10.0.0.0, Culture=neutral, PublicKeyToken=b03f5f7f11d50a3a" className="CollisionLibraryTestProject.Ball2Test, CollisionLibraryTestProject, Version=1.0.0.0, Culture=neutral, PublicKeyToken=null" name="InstancesTestBallAndWall" />
    </UnitTest>
    <UnitTest name="CalcPostImpactVBallWallTestBottom" storage="c:\github\elastic_collision\elastic-collision\collision\collisionlibrarytestproject\bin\debug\collisionlibrarytestproject.dll" id="34353e91-ace8-7a0f-99a2-039d8f4a7db2">
      <Execution id="da70e69e-6d69-4c26-9d13-7ae6aaa8788a" />
      <TestMethod codeBase="C:/GitHub/elastic_collision/elastic-collision/collision/CollisionLibraryTestProject/bin/Debug/CollisionLibraryTestProject.DLL" adapterTypeName="Microsoft.VisualStudio.TestTools.TestTypes.Unit.UnitTestAdapter, Microsoft.VisualStudio.QualityTools.Tips.UnitTest.Adapter, Version=10.0.0.0, Culture=neutral, PublicKeyToken=b03f5f7f11d50a3a" className="CollisionLibraryTestProject.CollisionTest, CollisionLibraryTestProject, Version=1.0.0.0, Culture=neutral, PublicKeyToken=null" name="CalcPostImpactVBallWallTestBottom" />
    </UnitTest>
    <UnitTest name="CalcPostImpactVBallWallTestRight" storage="c:\github\elastic_collision\elastic-collision\collision\collisionlibrarytestproject\bin\debug\collisionlibrarytestproject.dll" id="73f76c6c-5436-6e0a-c0de-a320db1d0190">
      <Execution id="5035973e-ed47-4e1d-82d5-14cfb724b191" />
      <TestMethod codeBase="C:/GitHub/elastic_collision/elastic-collision/collision/CollisionLibraryTestProject/bin/Debug/CollisionLibraryTestProject.DLL" adapterTypeName="Microsoft.VisualStudio.TestTools.TestTypes.Unit.UnitTestAdapter, Microsoft.VisualStudio.QualityTools.Tips.UnitTest.Adapter, Version=10.0.0.0, Culture=neutral, PublicKeyToken=b03f5f7f11d50a3a" className="CollisionLibraryTestProject.CollisionTest, CollisionLibraryTestProject, Version=1.0.0.0, Culture=neutral, PublicKeyToken=null" name="CalcPostImpactVBallWallTestRight" />
    </UnitTest>
    <UnitTest name="MoveBallsToCollisionTimeTest" storage="c:\github\elastic_collision\elastic-collision\collision\collisionlibrarytestproject\bin\debug\collisionlibrarytestproject.dll" id="a9dd207d-b17d-56fb-fd27-f7e87e1a2818">
      <Execution id="872c10c8-0877-4b0f-ac86-a929098d0ada" />
      <TestMethod codeBase="C:/GitHub/elastic_collision/elastic-collision/collision/CollisionLibraryTestProject/bin/Debug/CollisionLibraryTestProject.DLL" adapterTypeName="Microsoft.VisualStudio.TestTools.TestTypes.Unit.UnitTestAdapter, Microsoft.VisualStudio.QualityTools.Tips.UnitTest.Adapter, Version=10.0.0.0, Culture=neutral, PublicKeyToken=b03f5f7f11d50a3a" className="CollisionLibraryTestProject.CollisionTest, CollisionLibraryTestProject, Version=1.0.0.0, Culture=neutral, PublicKeyToken=null" name="MoveBallsToCollisionTimeTest" />
    </UnitTest>
    <UnitTest name="InstancesTestBallWallBall" storage="c:\github\elastic_collision\elastic-collision\collision\collisionlibrarytestproject\bin\debug\collisionlibrarytestproject.dll" id="032206b2-427b-faa8-3e97-a121db3e0a31">
      <Execution id="6f08523a-4ae9-4c92-9f84-c54bb60171ff" />
      <TestMethod codeBase="C:/GitHub/elastic_collision/elastic-collision/collision/CollisionLibraryTestProject/bin/Debug/CollisionLibraryTestProject.DLL" adapterTypeName="Microsoft.VisualStudio.TestTools.TestTypes.Unit.UnitTestAdapter, Microsoft.VisualStudio.QualityTools.Tips.UnitTest.Adapter, Version=10.0.0.0, Culture=neutral, PublicKeyToken=b03f5f7f11d50a3a" className="CollisionLibraryTestProject.Ball2Test, CollisionLibraryTestProject, Version=1.0.0.0, Culture=neutral, PublicKeyToken=null" name="InstancesTestBallWallBall" />
    </UnitTest>
    <UnitTest name="ProjectionTest" storage="c:\github\elastic_collision\elastic-collision\collision\collisionlibrarytestproject\bin\debug\collisionlibrarytestproject.dll" id="e8258cd7-530e-8306-5955-7a3457761eb3">
      <Execution id="7fe391cd-1e25-4561-b438-69b5aca74f6a" />
      <TestMethod codeBase="C:/GitHub/elastic_collision/elastic-collision/collision/CollisionLibraryTestProject/bin/Debug/CollisionLibraryTestProject.DLL" adapterTypeName="Microsoft.VisualStudio.TestTools.TestTypes.Unit.UnitTestAdapter, Microsoft.VisualStudio.QualityTools.Tips.UnitTest.Adapter, Version=10.0.0.0, Culture=neutral, PublicKeyToken=b03f5f7f11d50a3a" className="CollisionLibraryTestProject.TransformationTest, CollisionLibraryTestProject, Version=1.0.0.0, Culture=neutral, PublicKeyToken=null" name="ProjectionTest" />
    </UnitTest>
    <UnitTest name="Ball2ConstructorTestStationaryWithCoord" storage="c:\github\elastic_collision\elastic-collision\collision\collisionlibrarytestproject\bin\debug\collisionlibrarytestproject.dll" id="58ee5bcc-8c6f-c602-a62f-ce50ed8cb54d">
      <Execution id="48c7aff1-7ebc-4ace-ba68-9529b5bd3ac0" />
      <TestMethod codeBase="C:/GitHub/elastic_collision/elastic-collision/collision/CollisionLibraryTestProject/bin/Debug/CollisionLibraryTestProject.DLL" adapterTypeName="Microsoft.VisualStudio.TestTools.TestTypes.Unit.UnitTestAdapter, Microsoft.VisualStudio.QualityTools.Tips.UnitTest.Adapter, Version=10.0.0.0, Culture=neutral, PublicKeyToken=b03f5f7f11d50a3a" className="CollisionLibraryTestProject.Ball2Test, CollisionLibraryTestProject, Version=1.0.0.0, Culture=neutral, PublicKeyToken=null" name="Ball2ConstructorTestStationaryWithCoord" />
    </UnitTest>
    <UnitTest name="CalcDeltaTest" storage="c:\github\elastic_collision\elastic-collision\collision\collisionlibrarytestproject\bin\debug\collisionlibrarytestproject.dll" id="bb2906cf-c1cb-d472-a450-236ab18fe0d2">
      <DeploymentItems>
        <DeploymentItem filename="CollisionLibrary.dll" />
      </DeploymentItems>
      <Execution id="615a9ef1-13d3-42f1-9c84-ff43bfecca45" />
      <TestMethod codeBase="C:/GitHub/elastic_collision/elastic-collision/collision/CollisionLibraryTestProject/bin/Debug/CollisionLibraryTestProject.DLL" adapterTypeName="Microsoft.VisualStudio.TestTools.TestTypes.Unit.UnitTestAdapter, Microsoft.VisualStudio.QualityTools.Tips.UnitTest.Adapter, Version=10.0.0.0, Culture=neutral, PublicKeyToken=b03f5f7f11d50a3a" className="CollisionLibraryTestProject.QuadraticEquationTest, CollisionLibraryTestProject, Version=1.0.0.0, Culture=neutral, PublicKeyToken=null" name="CalcDeltaTest" />
    </UnitTest>
    <UnitTest name="CalcPostImpactVBallWallTestLeftWallFirstObjBall" storage="c:\github\elastic_collision\elastic-collision\collision\collisionlibrarytestproject\bin\debug\collisionlibrarytestproject.dll" id="40aa7ec1-7f7a-70fb-9478-63e77f316a25">
      <Execution id="3f7a724f-3934-4f83-90cd-b1083f67adf7" />
      <TestMethod codeBase="C:/GitHub/elastic_collision/elastic-collision/collision/CollisionLibraryTestProject/bin/Debug/CollisionLibraryTestProject.DLL" adapterTypeName="Microsoft.VisualStudio.TestTools.TestTypes.Unit.UnitTestAdapter, Microsoft.VisualStudio.QualityTools.Tips.UnitTest.Adapter, Version=10.0.0.0, Culture=neutral, PublicKeyToken=b03f5f7f11d50a3a" className="CollisionLibraryTestProject.CollisionTest, CollisionLibraryTestProject, Version=1.0.0.0, Culture=neutral, PublicKeyToken=null" name="CalcPostImpactVBallWallTestLeftWallFirstObjBall" />
    </UnitTest>
    <UnitTest name="CalcPostImpactVBallWallTestTop" storage="c:\github\elastic_collision\elastic-collision\collision\collisionlibrarytestproject\bin\debug\collisionlibrarytestproject.dll" id="668cf586-4fac-4e50-8a1d-2acfc3cbf178">
      <Execution id="415971e8-7a2a-4086-b9e6-19f865724d7c" />
      <TestMethod codeBase="C:/GitHub/elastic_collision/elastic-collision/collision/CollisionLibraryTestProject/bin/Debug/CollisionLibraryTestProject.DLL" adapterTypeName="Microsoft.VisualStudio.TestTools.TestTypes.Unit.UnitTestAdapter, Microsoft.VisualStudio.QualityTools.Tips.UnitTest.Adapter, Version=10.0.0.0, Culture=neutral, PublicKeyToken=b03f5f7f11d50a3a" className="CollisionLibraryTestProject.CollisionTest, CollisionLibraryTestProject, Version=1.0.0.0, Culture=neutral, PublicKeyToken=null" name="CalcPostImpactVBallWallTestTop" />
    </UnitTest>
    <UnitTest name="CalcNormalTest" storage="c:\github\elastic_collision\elastic-collision\collision\collisionlibrarytestproject\bin\debug\collisionlibrarytestproject.dll" id="91370910-7b93-11ae-cf00-2de71bf169a8">
      <Execution id="641dcec8-60a3-4025-9287-2116f3575112" />
      <TestMethod codeBase="C:/GitHub/elastic_collision/elastic-collision/collision/CollisionLibraryTestProject/bin/Debug/CollisionLibraryTestProject.DLL" adapterTypeName="Microsoft.VisualStudio.TestTools.TestTypes.Unit.UnitTestAdapter, Microsoft.VisualStudio.QualityTools.Tips.UnitTest.Adapter, Version=10.0.0.0, Culture=neutral, PublicKeyToken=b03f5f7f11d50a3a" className="CollisionLibraryTestProject.TransformationTest, CollisionLibraryTestProject, Version=1.0.0.0, Culture=neutral, PublicKeyToken=null" name="CalcNormalTest" />
    </UnitTest>
    <UnitTest name="InstancesTestTwoBalls" storage="c:\github\elastic_collision\elastic-collision\collision\collisionlibrarytestproject\bin\debug\collisionlibrarytestproject.dll" id="a0e243aa-6d6f-0caa-119c-cc5cf78a3b81">
      <Execution id="81bc53f5-eecb-4346-ba05-c1c6da2941cb" />
      <TestMethod codeBase="C:/GitHub/elastic_collision/elastic-collision/collision/CollisionLibraryTestProject/bin/Debug/CollisionLibraryTestProject.DLL" adapterTypeName="Microsoft.VisualStudio.TestTools.TestTypes.Unit.UnitTestAdapter, Microsoft.VisualStudio.QualityTools.Tips.UnitTest.Adapter, Version=10.0.0.0, Culture=neutral, PublicKeyToken=b03f5f7f11d50a3a" className="CollisionLibraryTestProject.Ball2Test, CollisionLibraryTestProject, Version=1.0.0.0, Culture=neutral, PublicKeyToken=null" name="InstancesTestTwoBalls" />
    </UnitTest>
    <UnitTest name="MTest" storage="c:\github\elastic_collision\elastic-collision\collision\collisionlibrarytestproject\bin\debug\collisionlibrarytestproject.dll" id="c4c0d519-5736-4288-25ad-cc60957d2be9">
      <Execution id="56f124db-db11-45ab-9570-68fdb4ab5680" />
      <TestMethod codeBase="C:/GitHub/elastic_collision/elastic-collision/collision/CollisionLibraryTestProject/bin/Debug/CollisionLibraryTestProject.DLL" adapterTypeName="Microsoft.VisualStudio.TestTools.TestTypes.Unit.UnitTestAdapter, Microsoft.VisualStudio.QualityTools.Tips.UnitTest.Adapter, Version=10.0.0.0, Culture=neutral, PublicKeyToken=b03f5f7f11d50a3a" className="CollisionLibraryTestProject.Ball2Test, CollisionLibraryTestProject, Version=1.0.0.0, Culture=neutral, PublicKeyToken=null" name="MTest" />
    </UnitTest>
    <UnitTest name="VTest" storage="c:\github\elastic_collision\elastic-collision\collision\collisionlibrarytestproject\bin\debug\collisionlibrarytestproject.dll" id="30e7782c-8729-7239-4543-6500720aba5e">
      <Execution id="8aa7aaff-d00c-4a92-8835-160eb9d652ee" />
      <TestMethod codeBase="C:/GitHub/elastic_collision/elastic-collision/collision/CollisionLibraryTestProject/bin/Debug/CollisionLibraryTestProject.DLL" adapterTypeName="Microsoft.VisualStudio.TestTools.TestTypes.Unit.UnitTestAdapter, Microsoft.VisualStudio.QualityTools.Tips.UnitTest.Adapter, Version=10.0.0.0, Culture=neutral, PublicKeyToken=b03f5f7f11d50a3a" className="CollisionLibraryTestProject.Ball2Test, CollisionLibraryTestProject, Version=1.0.0.0, Culture=neutral, PublicKeyToken=null" name="VTest" />
    </UnitTest>
    <UnitTest name="CoordinatesTest" storage="c:\github\elastic_collision\elastic-collision\collision\collisionlibrarytestproject\bin\debug\collisionlibrarytestproject.dll" id="c1863ef5-7966-c091-6434-a5be8c7371cc">
      <Execution id="bdffb749-0c8c-4356-a1d7-5ceb237b2a96" />
      <TestMethod codeBase="C:/GitHub/elastic_collision/elastic-collision/collision/CollisionLibraryTestProject/bin/Debug/CollisionLibraryTestProject.DLL" adapterTypeName="Microsoft.VisualStudio.TestTools.TestTypes.Unit.UnitTestAdapter, Microsoft.VisualStudio.QualityTools.Tips.UnitTest.Adapter, Version=10.0.0.0, Culture=neutral, PublicKeyToken=b03f5f7f11d50a3a" className="CollisionLibraryTestProject.Ball2Test, CollisionLibraryTestProject, Version=1.0.0.0, Culture=neutral, PublicKeyToken=null" name="CoordinatesTest" />
    </UnitTest>
    <UnitTest name="GetBallWallCollisionTimeTestRightWall" storage="c:\github\elastic_collision\elastic-collision\collision\collisionlibrarytestproject\bin\debug\collisionlibrarytestproject.dll" id="f8a6fddc-bbdc-a807-1c05-aef0110fa10e">
      <DeploymentItems>
        <DeploymentItem filename="CollisionLibrary.dll" />
      </DeploymentItems>
      <Execution id="e1db8238-352f-4d39-a03b-bf56df198702" />
      <TestMethod codeBase="C:/GitHub/elastic_collision/elastic-collision/collision/CollisionLibraryTestProject/bin/Debug/CollisionLibraryTestProject.DLL" adapterTypeName="Microsoft.VisualStudio.TestTools.TestTypes.Unit.UnitTestAdapter, Microsoft.VisualStudio.QualityTools.Tips.UnitTest.Adapter, Version=10.0.0.0, Culture=neutral, PublicKeyToken=b03f5f7f11d50a3a" className="CollisionLibraryTestProject.CollisionTest, CollisionLibraryTestProject, Version=1.0.0.0, Culture=neutral, PublicKeyToken=null" name="GetBallWallCollisionTimeTestRightWall" />
    </UnitTest>
    <UnitTest name="GetNextBallWallCollisionTestTwoDiffParrarelBalls" storage="c:\github\elastic_collision\elastic-collision\collision\collisionlibrarytestproject\bin\debug\collisionlibrarytestproject.dll" id="83e512b6-d982-3129-eb57-35fb4084a312">
      <DeploymentItems>
        <DeploymentItem filename="CollisionLibrary.dll" />
      </DeploymentItems>
      <Execution id="72d68198-c7c3-4c34-961d-7a526245b80a" />
      <TestMethod codeBase="C:/GitHub/elastic_collision/elastic-collision/collision/CollisionLibraryTestProject/bin/Debug/CollisionLibraryTestProject.DLL" adapterTypeName="Microsoft.VisualStudio.TestTools.TestTypes.Unit.UnitTestAdapter, Microsoft.VisualStudio.QualityTools.Tips.UnitTest.Adapter, Version=10.0.0.0, Culture=neutral, PublicKeyToken=b03f5f7f11d50a3a" className="CollisionLibraryTestProject.CollisionTest, CollisionLibraryTestProject, Version=1.0.0.0, Culture=neutral, PublicKeyToken=null" name="GetNextBallWallCollisionTestTwoDiffParrarelBalls" />
    </UnitTest>
    <UnitTest name="Ball2ConstructorTest2" storage="c:\github\elastic_collision\elastic-collision\collision\collisionlibrarytestproject\bin\debug\collisionlibrarytestproject.dll" id="dd22bf8f-6c73-d575-32f8-6d9ecb277f31">
      <Execution id="ee1a4463-46c7-4b4e-9dce-9405f6cbdb76" />
      <TestMethod codeBase="C:/GitHub/elastic_collision/elastic-collision/collision/CollisionLibraryTestProject/bin/Debug/CollisionLibraryTestProject.DLL" adapterTypeName="Microsoft.VisualStudio.TestTools.TestTypes.Unit.UnitTestAdapter, Microsoft.VisualStudio.QualityTools.Tips.UnitTest.Adapter, Version=10.0.0.0, Culture=neutral, PublicKeyToken=b03f5f7f11d50a3a" className="CollisionLibraryTestProject.Ball2Test, CollisionLibraryTestProject, Version=1.0.0.0, Culture=neutral, PublicKeyToken=null" name="Ball2ConstructorTest2" />
    </UnitTest>
    <UnitTest name="CalcTangentTestWithGivenNormal" storage="c:\github\elastic_collision\elastic-collision\collision\collisionlibrarytestproject\bin\debug\collisionlibrarytestproject.dll" id="c958cc52-009c-8b64-166e-da652b2033e8">
      <Execution id="416c645b-631c-4bbc-9065-d3a88fc4d010" />
      <TestMethod codeBase="C:/GitHub/elastic_collision/elastic-collision/collision/CollisionLibraryTestProject/bin/Debug/CollisionLibraryTestProject.DLL" adapterTypeName="Microsoft.VisualStudio.TestTools.TestTypes.Unit.UnitTestAdapter, Microsoft.VisualStudio.QualityTools.Tips.UnitTest.Adapter, Version=10.0.0.0, Culture=neutral, PublicKeyToken=b03f5f7f11d50a3a" className="CollisionLibraryTestProject.TransformationTest, CollisionLibraryTestProject, Version=1.0.0.0, Culture=neutral, PublicKeyToken=null" name="CalcTangentTestWithGivenNormal" />
    </UnitTest>
    <UnitTest name="CalcPostImpactVBallBallTest" storage="c:\github\elastic_collision\elastic-collision\collision\collisionlibrarytestproject\bin\debug\collisionlibrarytestproject.dll" id="027a4800-8390-355f-bb69-f94026fedaec">
      <Execution id="cdd47ab6-38d9-42a1-a4d0-78cf62a04627" />
      <TestMethod codeBase="C:/GitHub/elastic_collision/elastic-collision/collision/CollisionLibraryTestProject/bin/Debug/CollisionLibraryTestProject.DLL" adapterTypeName="Microsoft.VisualStudio.TestTools.TestTypes.Unit.UnitTestAdapter, Microsoft.VisualStudio.QualityTools.Tips.UnitTest.Adapter, Version=10.0.0.0, Culture=neutral, PublicKeyToken=b03f5f7f11d50a3a" className="CollisionLibraryTestProject.CollisionTest, CollisionLibraryTestProject, Version=1.0.0.0, Culture=neutral, PublicKeyToken=null" name="CalcPostImpactVBallBallTest" />
    </UnitTest>
    <UnitTest name="GetNextBallWallCollisionTestTwoTheSameParrarelBalls" storage="c:\github\elastic_collision\elastic-collision\collision\collisionlibrarytestproject\bin\debug\collisionlibrarytestproject.dll" id="37b52716-da34-c15f-e28a-1291c389449e">
      <DeploymentItems>
        <DeploymentItem filename="CollisionLibrary.dll" />
      </DeploymentItems>
      <Execution id="3c6906c4-ff7c-473b-a1b2-4bef76965e2c" />
      <TestMethod codeBase="C:/GitHub/elastic_collision/elastic-collision/collision/CollisionLibraryTestProject/bin/Debug/CollisionLibraryTestProject.DLL" adapterTypeName="Microsoft.VisualStudio.TestTools.TestTypes.Unit.UnitTestAdapter, Microsoft.VisualStudio.QualityTools.Tips.UnitTest.Adapter, Version=10.0.0.0, Culture=neutral, PublicKeyToken=b03f5f7f11d50a3a" className="CollisionLibraryTestProject.CollisionTest, CollisionLibraryTestProject, Version=1.0.0.0, Culture=neutral, PublicKeyToken=null" name="GetNextBallWallCollisionTestTwoTheSameParrarelBalls" />
    </UnitTest>
    <UnitTest name="GetNextBallBallCollisionTestOneColl" storage="c:\github\elastic_collision\elastic-collision\collision\collisionlibrarytestproject\bin\debug\collisionlibrarytestproject.dll" id="5706bc5c-9e11-4309-7da3-559b179a1156">
      <Execution id="1e8d132e-593c-4910-aaa7-6c2d86d3e056" />
      <TestMethod codeBase="C:/GitHub/elastic_collision/elastic-collision/collision/CollisionLibraryTestProject/bin/Debug/CollisionLibraryTestProject.DLL" adapterTypeName="Microsoft.VisualStudio.TestTools.TestTypes.Unit.UnitTestAdapter, Microsoft.VisualStudio.QualityTools.Tips.UnitTest.Adapter, Version=10.0.0.0, Culture=neutral, PublicKeyToken=b03f5f7f11d50a3a" className="CollisionLibraryTestProject.CollisionTest, CollisionLibraryTestProject, Version=1.0.0.0, Culture=neutral, PublicKeyToken=null" name="GetNextBallBallCollisionTestOneColl" />
    </UnitTest>
    <UnitTest name="Ball2ConstructorTestDefault" storage="c:\github\elastic_collision\elastic-collision\collision\collisionlibrarytestproject\bin\debug\collisionlibrarytestproject.dll" id="01dbbfbe-7c0f-f7a5-974d-f83eb21e709f">
      <Execution id="80b349df-654f-4339-9faf-6370d3578495" />
      <TestMethod codeBase="C:/GitHub/elastic_collision/elastic-collision/collision/CollisionLibraryTestProject/bin/Debug/CollisionLibraryTestProject.DLL" adapterTypeName="Microsoft.VisualStudio.TestTools.TestTypes.Unit.UnitTestAdapter, Microsoft.VisualStudio.QualityTools.Tips.UnitTest.Adapter, Version=10.0.0.0, Culture=neutral, PublicKeyToken=b03f5f7f11d50a3a" className="CollisionLibraryTestProject.Ball2Test, CollisionLibraryTestProject, Version=1.0.0.0, Culture=neutral, PublicKeyToken=null" name="Ball2ConstructorTestDefault" />
    </UnitTest>
    <UnitTest name="CalcSmallerPositiveXTest" storage="c:\github\elastic_collision\elastic-collision\collision\collisionlibrarytestproject\bin\debug\collisionlibrarytestproject.dll" id="04aec189-043e-ca62-f16f-2761a476fe4e">
      <DeploymentItems>
        <DeploymentItem filename="CollisionLibrary.dll" />
      </DeploymentItems>
      <Execution id="f81c8a8a-796f-43b6-9d58-46c974c1a430" />
      <TestMethod codeBase="C:/GitHub/elastic_collision/elastic-collision/collision/CollisionLibraryTestProject/bin/Debug/CollisionLibraryTestProject.DLL" adapterTypeName="Microsoft.VisualStudio.TestTools.TestTypes.Unit.UnitTestAdapter, Microsoft.VisualStudio.QualityTools.Tips.UnitTest.Adapter, Version=10.0.0.0, Culture=neutral, PublicKeyToken=b03f5f7f11d50a3a" className="CollisionLibraryTestProject.QuadraticEquationTest, CollisionLibraryTestProject, Version=1.0.0.0, Culture=neutral, PublicKeyToken=null" name="CalcSmallerPositiveXTest" />
    </UnitTest>
    <UnitTest name="MoveBallsToCollisionTimeTestCheckIfNextCollisionsIsUpdated" storage="c:\github\elastic_collision\elastic-collision\collision\collisionlibrarytestproject\bin\debug\collisionlibrarytestproject.dll" id="33a9f688-be7f-bd2e-92c2-3b4e82ae67f6">
      <Execution id="6da43e62-0b48-43f3-b23b-07a9dc733f12" />
      <TestMethod codeBase="C:/GitHub/elastic_collision/elastic-collision/collision/CollisionLibraryTestProject/bin/Debug/CollisionLibraryTestProject.DLL" adapterTypeName="Microsoft.VisualStudio.TestTools.TestTypes.Unit.UnitTestAdapter, Microsoft.VisualStudio.QualityTools.Tips.UnitTest.Adapter, Version=10.0.0.0, Culture=neutral, PublicKeyToken=b03f5f7f11d50a3a" className="CollisionLibraryTestProject.CollisionTest, CollisionLibraryTestProject, Version=1.0.0.0, Culture=neutral, PublicKeyToken=null" name="MoveBallsToCollisionTimeTestCheckIfNextCollisionsIsUpdated" />
    </UnitTest>
  </TestDefinitions>
  <TestLists>
    <TestList name="Results Not in a List" id="8c84fa94-04c1-424b-9868-57a2d4851a1d" />
    <TestList name="All Loaded Results" id="19431567-8539-422a-85d7-44ee4e166bda" />
  </TestLists>
  <TestEntries>
    <TestEntry testId="01dbbfbe-7c0f-f7a5-974d-f83eb21e709f" executionId="80b349df-654f-4339-9faf-6370d3578495" testListId="8c84fa94-04c1-424b-9868-57a2d4851a1d" />
    <TestEntry testId="027a4800-8390-355f-bb69-f94026fedaec" executionId="cdd47ab6-38d9-42a1-a4d0-78cf62a04627" testListId="8c84fa94-04c1-424b-9868-57a2d4851a1d" />
    <TestEntry testId="032206b2-427b-faa8-3e97-a121db3e0a31" executionId="6f08523a-4ae9-4c92-9f84-c54bb60171ff" testListId="8c84fa94-04c1-424b-9868-57a2d4851a1d" />
    <TestEntry testId="04aec189-043e-ca62-f16f-2761a476fe4e" executionId="f81c8a8a-796f-43b6-9d58-46c974c1a430" testListId="8c84fa94-04c1-424b-9868-57a2d4851a1d" />
    <TestEntry testId="30e7782c-8729-7239-4543-6500720aba5e" executionId="8aa7aaff-d00c-4a92-8835-160eb9d652ee" testListId="8c84fa94-04c1-424b-9868-57a2d4851a1d" />
    <TestEntry testId="33a9f688-be7f-bd2e-92c2-3b4e82ae67f6" executionId="6da43e62-0b48-43f3-b23b-07a9dc733f12" testListId="8c84fa94-04c1-424b-9868-57a2d4851a1d" />
    <TestEntry testId="34353e91-ace8-7a0f-99a2-039d8f4a7db2" executionId="da70e69e-6d69-4c26-9d13-7ae6aaa8788a" testListId="8c84fa94-04c1-424b-9868-57a2d4851a1d" />
    <TestEntry testId="37b52716-da34-c15f-e28a-1291c389449e" executionId="3c6906c4-ff7c-473b-a1b2-4bef76965e2c" testListId="8c84fa94-04c1-424b-9868-57a2d4851a1d" />
    <TestEntry testId="40aa7ec1-7f7a-70fb-9478-63e77f316a25" executionId="3f7a724f-3934-4f83-90cd-b1083f67adf7" testListId="8c84fa94-04c1-424b-9868-57a2d4851a1d" />
    <TestEntry testId="4634d7bf-d54b-df2a-1a73-f348a6c652ae" executionId="150ced1e-28c3-4d8a-8297-5024d2355d60" testListId="8c84fa94-04c1-424b-9868-57a2d4851a1d" />
    <TestEntry testId="5706bc5c-9e11-4309-7da3-559b179a1156" executionId="1e8d132e-593c-4910-aaa7-6c2d86d3e056" testListId="8c84fa94-04c1-424b-9868-57a2d4851a1d" />
    <TestEntry testId="58ee5bcc-8c6f-c602-a62f-ce50ed8cb54d" executionId="48c7aff1-7ebc-4ace-ba68-9529b5bd3ac0" testListId="8c84fa94-04c1-424b-9868-57a2d4851a1d" />
    <TestEntry testId="668cf586-4fac-4e50-8a1d-2acfc3cbf178" executionId="415971e8-7a2a-4086-b9e6-19f865724d7c" testListId="8c84fa94-04c1-424b-9868-57a2d4851a1d" />
    <TestEntry testId="73f76c6c-5436-6e0a-c0de-a320db1d0190" executionId="5035973e-ed47-4e1d-82d5-14cfb724b191" testListId="8c84fa94-04c1-424b-9868-57a2d4851a1d" />
    <TestEntry testId="784e8f61-09fe-d925-2bfc-30883fabec82" executionId="db88440b-d1b2-4518-887d-1780229f4b5b" testListId="8c84fa94-04c1-424b-9868-57a2d4851a1d" />
    <TestEntry testId="7d761d72-251c-20d5-aab6-9dcc35eeaf1c" executionId="b1aa82e1-c1c0-496c-9fd8-7107d472c65d" testListId="8c84fa94-04c1-424b-9868-57a2d4851a1d" />
    <TestEntry testId="7ed5f16e-f344-44ac-916b-65054d8bd01b" executionId="1c9bb48f-0f59-471c-a841-4c250e34770d" testListId="8c84fa94-04c1-424b-9868-57a2d4851a1d" />
    <TestEntry testId="83e512b6-d982-3129-eb57-35fb4084a312" executionId="72d68198-c7c3-4c34-961d-7a526245b80a" testListId="8c84fa94-04c1-424b-9868-57a2d4851a1d" />
    <TestEntry testId="91370910-7b93-11ae-cf00-2de71bf169a8" executionId="641dcec8-60a3-4025-9287-2116f3575112" testListId="8c84fa94-04c1-424b-9868-57a2d4851a1d" />
    <TestEntry testId="a0e243aa-6d6f-0caa-119c-cc5cf78a3b81" executionId="81bc53f5-eecb-4346-ba05-c1c6da2941cb" testListId="8c84fa94-04c1-424b-9868-57a2d4851a1d" />
    <TestEntry testId="a9dd207d-b17d-56fb-fd27-f7e87e1a2818" executionId="872c10c8-0877-4b0f-ac86-a929098d0ada" testListId="8c84fa94-04c1-424b-9868-57a2d4851a1d" />
    <TestEntry testId="bb2906cf-c1cb-d472-a450-236ab18fe0d2" executionId="615a9ef1-13d3-42f1-9c84-ff43bfecca45" testListId="8c84fa94-04c1-424b-9868-57a2d4851a1d" />
    <TestEntry testId="bbe8b09c-135d-d595-ee98-0f76cfe71c8b" executionId="f244c983-26a2-4c84-9008-e0e076b7d7a2" testListId="8c84fa94-04c1-424b-9868-57a2d4851a1d" />
    <TestEntry testId="c1863ef5-7966-c091-6434-a5be8c7371cc" executionId="bdffb749-0c8c-4356-a1d7-5ceb237b2a96" testListId="8c84fa94-04c1-424b-9868-57a2d4851a1d" />
    <TestEntry testId="c4c0d519-5736-4288-25ad-cc60957d2be9" executionId="56f124db-db11-45ab-9570-68fdb4ab5680" testListId="8c84fa94-04c1-424b-9868-57a2d4851a1d" />
    <TestEntry testId="c958cc52-009c-8b64-166e-da652b2033e8" executionId="416c645b-631c-4bbc-9065-d3a88fc4d010" testListId="8c84fa94-04c1-424b-9868-57a2d4851a1d" />
    <TestEntry testId="dd22bf8f-6c73-d575-32f8-6d9ecb277f31" executionId="ee1a4463-46c7-4b4e-9dce-9405f6cbdb76" testListId="8c84fa94-04c1-424b-9868-57a2d4851a1d" />
    <TestEntry testId="e8258cd7-530e-8306-5955-7a3457761eb3" executionId="7fe391cd-1e25-4561-b438-69b5aca74f6a" testListId="8c84fa94-04c1-424b-9868-57a2d4851a1d" />
    <TestEntry testId="f8a6fddc-bbdc-a807-1c05-aef0110fa10e" executionId="e1db8238-352f-4d39-a03b-bf56df198702" testListId="8c84fa94-04c1-424b-9868-57a2d4851a1d" />
  </TestEntries>
  <Results>
    <UnitTestResult executionId="80b349df-654f-4339-9faf-6370d3578495" testId="01dbbfbe-7c0f-f7a5-974d-f83eb21e709f" testName="Ball2ConstructorTestDefault" computerName="EWA-DELLV131" duration="00:00:00.0186074" startTime="2014-07-06T13:26:36.0965181+02:00" endTime="2014-07-06T13:26:36.3325316+02:00" testType="13cdc9d9-ddb5-4fa4-a97d-d965ccfc6d4b" outcome="Passed" testListId="8c84fa94-04c1-424b-9868-57a2d4851a1d" relativeResultsDirectory="80b349df-654f-4339-9faf-6370d3578495">
    </UnitTestResult>
    <UnitTestResult executionId="cdd47ab6-38d9-42a1-a4d0-78cf62a04627" testId="027a4800-8390-355f-bb69-f94026fedaec" testName="CalcPostImpactVBallBallTest" computerName="EWA-DELLV131" duration="00:00:00.0029878" startTime="2014-07-06T13:26:36.3335317+02:00" endTime="2014-07-06T13:26:36.3395320+02:00" testType="13cdc9d9-ddb5-4fa4-a97d-d965ccfc6d4b" outcome="Passed" testListId="8c84fa94-04c1-424b-9868-57a2d4851a1d" relativeResultsDirectory="cdd47ab6-38d9-42a1-a4d0-78cf62a04627">
    </UnitTestResult>
    <UnitTestResult executionId="6f08523a-4ae9-4c92-9f84-c54bb60171ff" testId="032206b2-427b-faa8-3e97-a121db3e0a31" testName="InstancesTestBallWallBall" computerName="EWA-DELLV131" duration="00:00:00.0264630" startTime="2014-07-06T13:26:36.3405321+02:00" endTime="2014-07-06T13:26:36.3705338+02:00" testType="13cdc9d9-ddb5-4fa4-a97d-d965ccfc6d4b" outcome="Failed" testListId="8c84fa94-04c1-424b-9868-57a2d4851a1d" relativeResultsDirectory="6f08523a-4ae9-4c92-9f84-c54bb60171ff">
      <Output>
        <ErrorInfo>
          <Message>Assert.AreEqual failed. Expected:&lt;2&gt;. Actual:&lt;10&gt;. </Message>
          <StackTrace>   at CollisionLibraryTestProject.Ball2Test.InstancesTestBallWallBall() in C:\GitHub\elastic_collision\elastic-collision\collision\CollisionLibraryTestProject\Ball2Test.cs:line 203
</StackTrace>
        </ErrorInfo>
      </Output>
    </UnitTestResult>
    <UnitTestResult executionId="f81c8a8a-796f-43b6-9d58-46c974c1a430" testId="04aec189-043e-ca62-f16f-2761a476fe4e" testName="CalcSmallerPositiveXTest" computerName="EWA-DELLV131" duration="00:00:00.0009275" startTime="2014-07-06T13:26:36.3715338+02:00" endTime="2014-07-06T13:26:36.3745340+02:00" testType="13cdc9d9-ddb5-4fa4-a97d-d965ccfc6d4b" outcome="Passed" testListId="8c84fa94-04c1-424b-9868-57a2d4851a1d" relativeResultsDirectory="f81c8a8a-796f-43b6-9d58-46c974c1a430">
    </UnitTestResult>
    <UnitTestResult executionId="8aa7aaff-d00c-4a92-8835-160eb9d652ee" testId="30e7782c-8729-7239-4543-6500720aba5e" testName="VTest" computerName="EWA-DELLV131" duration="00:00:00.0013171" startTime="2014-07-06T13:26:36.3785342+02:00" endTime="2014-07-06T13:26:36.3825345+02:00" testType="13cdc9d9-ddb5-4fa4-a97d-d965ccfc6d4b" outcome="Passed" testListId="8c84fa94-04c1-424b-9868-57a2d4851a1d" relativeResultsDirectory="8aa7aaff-d00c-4a92-8835-160eb9d652ee">
    </UnitTestResult>
    <UnitTestResult executionId="6da43e62-0b48-43f3-b23b-07a9dc733f12" testId="33a9f688-be7f-bd2e-92c2-3b4e82ae67f6" testName="MoveBallsToCollisionTimeTestCheckIfNextCollisionsIsUpdated" computerName="EWA-DELLV131" duration="00:00:00.0012798" startTime="2014-07-06T13:26:36.3835345+02:00" endTime="2014-07-06T13:26:36.3875347+02:00" testType="13cdc9d9-ddb5-4fa4-a97d-d965ccfc6d4b" outcome="Passed" testListId="8c84fa94-04c1-424b-9868-57a2d4851a1d" relativeResultsDirectory="6da43e62-0b48-43f3-b23b-07a9dc733f12">
    </UnitTestResult>
    <UnitTestResult executionId="da70e69e-6d69-4c26-9d13-7ae6aaa8788a" testId="34353e91-ace8-7a0f-99a2-039d8f4a7db2" testName="CalcPostImpactVBallWallTestBottom" computerName="EWA-DELLV131" duration="00:00:00.0015159" startTime="2014-07-06T13:26:36.3885348+02:00" endTime="2014-07-06T13:26:36.3925350+02:00" testType="13cdc9d9-ddb5-4fa4-a97d-d965ccfc6d4b" outcome="Passed" testListId="8c84fa94-04c1-424b-9868-57a2d4851a1d" relativeResultsDirectory="da70e69e-6d69-4c26-9d13-7ae6aaa8788a">
    </UnitTestResult>
    <UnitTestResult executionId="3c6906c4-ff7c-473b-a1b2-4bef76965e2c" testId="37b52716-da34-c15f-e28a-1291c389449e" testName="GetNextBallWallCollisionTestTwoTheSameParrarelBalls" computerName="EWA-DELLV131" duration="00:00:00.0026303" startTime="2014-07-06T13:26:36.3945351+02:00" endTime="2014-07-06T13:26:36.3995354+02:00" testType="13cdc9d9-ddb5-4fa4-a97d-d965ccfc6d4b" outcome="Passed" testListId="8c84fa94-04c1-424b-9868-57a2d4851a1d" relativeResultsDirectory="3c6906c4-ff7c-473b-a1b2-4bef76965e2c">
    </UnitTestResult>
    <UnitTestResult executionId="3f7a724f-3934-4f83-90cd-b1083f67adf7" testId="40aa7ec1-7f7a-70fb-9478-63e77f316a25" testName="CalcPostImpactVBallWallTestLeftWallFirstObjBall" computerName="EWA-DELLV131" duration="00:00:00.0003703" startTime="2014-07-06T13:26:36.4005355+02:00" endTime="2014-07-06T13:26:36.4035357+02:00" testType="13cdc9d9-ddb5-4fa4-a97d-d965ccfc6d4b" outcome="Passed" testListId="8c84fa94-04c1-424b-9868-57a2d4851a1d" relativeResultsDirectory="3f7a724f-3934-4f83-90cd-b1083f67adf7">
    </UnitTestResult>
    <UnitTestResult executionId="150ced1e-28c3-4d8a-8297-5024d2355d60" testId="4634d7bf-d54b-df2a-1a73-f348a6c652ae" testName="CalcTangentTest" computerName="EWA-DELLV131" duration="00:00:00.0006615" startTime="2014-07-06T13:26:36.4045357+02:00" endTime="2014-07-06T13:26:36.4085359+02:00" testType="13cdc9d9-ddb5-4fa4-a97d-d965ccfc6d4b" outcome="Passed" testListId="8c84fa94-04c1-424b-9868-57a2d4851a1d" relativeResultsDirectory="150ced1e-28c3-4d8a-8297-5024d2355d60">
    </UnitTestResult>
    <UnitTestResult executionId="1e8d132e-593c-4910-aaa7-6c2d86d3e056" testId="5706bc5c-9e11-4309-7da3-559b179a1156" testName="GetNextBallBallCollisionTestOneColl" computerName="EWA-DELLV131" duration="00:00:00.0014124" startTime="2014-07-06T13:26:36.4095360+02:00" endTime="2014-07-06T13:26:36.4135362+02:00" testType="13cdc9d9-ddb5-4fa4-a97d-d965ccfc6d4b" outcome="Passed" testListId="8c84fa94-04c1-424b-9868-57a2d4851a1d" relativeResultsDirectory="1e8d132e-593c-4910-aaa7-6c2d86d3e056">
    </UnitTestResult>
    <UnitTestResult executionId="48c7aff1-7ebc-4ace-ba68-9529b5bd3ac0" testId="58ee5bcc-8c6f-c602-a62f-ce50ed8cb54d" testName="Ball2ConstructorTestStationaryWithCoord" computerName="EWA-DELLV131" duration="00:00:00.0002441" startTime="2014-07-06T13:26:36.4145363+02:00" endTime="2014-07-06T13:26:36.4185365+02:00" testType="13cdc9d9-ddb5-4fa4-a97d-d965ccfc6d4b" outcome="Passed" testListId="8c84fa94-04c1-424b-9868-57a2d4851a1d" relativeResultsDirectory="48c7aff1-7ebc-4ace-ba68-9529b5bd3ac0">
    </UnitTestResult>
    <UnitTestResult executionId="415971e8-7a2a-4086-b9e6-19f865724d7c" testId="668cf586-4fac-4e50-8a1d-2acfc3cbf178" testName="CalcPostImpactVBallWallTestTop" computerName="EWA-DELLV131" duration="00:00:00.0003848" startTime="2014-07-06T13:26:36.4195366+02:00" endTime="2014-07-06T13:26:36.4225368+02:00" testType="13cdc9d9-ddb5-4fa4-a97d-d965ccfc6d4b" outcome="Passed" testListId="8c84fa94-04c1-424b-9868-57a2d4851a1d" relativeResultsDirectory="415971e8-7a2a-4086-b9e6-19f865724d7c">
    </UnitTestResult>
    <UnitTestResult executionId="5035973e-ed47-4e1d-82d5-14cfb724b191" testId="73f76c6c-5436-6e0a-c0de-a320db1d0190" testName="CalcPostImpactVBallWallTestRight" computerName="EWA-DELLV131" duration="00:00:00.0003887" startTime="2014-07-06T13:26:36.4235368+02:00" endTime="2014-07-06T13:26:36.4275370+02:00" testType="13cdc9d9-ddb5-4fa4-a97d-d965ccfc6d4b" outcome="Passed" testListId="8c84fa94-04c1-424b-9868-57a2d4851a1d" relativeResultsDirectory="5035973e-ed47-4e1d-82d5-14cfb724b191">
    </UnitTestResult>
    <UnitTestResult executionId="db88440b-d1b2-4518-887d-1780229f4b5b" testId="784e8f61-09fe-d925-2bfc-30883fabec82" testName="CalcPostImpactVBallWallTestLeftWallSecondObjBall" computerName="EWA-DELLV131" duration="00:00:00.0004314" startTime="2014-07-06T13:26:36.4285371+02:00" endTime="2014-07-06T13:26:36.4315373+02:00" testType="13cdc9d9-ddb5-4fa4-a97d-d965ccfc6d4b" outcome="Passed" testListId="8c84fa94-04c1-424b-9868-57a2d4851a1d" relativeResultsDirectory="db88440b-d1b2-4518-887d-1780229f4b5b">
    </UnitTestResult>
    <UnitTestResult executionId="b1aa82e1-c1c0-496c-9fd8-7107d472c65d" testId="7d761d72-251c-20d5-aab6-9dcc35eeaf1c" testName="InstancesTestBallAndWall" computerName="EWA-DELLV131" duration="00:00:00.0017870" startTime="2014-07-06T13:26:36.4325373+02:00" endTime="2014-07-06T13:26:36.4375376+02:00" testType="13cdc9d9-ddb5-4fa4-a97d-d965ccfc6d4b" outcome="Failed" testListId="8c84fa94-04c1-424b-9868-57a2d4851a1d" relativeResultsDirectory="b1aa82e1-c1c0-496c-9fd8-7107d472c65d">
      <Output>
        <ErrorInfo>
          <Message>Assert.AreEqual failed. Expected:&lt;2&gt;. Actual:&lt;62&gt;. </Message>
          <StackTrace>   at CollisionLibraryTestProject.Ball2Test.InstancesTestBallAndWall() in C:\GitHub\elastic_collision\elastic-collision\collision\CollisionLibraryTestProject\Ball2Test.cs:line 189
</StackTrace>
        </ErrorInfo>
      </Output>
    </UnitTestResult>
    <UnitTestResult executionId="1c9bb48f-0f59-471c-a841-4c250e34770d" testId="7ed5f16e-f344-44ac-916b-65054d8bd01b" testName="GetNextBallBallCollisionTestTwoColl" computerName="EWA-DELLV131" duration="00:00:00.0009249" startTime="2014-07-06T13:26:36.4385377+02:00" endTime="2014-07-06T13:26:36.4425379+02:00" testType="13cdc9d9-ddb5-4fa4-a97d-d965ccfc6d4b" outcome="Passed" testListId="8c84fa94-04c1-424b-9868-57a2d4851a1d" relativeResultsDirectory="1c9bb48f-0f59-471c-a841-4c250e34770d">
    </UnitTestResult>
    <UnitTestResult executionId="72d68198-c7c3-4c34-961d-7a526245b80a" testId="83e512b6-d982-3129-eb57-35fb4084a312" testName="GetNextBallWallCollisionTestTwoDiffParrarelBalls" computerName="EWA-DELLV131" duration="00:00:00.0004156" startTime="2014-07-06T13:26:36.4445380+02:00" endTime="2014-07-06T13:26:36.4475382+02:00" testType="13cdc9d9-ddb5-4fa4-a97d-d965ccfc6d4b" outcome="Passed" testListId="8c84fa94-04c1-424b-9868-57a2d4851a1d" relativeResultsDirectory="72d68198-c7c3-4c34-961d-7a526245b80a">
    </UnitTestResult>
    <UnitTestResult executionId="641dcec8-60a3-4025-9287-2116f3575112" testId="91370910-7b93-11ae-cf00-2de71bf169a8" testName="CalcNormalTest" computerName="EWA-DELLV131" duration="00:00:00.0002779" startTime="2014-07-06T13:26:36.4495383+02:00" endTime="2014-07-06T13:26:36.4515384+02:00" testType="13cdc9d9-ddb5-4fa4-a97d-d965ccfc6d4b" outcome="Passed" testListId="8c84fa94-04c1-424b-9868-57a2d4851a1d" relativeResultsDirectory="641dcec8-60a3-4025-9287-2116f3575112">
    </UnitTestResult>
    <UnitTestResult executionId="81bc53f5-eecb-4346-ba05-c1c6da2941cb" testId="a0e243aa-6d6f-0caa-119c-cc5cf78a3b81" testName="InstancesTestTwoBalls" computerName="EWA-DELLV131" duration="00:00:00.0021881" startTime="2014-07-06T13:26:36.4525385+02:00" endTime="2014-07-06T13:26:36.4575388+02:00" testType="13cdc9d9-ddb5-4fa4-a97d-d965ccfc6d4b" outcome="Failed" testListId="8c84fa94-04c1-424b-9868-57a2d4851a1d" relativeResultsDirectory="81bc53f5-eecb-4346-ba05-c1c6da2941cb">
      <Output>
        <ErrorInfo>
          <Message>Assert.AreEqual failed. Expected:&lt;2&gt;. Actual:&lt;82&gt;. </Message>
          <StackTrace>   at CollisionLibraryTestProject.Ball2Test.InstancesTestTwoBalls() in C:\GitHub\elastic_collision\elastic-collision\collision\CollisionLibraryTestProject\Ball2Test.cs:line 176
</StackTrace>
        </ErrorInfo>
      </Output>
    </UnitTestResult>
    <UnitTestResult executionId="872c10c8-0877-4b0f-ac86-a929098d0ada" testId="a9dd207d-b17d-56fb-fd27-f7e87e1a2818" testName="MoveBallsToCollisionTimeTest" computerName="EWA-DELLV131" duration="00:00:00.0007607" startTime="2014-07-06T13:26:36.4585388+02:00" endTime="2014-07-06T13:26:36.4625390+02:00" testType="13cdc9d9-ddb5-4fa4-a97d-d965ccfc6d4b" outcome="Passed" testListId="8c84fa94-04c1-424b-9868-57a2d4851a1d" relativeResultsDirectory="872c10c8-0877-4b0f-ac86-a929098d0ada">
    </UnitTestResult>
    <UnitTestResult executionId="615a9ef1-13d3-42f1-9c84-ff43bfecca45" testId="bb2906cf-c1cb-d472-a450-236ab18fe0d2" testName="CalcDeltaTest" computerName="EWA-DELLV131" duration="00:00:00.0034052" startTime="2014-07-06T13:26:36.4635391+02:00" endTime="2014-07-06T13:26:36.4695394+02:00" testType="13cdc9d9-ddb5-4fa4-a97d-d965ccfc6d4b" outcome="Passed" testListId="8c84fa94-04c1-424b-9868-57a2d4851a1d" relativeResultsDirectory="615a9ef1-13d3-42f1-9c84-ff43bfecca45">
    </UnitTestResult>
    <UnitTestResult executionId="f244c983-26a2-4c84-9008-e0e076b7d7a2" testId="bbe8b09c-135d-d595-ee98-0f76cfe71c8b" testName="RTest" computerName="EWA-DELLV131" duration="00:00:00.0003378" startTime="2014-07-06T13:26:36.4705395+02:00" endTime="2014-07-06T13:26:36.4745397+02:00" testType="13cdc9d9-ddb5-4fa4-a97d-d965ccfc6d4b" outcome="Passed" testListId="8c84fa94-04c1-424b-9868-57a2d4851a1d" relativeResultsDirectory="f244c983-26a2-4c84-9008-e0e076b7d7a2">
    </UnitTestResult>
    <UnitTestResult executionId="bdffb749-0c8c-4356-a1d7-5ceb237b2a96" testId="c1863ef5-7966-c091-6434-a5be8c7371cc" testName="CoordinatesTest" computerName="EWA-DELLV131" duration="00:00:00.0002604" startTime="2014-07-06T13:26:36.4755398+02:00" endTime="2014-07-06T13:26:36.4785400+02:00" testType="13cdc9d9-ddb5-4fa4-a97d-d965ccfc6d4b" outcome="Passed" testListId="8c84fa94-04c1-424b-9868-57a2d4851a1d" relativeResultsDirectory="bdffb749-0c8c-4356-a1d7-5ceb237b2a96">
    </UnitTestResult>
    <UnitTestResult executionId="56f124db-db11-45ab-9570-68fdb4ab5680" testId="c4c0d519-5736-4288-25ad-cc60957d2be9" testName="MTest" computerName="EWA-DELLV131" duration="00:00:00.0002471" startTime="2014-07-06T13:26:36.4795400+02:00" endTime="2014-07-06T13:26:36.4815401+02:00" testType="13cdc9d9-ddb5-4fa4-a97d-d965ccfc6d4b" outcome="Passed" testListId="8c84fa94-04c1-424b-9868-57a2d4851a1d" relativeResultsDirectory="56f124db-db11-45ab-9570-68fdb4ab5680">
    </UnitTestResult>
    <UnitTestResult executionId="416c645b-631c-4bbc-9065-d3a88fc4d010" testId="c958cc52-009c-8b64-166e-da652b2033e8" testName="CalcTangentTestWithGivenNormal" computerName="EWA-DELLV131" duration="00:00:00.0002839" startTime="2014-07-06T13:26:36.4825402+02:00" endTime="2014-07-06T13:26:36.4855404+02:00" testType="13cdc9d9-ddb5-4fa4-a97d-d965ccfc6d4b" outcome="Passed" testListId="8c84fa94-04c1-424b-9868-57a2d4851a1d" relativeResultsDirectory="416c645b-631c-4bbc-9065-d3a88fc4d010">
    </UnitTestResult>
    <UnitTestResult executionId="ee1a4463-46c7-4b4e-9dce-9405f6cbdb76" testId="dd22bf8f-6c73-d575-32f8-6d9ecb277f31" testName="Ball2ConstructorTest2" computerName="EWA-DELLV131" duration="00:00:00.0003917" startTime="2014-07-06T13:26:36.4865404+02:00" endTime="2014-07-06T13:26:36.4895406+02:00" testType="13cdc9d9-ddb5-4fa4-a97d-d965ccfc6d4b" outcome="Passed" testListId="8c84fa94-04c1-424b-9868-57a2d4851a1d" relativeResultsDirectory="ee1a4463-46c7-4b4e-9dce-9405f6cbdb76">
    </UnitTestResult>
    <UnitTestResult executionId="7fe391cd-1e25-4561-b438-69b5aca74f6a" testId="e8258cd7-530e-8306-5955-7a3457761eb3" testName="ProjectionTest" computerName="EWA-DELLV131" duration="00:00:00.0002411" startTime="2014-07-06T13:26:36.4905406+02:00" endTime="2014-07-06T13:26:36.4935408+02:00" testType="13cdc9d9-ddb5-4fa4-a97d-d965ccfc6d4b" outcome="Passed" testListId="8c84fa94-04c1-424b-9868-57a2d4851a1d" relativeResultsDirectory="7fe391cd-1e25-4561-b438-69b5aca74f6a">
    </UnitTestResult>
    <UnitTestResult executionId="e1db8238-352f-4d39-a03b-bf56df198702" testId="f8a6fddc-bbdc-a807-1c05-aef0110fa10e" testName="GetBallWallCollisionTimeTestRightWall" computerName="EWA-DELLV131" duration="00:00:00.0004507" startTime="2014-07-06T13:26:36.4945409+02:00" endTime="2014-07-06T13:26:36.4975410+02:00" testType="13cdc9d9-ddb5-4fa4-a97d-d965ccfc6d4b" outcome="Passed" testListId="8c84fa94-04c1-424b-9868-57a2d4851a1d" relativeResultsDirectory="e1db8238-352f-4d39-a03b-bf56df198702">
    </UnitTestResult>
  </Results>
</TestRun>