<?xml version="1.0" encoding="UTF-8"?>
<TestRun id="b126a02f-c8e2-4f4a-83f4-38deefbc2c37" name="Ewa@EWA-DELLV131 2014-06-30 20:15:12" runUser="Ewa-DellV131\Ewa" xmlns="http://microsoft.com/schemas/VisualStudio/TeamTest/2010">
  <TestSettings name="Local" id="c4f4939b-3f88-4cfc-b325-a068545cd073">
    <Description>These are default test settings for a local test run.</Description>
    <Deployment enabled="false" runDeploymentRoot="Ewa_EWA-DELLV131 2014-06-30 20_15_12">
      <DeploymentItem filename="C:\GitHub\elastic_collision\elastic-collision\collision\CollisionLibrary\bin\x86\Debug\CollisionLibrary.dll" />
    </Deployment>
    <Execution>
      <TestTypeSpecific />
      <AgentRule name="Execution Agents">
      </AgentRule>
    </Execution>
  </TestSettings>
  <Times creation="2014-06-30T20:15:12.8195985+02:00" queuing="2014-06-30T20:15:13.7486516+02:00" start="2014-06-30T20:15:13.7556520+02:00" finish="2014-06-30T20:15:13.9906655+02:00" />
  <ResultSummary outcome="Completed">
    <Counters total="1" executed="1" passed="1" error="0" failed="0" timeout="0" aborted="0" inconclusive="0" passedButRunAborted="0" notRunnable="0" notExecuted="0" disconnected="0" warning="0" completed="0" inProgress="0" pending="0" />
  </ResultSummary>
  <TestDefinitions>
    <UnitTest name="InstancesTestBallWallBall" storage="c:\github\elastic_collision\elastic-collision\collision\collisionlibrarytestproject\bin\debug\collisionlibrarytestproject.dll" id="032206b2-427b-faa8-3e97-a121db3e0a31">
      <Execution id="cb6ec3c7-9bd5-4c77-9577-9d3d4f6a0f20" />
      <TestMethod codeBase="C:/GitHub/elastic_collision/elastic-collision/collision/CollisionLibraryTestProject/bin/Debug/CollisionLibraryTestProject.DLL" adapterTypeName="Microsoft.VisualStudio.TestTools.TestTypes.Unit.UnitTestAdapter, Microsoft.VisualStudio.QualityTools.Tips.UnitTest.Adapter, Version=10.0.0.0, Culture=neutral, PublicKeyToken=b03f5f7f11d50a3a" className="CollisionLibraryTestProject.Ball2Test, CollisionLibraryTestProject, Version=1.0.0.0, Culture=neutral, PublicKeyToken=null" name="InstancesTestBallWallBall" />
    </UnitTest>
  </TestDefinitions>
  <TestLists>
    <TestList name="Results Not in a List" id="8c84fa94-04c1-424b-9868-57a2d4851a1d" />
    <TestList name="All Loaded Results" id="19431567-8539-422a-85d7-44ee4e166bda" />
  </TestLists>
  <TestEntries>
    <TestEntry testId="032206b2-427b-faa8-3e97-a121db3e0a31" executionId="cb6ec3c7-9bd5-4c77-9577-9d3d4f6a0f20" testListId="8c84fa94-04c1-424b-9868-57a2d4851a1d" />
  </TestEntries>
  <Results>
    <UnitTestResult executionId="cb6ec3c7-9bd5-4c77-9577-9d3d4f6a0f20" testId="032206b2-427b-faa8-3e97-a121db3e0a31" testName="InstancesTestBallWallBall" computerName="EWA-DELLV131" duration="00:00:00.0157127" startTime="2014-06-30T20:15:13.7596523+02:00" endTime="2014-06-30T20:15:13.9786648+02:00" testType="13cdc9d9-ddb5-4fa4-a97d-d965ccfc6d4b" outcome="Passed" testListId="8c84fa94-04c1-424b-9868-57a2d4851a1d" relativeResultsDirectory="cb6ec3c7-9bd5-4c77-9577-9d3d4f6a0f20">
    </UnitTestResult>
  </Results>
</TestRun>