<?xml version="1.0" encoding="UTF-8"?>
<TestRun id="d45ea495-eed3-44a3-a865-3e59bfb0ba81" name="Ewa@EWA-DELLV131 2014-06-30 21:13:25" runUser="Ewa-DellV131\Ewa" xmlns="http://microsoft.com/schemas/VisualStudio/TeamTest/2010">
  <TestSettings name="Local" id="c4f4939b-3f88-4cfc-b325-a068545cd073">
    <Description>These are default test settings for a local test run.</Description>
    <Deployment enabled="false" runDeploymentRoot="Ewa_EWA-DELLV131 2014-06-30 21_13_25">
      <DeploymentItem filename="C:\GitHub\elastic_collision\elastic-collision\collision\CollisionLibrary\bin\x86\Debug\CollisionLibrary.dll" />
    </Deployment>
    <Execution>
      <TestTypeSpecific />
      <AgentRule name="Execution Agents">
      </AgentRule>
    </Execution>
  </TestSettings>
  <Times creation="2014-06-30T21:13:25.6633777+02:00" queuing="2014-06-30T21:13:26.8954482+02:00" start="2014-06-30T21:13:26.9104491+02:00" finish="2014-06-30T21:13:27.2924709+02:00" />
  <ResultSummary outcome="Failed">
    <Counters total="1" executed="1" error="0" failed="1" timeout="0" aborted="0" inconclusive="0" passedButRunAborted="0" notRunnable="0" notExecuted="0" disconnected="0" warning="0" passed="0" completed="0" inProgress="0" pending="0" />
  </ResultSummary>
  <TestDefinitions>
    <UnitTest name="GetNextBallBallCollisionTest" storage="c:\github\elastic_collision\elastic-collision\collision\collisionlibrarytestproject\bin\debug\collisionlibrarytestproject.dll" id="045e98fb-90a6-01d3-6e46-3b72ca610df2">
      <Execution id="e4f50247-1533-4490-9040-b17316bb78a3" />
      <TestMethod codeBase="C:/GitHub/elastic_collision/elastic-collision/collision/CollisionLibraryTestProject/bin/Debug/CollisionLibraryTestProject.DLL" adapterTypeName="Microsoft.VisualStudio.TestTools.TestTypes.Unit.UnitTestAdapter, Microsoft.VisualStudio.QualityTools.Tips.UnitTest.Adapter, Version=10.0.0.0, Culture=neutral, PublicKeyToken=b03f5f7f11d50a3a" className="CollisionLibraryTestProject.CollisionTest, CollisionLibraryTestProject, Version=1.0.0.0, Culture=neutral, PublicKeyToken=null" name="GetNextBallBallCollisionTest" />
    </UnitTest>
  </TestDefinitions>
  <TestLists>
    <TestList name="Results Not in a List" id="8c84fa94-04c1-424b-9868-57a2d4851a1d" />
    <TestList name="All Loaded Results" id="19431567-8539-422a-85d7-44ee4e166bda" />
  </TestLists>
  <TestEntries>
    <TestEntry testId="045e98fb-90a6-01d3-6e46-3b72ca610df2" executionId="e4f50247-1533-4490-9040-b17316bb78a3" testListId="8c84fa94-04c1-424b-9868-57a2d4851a1d" />
  </TestEntries>
  <Results>
    <UnitTestResult executionId="e4f50247-1533-4490-9040-b17316bb78a3" testId="045e98fb-90a6-01d3-6e46-3b72ca610df2" testName="GetNextBallBallCollisionTest" computerName="EWA-DELLV131" duration="00:00:00.1441387" startTime="2014-06-30T21:13:26.9214497+02:00" endTime="2014-06-30T21:13:27.2754700+02:00" testType="13cdc9d9-ddb5-4fa4-a97d-d965ccfc6d4b" outcome="Failed" testListId="8c84fa94-04c1-424b-9868-57a2d4851a1d" relativeResultsDirectory="e4f50247-1533-4490-9040-b17316bb78a3">
      <Output>
        <ErrorInfo>
          <Message>Test method CollisionLibraryTestProject.CollisionTest.GetNextBallBallCollisionTest threw exception: 
System.ArgumentOutOfRangeException: Index was out of range. Must be non-negative and less than the size of the collection.
Parameter name: index</Message>
          <StackTrace>    at System.ThrowHelper.ThrowArgumentOutOfRangeException()
   at System.Collections.Generic.List`1.get_Item(Int32 index)
   at CollisionLibrary.Collision.GetNextBallBallCollision() in C:\GitHub\elastic_collision\elastic-collision\collision\CollisionLibrary\Collision.cs:line 125
   at CollisionLibraryTestProject.CollisionTest.GetNextBallBallCollisionTest() in C:\GitHub\elastic_collision\elastic-collision\collision\CollisionLibraryTestProject\CollisionTest.cs:line 135
</StackTrace>
        </ErrorInfo>
      </Output>
    </UnitTestResult>
  </Results>
</TestRun>