<?xml version="1.0" encoding="UTF-8"?>
<TestRun id="ddf00dbf-9905-4072-9f74-97b30d0fceb2" name="Ewa@EWA-DELLV131 2014-07-02 20:10:34" runUser="Ewa-DellV131\Ewa" xmlns="http://microsoft.com/schemas/VisualStudio/TeamTest/2010">
  <TestSettings name="Local" id="c4f4939b-3f88-4cfc-b325-a068545cd073">
    <Description>These are default test settings for a local test run.</Description>
    <Deployment enabled="false" runDeploymentRoot="Ewa_EWA-DELLV131 2014-07-02 20_10_34">
      <DeploymentItem filename="C:\GitHub\elastic_collision\elastic-collision\collision\CollisionLibrary\bin\x86\Debug\CollisionLibrary.dll" />
    </Deployment>
    <Execution>
      <TestTypeSpecific />
      <AgentRule name="Execution Agents">
      </AgentRule>
    </Execution>
  </TestSettings>
  <Times creation="2014-07-02T20:10:34.9011376+02:00" queuing="2014-07-02T20:10:35.8211902+02:00" start="2014-07-02T20:10:35.8351910+02:00" finish="2014-07-02T20:10:36.0542035+02:00" />
  <ResultSummary outcome="Completed">
    <Counters total="1" executed="1" passed="1" error="0" failed="0" timeout="0" aborted="0" inconclusive="0" passedButRunAborted="0" notRunnable="0" notExecuted="0" disconnected="0" warning="0" completed="0" inProgress="0" pending="0" />
  </ResultSummary>
  <TestDefinitions>
    <UnitTest name="CalcPostImpactVBallWallTestTop" storage="c:\github\elastic_collision\elastic-collision\collision\collisionlibrarytestproject\bin\debug\collisionlibrarytestproject.dll" id="668cf586-4fac-4e50-8a1d-2acfc3cbf178">
      <Execution id="7f147177-b81c-45cb-95a6-3691956b0361" />
      <TestMethod codeBase="C:/GitHub/elastic_collision/elastic-collision/collision/CollisionLibraryTestProject/bin/Debug/CollisionLibraryTestProject.DLL" adapterTypeName="Microsoft.VisualStudio.TestTools.TestTypes.Unit.UnitTestAdapter, Microsoft.VisualStudio.QualityTools.Tips.UnitTest.Adapter, Version=10.0.0.0, Culture=neutral, PublicKeyToken=b03f5f7f11d50a3a" className="CollisionLibraryTestProject.CollisionTest, CollisionLibraryTestProject, Version=1.0.0.0, Culture=neutral, PublicKeyToken=null" name="CalcPostImpactVBallWallTestTop" />
    </UnitTest>
  </TestDefinitions>
  <TestLists>
    <TestList name="Results Not in a List" id="8c84fa94-04c1-424b-9868-57a2d4851a1d" />
    <TestList name="All Loaded Results" id="19431567-8539-422a-85d7-44ee4e166bda" />
  </TestLists>
  <TestEntries>
    <TestEntry testId="668cf586-4fac-4e50-8a1d-2acfc3cbf178" executionId="7f147177-b81c-45cb-95a6-3691956b0361" testListId="8c84fa94-04c1-424b-9868-57a2d4851a1d" />
  </TestEntries>
  <Results>
    <UnitTestResult executionId="7f147177-b81c-45cb-95a6-3691956b0361" testId="668cf586-4fac-4e50-8a1d-2acfc3cbf178" testName="CalcPostImpactVBallWallTestTop" computerName="EWA-DELLV131" duration="00:00:00.0182819" startTime="2014-07-02T20:10:35.8381912+02:00" endTime="2014-07-02T20:10:36.0442029+02:00" testType="13cdc9d9-ddb5-4fa4-a97d-d965ccfc6d4b" outcome="Passed" testListId="8c84fa94-04c1-424b-9868-57a2d4851a1d" relativeResultsDirectory="7f147177-b81c-45cb-95a6-3691956b0361">
    </UnitTestResult>
  </Results>
</TestRun>