<?xml version="1.0" encoding="UTF-8"?>
<TestRun id="fa219c50-81aa-4da7-aaef-1d0f2548e449" name="Ewa@EWA-DELLV131 2014-07-11 18:14:36" runUser="Ewa-DellV131\Ewa" xmlns="http://microsoft.com/schemas/VisualStudio/TeamTest/2010">
  <TestSettings name="Local" id="c4f4939b-3f88-4cfc-b325-a068545cd073">
    <Description>These are default test settings for a local test run.</Description>
    <Deployment enabled="false" runDeploymentRoot="Ewa_EWA-DELLV131 2014-07-11 18_14_36">
      <DeploymentItem filename="C:\GitHub\elastic_collision\elastic-collision\elastic-collision\collision\CollisionLibrary\bin\x86\Debug\CollisionLibrary.dll" />
    </Deployment>
    <Execution>
      <TestTypeSpecific />
      <AgentRule name="Execution Agents">
      </AgentRule>
    </Execution>
  </TestSettings>
  <Times creation="2014-07-11T18:14:36.0579448+02:00" queuing="2014-07-11T18:14:37.4760259+02:00" start="2014-07-11T18:14:37.4990272+02:00" finish="2014-07-11T18:14:37.7510417+02:00" />
  <ResultSummary outcome="Completed">
    <Counters total="1" executed="1" passed="1" error="0" failed="0" timeout="0" aborted="0" inconclusive="0" passedButRunAborted="0" notRunnable="0" notExecuted="0" disconnected="0" warning="0" completed="0" inProgress="0" pending="0" />
  </ResultSummary>
  <TestDefinitions>
    <UnitTest name="GetPrecisionTestLower" storage="c:\github\elastic_collision\elastic-collision\elastic-collision\collision\collisionlibrarytestproject\bin\debug\collisionlibrarytestproject.dll" id="7121d330-8415-f24d-3c0f-b76ec9d6cd0b">
      <Execution id="3db74b93-49a0-413e-84ea-2a65327f0a86" />
      <TestMethod codeBase="C:/GitHub/elastic_collision/elastic-collision/elastic-collision/collision/CollisionLibraryTestProject/bin/Debug/CollisionLibraryTestProject.DLL" adapterTypeName="Microsoft.VisualStudio.TestTools.TestTypes.Unit.UnitTestAdapter, Microsoft.VisualStudio.QualityTools.Tips.UnitTest.Adapter, Version=10.0.0.0, Culture=neutral, PublicKeyToken=b03f5f7f11d50a3a" className="CollisionLibraryTestProject.PrecisionTest, CollisionLibraryTestProject, Version=1.0.0.0, Culture=neutral, PublicKeyToken=null" name="GetPrecisionTestLower" />
    </UnitTest>
  </TestDefinitions>
  <TestLists>
    <TestList name="Results Not in a List" id="8c84fa94-04c1-424b-9868-57a2d4851a1d" />
    <TestList name="All Loaded Results" id="19431567-8539-422a-85d7-44ee4e166bda" />
  </TestLists>
  <TestEntries>
    <TestEntry testId="7121d330-8415-f24d-3c0f-b76ec9d6cd0b" executionId="3db74b93-49a0-413e-84ea-2a65327f0a86" testListId="8c84fa94-04c1-424b-9868-57a2d4851a1d" />
  </TestEntries>
  <Results>
    <UnitTestResult executionId="3db74b93-49a0-413e-84ea-2a65327f0a86" testId="7121d330-8415-f24d-3c0f-b76ec9d6cd0b" testName="GetPrecisionTestLower" computerName="EWA-DELLV131" duration="00:00:00.0138530" startTime="2014-07-11T18:14:37.5050276+02:00" endTime="2014-07-11T18:14:37.7290404+02:00" testType="13cdc9d9-ddb5-4fa4-a97d-d965ccfc6d4b" outcome="Passed" testListId="8c84fa94-04c1-424b-9868-57a2d4851a1d" relativeResultsDirectory="3db74b93-49a0-413e-84ea-2a65327f0a86">
    </UnitTestResult>
  </Results>
</TestRun>