<?xml version="1.0" encoding="UTF-8"?>
<TestRun id="285af9e0-5b55-41b3-9d93-a368651e667e" name="Ewa@EWA-DELLV131 2014-07-06 14:08:19" runUser="Ewa-DellV131\Ewa" xmlns="http://microsoft.com/schemas/VisualStudio/TeamTest/2010">
  <TestSettings name="Local" id="c4f4939b-3f88-4cfc-b325-a068545cd073">
    <Description>These are default test settings for a local test run.</Description>
    <Deployment enabled="false" runDeploymentRoot="Ewa_EWA-DELLV131 2014-07-06 14_08_19">
      <DeploymentItem filename="C:\GitHub\elastic_collision\elastic-collision\collision\CollisionLibrary\bin\x86\Debug\CollisionLibrary.dll" />
    </Deployment>
    <Execution>
      <TestTypeSpecific />
      <AgentRule name="Execution Agents">
      </AgentRule>
    </Execution>
  </TestSettings>
  <Times creation="2014-07-06T14:08:19.2506903+02:00" queuing="2014-07-06T14:08:20.4767605+02:00" start="2014-07-06T14:08:20.4957615+02:00" finish="2014-07-06T14:08:20.7657770+02:00" />
  <ResultSummary outcome="Completed">
    <Counters total="1" executed="1" passed="1" error="0" failed="0" timeout="0" aborted="0" inconclusive="0" passedButRunAborted="0" notRunnable="0" notExecuted="0" disconnected="0" warning="0" completed="0" inProgress="0" pending="0" />
  </ResultSummary>
  <TestDefinitions>
    <UnitTest name="UpdateNextCollisionsPositionToCollisionTimeTest" storage="c:\github\elastic_collision\elastic-collision\collision\collisionlibrarytestproject\bin\debug\collisionlibrarytestproject.dll" id="cbd9cc2d-c284-4308-4c0f-af9b762bc2a1">
      <Execution id="1fc8fd76-b601-4e46-adc5-c12badaf04b0" />
      <TestMethod codeBase="C:/GitHub/elastic_collision/elastic-collision/collision/CollisionLibraryTestProject/bin/Debug/CollisionLibraryTestProject.DLL" adapterTypeName="Microsoft.VisualStudio.TestTools.TestTypes.Unit.UnitTestAdapter, Microsoft.VisualStudio.QualityTools.Tips.UnitTest.Adapter, Version=10.0.0.0, Culture=neutral, PublicKeyToken=b03f5f7f11d50a3a" className="CollisionLibraryTestProject.CollisionTest, CollisionLibraryTestProject, Version=1.0.0.0, Culture=neutral, PublicKeyToken=null" name="UpdateNextCollisionsPositionToCollisionTimeTest" />
    </UnitTest>
  </TestDefinitions>
  <TestLists>
    <TestList name="Results Not in a List" id="8c84fa94-04c1-424b-9868-57a2d4851a1d" />
    <TestList name="All Loaded Results" id="19431567-8539-422a-85d7-44ee4e166bda" />
  </TestLists>
  <TestEntries>
    <TestEntry testId="cbd9cc2d-c284-4308-4c0f-af9b762bc2a1" executionId="1fc8fd76-b601-4e46-adc5-c12badaf04b0" testListId="8c84fa94-04c1-424b-9868-57a2d4851a1d" />
  </TestEntries>
  <Results>
    <UnitTestResult executionId="1fc8fd76-b601-4e46-adc5-c12badaf04b0" testId="cbd9cc2d-c284-4308-4c0f-af9b762bc2a1" testName="UpdateNextCollisionsPositionToCollisionTimeTest" computerName="EWA-DELLV131" duration="00:00:00.0177398" startTime="2014-07-06T14:08:20.4977617+02:00" endTime="2014-07-06T14:08:20.7407756+02:00" testType="13cdc9d9-ddb5-4fa4-a97d-d965ccfc6d4b" outcome="Passed" testListId="8c84fa94-04c1-424b-9868-57a2d4851a1d" relativeResultsDirectory="1fc8fd76-b601-4e46-adc5-c12badaf04b0">
    </UnitTestResult>
  </Results>
</TestRun>