<?xml version="1.0" encoding="UTF-8"?>
<TestRun id="6b364ca4-dd61-484f-b17c-46bb8a14acf5" name="Ewa@EWA-DELLV131 2014-07-11 18:17:07" runUser="Ewa-DellV131\Ewa" xmlns="http://microsoft.com/schemas/VisualStudio/TeamTest/2010">
  <TestSettings name="Local" id="c4f4939b-3f88-4cfc-b325-a068545cd073">
    <Description>These are default test settings for a local test run.</Description>
    <Deployment userDeploymentRoot="C:\GitHub\elastic_collision\elastic-collision\elastic-collision\collision\TestResults" useDefaultDeploymentRoot="false" enabled="false" runDeploymentRoot="Ewa_EWA-DELLV131 2014-07-11 18_17_07">
      <DeploymentItem filename="C:\GitHub\elastic_collision\elastic-collision\elastic-collision\collision\CollisionLibrary\bin\x86\Debug\CollisionLibrary.dll" />
    </Deployment>
    <Execution>
      <TestTypeSpecific />
      <AgentRule name="Execution Agents">
      </AgentRule>
    </Execution>
  </TestSettings>
  <Times creation="2014-07-11T18:17:07.6046128+02:00" queuing="2014-07-11T18:17:09.5967267+02:00" start="2014-07-11T18:17:09.6807315+02:00" finish="2014-07-11T18:17:59.2945693+02:00" />
  <ResultSummary outcome="Error">
    <Counters total="1" executed="1" error="0" failed="0" timeout="0" aborted="1" inconclusive="0" passedButRunAborted="0" notRunnable="0" notExecuted="0" disconnected="0" warning="0" passed="0" completed="0" inProgress="0" pending="0" />
    <RunInfos>
      <RunInfo computerName="EWA-DELLV131" outcome="Error" timestamp="2014-07-11T18:17:59.2935692+02:00">
        <Text>Test host process exited unexpectedly.</Text>
      </RunInfo>
    </RunInfos>
  </ResultSummary>
  <TestDefinitions>
    <UnitTest name="GetPrecisionTestBigger" storage="c:\github\elastic_collision\elastic-collision\elastic-collision\collision\collisionlibrarytestproject\bin\debug\collisionlibrarytestproject.dll" id="25fa604a-0baa-cd7e-a922-7667249775d1">
      <Execution id="41a3e175-5e15-40c1-bcb2-46826feaaeb5" />
      <TestMethod codeBase="C:/GitHub/elastic_collision/elastic-collision/elastic-collision/collision/CollisionLibraryTestProject/bin/Debug/CollisionLibraryTestProject.DLL" adapterTypeName="Microsoft.VisualStudio.TestTools.TestTypes.Unit.UnitTestAdapter, Microsoft.VisualStudio.QualityTools.Tips.UnitTest.Adapter, Version=10.0.0.0, Culture=neutral, PublicKeyToken=b03f5f7f11d50a3a" className="CollisionLibraryTestProject.PrecisionTest, CollisionLibraryTestProject, Version=1.0.0.0, Culture=neutral, PublicKeyToken=null" name="GetPrecisionTestBigger" />
    </UnitTest>
  </TestDefinitions>
  <TestLists>
    <TestList name="Results Not in a List" id="8c84fa94-04c1-424b-9868-57a2d4851a1d" />
    <TestList name="All Loaded Results" id="19431567-8539-422a-85d7-44ee4e166bda" />
  </TestLists>
  <TestEntries>
    <TestEntry testId="25fa604a-0baa-cd7e-a922-7667249775d1" executionId="41a3e175-5e15-40c1-bcb2-46826feaaeb5" testListId="8c84fa94-04c1-424b-9868-57a2d4851a1d" />
  </TestEntries>
  <Results>
    <UnitTestResult executionId="41a3e175-5e15-40c1-bcb2-46826feaaeb5" testId="25fa604a-0baa-cd7e-a922-7667249775d1" testName="GetPrecisionTestBigger" computerName="EWA-DELLV131" duration="00:00:49.5328331" startTime="2014-07-11T18:17:09.7617362+02:00" endTime="2014-07-11T18:17:59.2945693+02:00" testType="13cdc9d9-ddb5-4fa4-a97d-d965ccfc6d4b" outcome="Aborted" testListId="8c84fa94-04c1-424b-9868-57a2d4851a1d" relativeResultsDirectory="41a3e175-5e15-40c1-bcb2-46826feaaeb5">
    </UnitTestResult>
  </Results>
</TestRun>