<?xml version="1.0" encoding="UTF-8"?>
<TestRun id="225a8119-f331-4eba-9c25-05ec0042fd82" name="Ewa@EWA-DELLV131 2014-07-11 18:15:22" runUser="Ewa-DellV131\Ewa" xmlns="http://microsoft.com/schemas/VisualStudio/TeamTest/2010">
  <TestSettings name="Local" id="c4f4939b-3f88-4cfc-b325-a068545cd073">
    <Description>These are default test settings for a local test run.</Description>
    <Deployment enabled="false" runDeploymentRoot="Ewa_EWA-DELLV131 2014-07-11 18_15_22">
      <DeploymentItem filename="C:\GitHub\elastic_collision\elastic-collision\elastic-collision\collision\CollisionLibrary\bin\x86\Debug\CollisionLibrary.dll" />
    </Deployment>
    <Execution>
      <TestTypeSpecific />
      <AgentRule name="Execution Agents">
      </AgentRule>
    </Execution>
  </TestSettings>
  <Times creation="2014-07-11T18:15:22.0825773+02:00" queuing="2014-07-11T18:15:23.2186423+02:00" start="2014-07-11T18:15:23.2286428+02:00" finish="2014-07-11T18:15:23.4556558+02:00" />
  <ResultSummary outcome="Completed">
    <Counters total="1" executed="1" passed="1" error="0" failed="0" timeout="0" aborted="0" inconclusive="0" passedButRunAborted="0" notRunnable="0" notExecuted="0" disconnected="0" warning="0" completed="0" inProgress="0" pending="0" />
  </ResultSummary>
  <TestDefinitions>
    <UnitTest name="GetPrecisionTestLowerDown5" storage="c:\github\elastic_collision\elastic-collision\elastic-collision\collision\collisionlibrarytestproject\bin\debug\collisionlibrarytestproject.dll" id="60ca5823-11ee-03f7-db55-b812ed6de0d7">
      <Execution id="f452663c-8026-4d3c-9c30-32c67fe8646c" />
      <TestMethod codeBase="C:/GitHub/elastic_collision/elastic-collision/elastic-collision/collision/CollisionLibraryTestProject/bin/Debug/CollisionLibraryTestProject.DLL" adapterTypeName="Microsoft.VisualStudio.TestTools.TestTypes.Unit.UnitTestAdapter, Microsoft.VisualStudio.QualityTools.Tips.UnitTest.Adapter, Version=10.0.0.0, Culture=neutral, PublicKeyToken=b03f5f7f11d50a3a" className="CollisionLibraryTestProject.PrecisionTest, CollisionLibraryTestProject, Version=1.0.0.0, Culture=neutral, PublicKeyToken=null" name="GetPrecisionTestLowerDown5" />
    </UnitTest>
  </TestDefinitions>
  <TestLists>
    <TestList name="Results Not in a List" id="8c84fa94-04c1-424b-9868-57a2d4851a1d" />
    <TestList name="All Loaded Results" id="19431567-8539-422a-85d7-44ee4e166bda" />
  </TestLists>
  <TestEntries>
    <TestEntry testId="60ca5823-11ee-03f7-db55-b812ed6de0d7" executionId="f452663c-8026-4d3c-9c30-32c67fe8646c" testListId="8c84fa94-04c1-424b-9868-57a2d4851a1d" />
  </TestEntries>
  <Results>
    <UnitTestResult executionId="f452663c-8026-4d3c-9c30-32c67fe8646c" testId="60ca5823-11ee-03f7-db55-b812ed6de0d7" testName="GetPrecisionTestLowerDown5" computerName="EWA-DELLV131" duration="00:00:00.0134177" startTime="2014-07-11T18:15:23.2316430+02:00" endTime="2014-07-11T18:15:23.4446552+02:00" testType="13cdc9d9-ddb5-4fa4-a97d-d965ccfc6d4b" outcome="Passed" testListId="8c84fa94-04c1-424b-9868-57a2d4851a1d" relativeResultsDirectory="f452663c-8026-4d3c-9c30-32c67fe8646c">
    </UnitTestResult>
  </Results>
</TestRun>