<?xml version="1.0" encoding="UTF-8"?>
<TestRun id="20298952-a1e7-45ba-aa77-89e38735c4ce" name="Ewa@EWA-DELLV131 2014-06-28 22:23:16" runUser="Ewa-DellV131\Ewa" xmlns="http://microsoft.com/schemas/VisualStudio/TeamTest/2010">
  <TestSettings name="Local" id="c4f4939b-3f88-4cfc-b325-a068545cd073">
    <Description>These are default test settings for a local test run.</Description>
    <Deployment enabled="false" runDeploymentRoot="Ewa_EWA-DELLV131 2014-06-28 22_23_16">
      <DeploymentItem filename="C:\GitHub\elastic_collision\elastic-collision\collision\CollisionLibrary\bin\x86\Debug\CollisionLibrary.dll" />
    </Deployment>
    <Execution>
      <TestTypeSpecific />
      <AgentRule name="Execution Agents">
      </AgentRule>
    </Execution>
  </TestSettings>
  <Times creation="2014-06-28T22:23:16.0762629+02:00" queuing="2014-06-28T22:23:17.2943325+02:00" start="2014-06-28T22:23:17.3133336+02:00" finish="2014-06-28T22:23:17.5683482+02:00" />
  <ResultSummary outcome="Failed">
    <Counters total="1" executed="1" error="0" failed="1" timeout="0" aborted="0" inconclusive="0" passedButRunAborted="0" notRunnable="0" notExecuted="0" disconnected="0" warning="0" passed="0" completed="0" inProgress="0" pending="0" />
  </ResultSummary>
  <TestDefinitions>
    <UnitTest name="CalcTangentTest" storage="c:\github\elastic_collision\elastic-collision\collision\collisionlibrarytestproject\bin\debug\collisionlibrarytestproject.dll" id="4634d7bf-d54b-df2a-1a73-f348a6c652ae">
      <Execution id="323b21a0-3306-4c09-b5b5-8f0fe61cd4ee" />
      <TestMethod codeBase="C:/GitHub/elastic_collision/elastic-collision/collision/CollisionLibraryTestProject/bin/Debug/CollisionLibraryTestProject.DLL" adapterTypeName="Microsoft.VisualStudio.TestTools.TestTypes.Unit.UnitTestAdapter, Microsoft.VisualStudio.QualityTools.Tips.UnitTest.Adapter, Version=10.0.0.0, Culture=neutral, PublicKeyToken=b03f5f7f11d50a3a" className="CollisionLibraryTestProject.TransformationTest, CollisionLibraryTestProject, Version=1.0.0.0, Culture=neutral, PublicKeyToken=null" name="CalcTangentTest" />
    </UnitTest>
  </TestDefinitions>
  <TestLists>
    <TestList name="Results Not in a List" id="8c84fa94-04c1-424b-9868-57a2d4851a1d" />
    <TestList name="All Loaded Results" id="19431567-8539-422a-85d7-44ee4e166bda" />
  </TestLists>
  <TestEntries>
    <TestEntry testId="4634d7bf-d54b-df2a-1a73-f348a6c652ae" executionId="323b21a0-3306-4c09-b5b5-8f0fe61cd4ee" testListId="8c84fa94-04c1-424b-9868-57a2d4851a1d" />
  </TestEntries>
  <Results>
    <UnitTestResult executionId="323b21a0-3306-4c09-b5b5-8f0fe61cd4ee" testId="4634d7bf-d54b-df2a-1a73-f348a6c652ae" testName="CalcTangentTest" computerName="EWA-DELLV131" duration="00:00:00.0329505" startTime="2014-06-28T22:23:17.3133336+02:00" endTime="2014-06-28T22:23:17.5553475+02:00" testType="13cdc9d9-ddb5-4fa4-a97d-d965ccfc6d4b" outcome="Failed" testListId="8c84fa94-04c1-424b-9868-57a2d4851a1d" relativeResultsDirectory="323b21a0-3306-4c09-b5b5-8f0fe61cd4ee">
      <Output>
        <ErrorInfo>
          <Message>Assert.AreEqual failed. Expected:&lt;{X:0 Y:1}&gt;. Actual:&lt;{X:-2 Y:1}&gt;. </Message>
          <StackTrace>   at CollisionLibraryTestProject.TransformationTest.CalcTangentTest() in C:\GitHub\elastic_collision\elastic-collision\collision\CollisionLibraryTestProject\TransformationTest.cs:line 92
</StackTrace>
        </ErrorInfo>
      </Output>
    </UnitTestResult>
  </Results>
</TestRun>