<?xml version="1.0" encoding="UTF-8"?>
<TestRun id="c8e4530f-60ce-4932-8b70-c2fd1cc4693c" name="Ewa@EWA-DELLV131 2014-06-28 22:28:16" runUser="Ewa-DellV131\Ewa" xmlns="http://microsoft.com/schemas/VisualStudio/TeamTest/2010">
  <TestSettings name="Local" id="c4f4939b-3f88-4cfc-b325-a068545cd073">
    <Description>These are default test settings for a local test run.</Description>
    <Deployment enabled="false" runDeploymentRoot="Ewa_EWA-DELLV131 2014-06-28 22_28_16">
      <DeploymentItem filename="C:\GitHub\elastic_collision\elastic-collision\collision\CollisionLibrary\bin\x86\Debug\CollisionLibrary.dll" />
    </Deployment>
    <Execution>
      <TestTypeSpecific />
      <AgentRule name="Execution Agents">
      </AgentRule>
    </Execution>
  </TestSettings>
  <Times creation="2014-06-28T22:28:16.6924571+02:00" queuing="2014-06-28T22:28:17.9175272+02:00" start="2014-06-28T22:28:17.9245276+02:00" finish="2014-06-28T22:28:18.2415457+02:00" />
  <ResultSummary outcome="Completed">
    <Counters total="1" executed="1" passed="1" error="0" failed="0" timeout="0" aborted="0" inconclusive="0" passedButRunAborted="0" notRunnable="0" notExecuted="0" disconnected="0" warning="0" completed="0" inProgress="0" pending="0" />
  </ResultSummary>
  <TestDefinitions>
    <UnitTest name="Ball2ConstructorTestStationaryWithCoord" storage="c:\github\elastic_collision\elastic-collision\collision\collisionlibrarytestproject\bin\debug\collisionlibrarytestproject.dll" id="58ee5bcc-8c6f-c602-a62f-ce50ed8cb54d">
      <Execution id="1832a6ad-43a4-4072-80a8-f877d132d7c9" />
      <TestMethod codeBase="C:/GitHub/elastic_collision/elastic-collision/collision/CollisionLibraryTestProject/bin/Debug/CollisionLibraryTestProject.DLL" adapterTypeName="Microsoft.VisualStudio.TestTools.TestTypes.Unit.UnitTestAdapter, Microsoft.VisualStudio.QualityTools.Tips.UnitTest.Adapter, Version=10.0.0.0, Culture=neutral, PublicKeyToken=b03f5f7f11d50a3a" className="CollisionLibraryTestProject.Ball2Test, CollisionLibraryTestProject, Version=1.0.0.0, Culture=neutral, PublicKeyToken=null" name="Ball2ConstructorTestStationaryWithCoord" />
    </UnitTest>
  </TestDefinitions>
  <TestLists>
    <TestList name="Results Not in a List" id="8c84fa94-04c1-424b-9868-57a2d4851a1d" />
    <TestList name="All Loaded Results" id="19431567-8539-422a-85d7-44ee4e166bda" />
  </TestLists>
  <TestEntries>
    <TestEntry testId="58ee5bcc-8c6f-c602-a62f-ce50ed8cb54d" executionId="1832a6ad-43a4-4072-80a8-f877d132d7c9" testListId="8c84fa94-04c1-424b-9868-57a2d4851a1d" />
  </TestEntries>
  <Results>
    <UnitTestResult executionId="1832a6ad-43a4-4072-80a8-f877d132d7c9" testId="58ee5bcc-8c6f-c602-a62f-ce50ed8cb54d" testName="Ball2ConstructorTestStationaryWithCoord" computerName="EWA-DELLV131" duration="00:00:00.0157470" startTime="2014-06-28T22:28:17.9315280+02:00" endTime="2014-06-28T22:28:18.1895427+02:00" testType="13cdc9d9-ddb5-4fa4-a97d-d965ccfc6d4b" outcome="Passed" testListId="8c84fa94-04c1-424b-9868-57a2d4851a1d" relativeResultsDirectory="1832a6ad-43a4-4072-80a8-f877d132d7c9">
    </UnitTestResult>
  </Results>
</TestRun>