<?xml version="1.0" encoding="UTF-8"?>
<TestRun id="d55381b9-ef72-4f8b-a0bd-c50c69c1d46c" name="Ewa@EWA-DELLV131 2014-06-30 21:27:39" runUser="Ewa-DellV131\Ewa" xmlns="http://microsoft.com/schemas/VisualStudio/TeamTest/2010">
  <TestSettings name="Local" id="c4f4939b-3f88-4cfc-b325-a068545cd073">
    <Description>These are default test settings for a local test run.</Description>
    <Deployment enabled="false" runDeploymentRoot="Ewa_EWA-DELLV131 2014-06-30 21_27_39">
      <DeploymentItem filename="C:\GitHub\elastic_collision\elastic-collision\collision\CollisionLibrary\bin\x86\Debug\CollisionLibrary.dll" />
    </Deployment>
    <Execution>
      <TestTypeSpecific />
      <AgentRule name="Execution Agents">
      </AgentRule>
    </Execution>
  </TestSettings>
  <Times creation="2014-06-30T21:27:39.1391938+02:00" queuing="2014-06-30T21:27:40.4522689+02:00" start="2014-06-30T21:27:40.4862708+02:00" finish="2014-06-30T21:27:40.7232844+02:00" />
  <ResultSummary outcome="Completed">
    <Counters total="1" executed="1" passed="1" error="0" failed="0" timeout="0" aborted="0" inconclusive="0" passedButRunAborted="0" notRunnable="0" notExecuted="0" disconnected="0" warning="0" completed="0" inProgress="0" pending="0" />
  </ResultSummary>
  <TestDefinitions>
    <UnitTest name="GetNextBallBallCollisionTestOneColl" storage="c:\github\elastic_collision\elastic-collision\collision\collisionlibrarytestproject\bin\debug\collisionlibrarytestproject.dll" id="5706bc5c-9e11-4309-7da3-559b179a1156">
      <Execution id="ee728b96-d8c4-4b12-bed3-92cbc165bdc7" />
      <TestMethod codeBase="C:/GitHub/elastic_collision/elastic-collision/collision/CollisionLibraryTestProject/bin/Debug/CollisionLibraryTestProject.DLL" adapterTypeName="Microsoft.VisualStudio.TestTools.TestTypes.Unit.UnitTestAdapter, Microsoft.VisualStudio.QualityTools.Tips.UnitTest.Adapter, Version=10.0.0.0, Culture=neutral, PublicKeyToken=b03f5f7f11d50a3a" className="CollisionLibraryTestProject.CollisionTest, CollisionLibraryTestProject, Version=1.0.0.0, Culture=neutral, PublicKeyToken=null" name="GetNextBallBallCollisionTestOneColl" />
    </UnitTest>
  </TestDefinitions>
  <TestLists>
    <TestList name="Results Not in a List" id="8c84fa94-04c1-424b-9868-57a2d4851a1d" />
    <TestList name="All Loaded Results" id="19431567-8539-422a-85d7-44ee4e166bda" />
  </TestLists>
  <TestEntries>
    <TestEntry testId="5706bc5c-9e11-4309-7da3-559b179a1156" executionId="ee728b96-d8c4-4b12-bed3-92cbc165bdc7" testListId="8c84fa94-04c1-424b-9868-57a2d4851a1d" />
  </TestEntries>
  <Results>
    <UnitTestResult executionId="ee728b96-d8c4-4b12-bed3-92cbc165bdc7" testId="5706bc5c-9e11-4309-7da3-559b179a1156" testName="GetNextBallBallCollisionTestOneColl" computerName="EWA-DELLV131" duration="00:00:00.0177671" startTime="2014-06-30T21:27:40.4882709+02:00" endTime="2014-06-30T21:27:40.7082835+02:00" testType="13cdc9d9-ddb5-4fa4-a97d-d965ccfc6d4b" outcome="Passed" testListId="8c84fa94-04c1-424b-9868-57a2d4851a1d" relativeResultsDirectory="ee728b96-d8c4-4b12-bed3-92cbc165bdc7">
    </UnitTestResult>
  </Results>
</TestRun>