<?xml version="1.0" encoding="UTF-8"?>
<TestRun id="f43391af-73c4-42a6-af99-dba5d0cbefdd" name="Ewa@EWA-DELLV131 2014-07-11 18:13:24" runUser="Ewa-DellV131\Ewa" xmlns="http://microsoft.com/schemas/VisualStudio/TeamTest/2010">
  <TestSettings name="Local" id="c4f4939b-3f88-4cfc-b325-a068545cd073">
    <Description>These are default test settings for a local test run.</Description>
    <Deployment userDeploymentRoot="C:\GitHub\elastic_collision\elastic-collision\elastic-collision\collision\TestResults" useDefaultDeploymentRoot="false" enabled="false" runDeploymentRoot="Ewa_EWA-DELLV131 2014-07-11 18_13_24">
      <DeploymentItem filename="C:\GitHub\elastic_collision\elastic-collision\elastic-collision\collision\CollisionLibrary\bin\x86\Debug\CollisionLibrary.dll" />
    </Deployment>
    <Execution>
      <TestTypeSpecific />
      <AgentRule name="Execution Agents">
      </AgentRule>
    </Execution>
  </TestSettings>
  <Times creation="2014-07-11T18:13:24.5708560+02:00" queuing="2014-07-11T18:13:26.8859884+02:00" start="2014-07-11T18:13:26.9859941+02:00" finish="2014-07-11T18:13:45.2530389+02:00" />
  <ResultSummary outcome="Error">
    <Counters total="1" error="0" failed="0" timeout="0" aborted="0" inconclusive="0" passedButRunAborted="0" notRunnable="0" notExecuted="1" disconnected="0" warning="0" passed="0" completed="0" inProgress="0" pending="0" />
    <RunInfos>
      <RunInfo computerName="EWA-DELLV131" outcome="Error" timestamp="2014-07-11T18:13:45.2500388+02:00">
        <Text>Test host process exited unexpectedly.</Text>
      </RunInfo>
    </RunInfos>
  </ResultSummary>
  <TestDefinitions>
    <UnitTest name="GetPrecisionTestLower" storage="c:\github\elastic_collision\elastic-collision\elastic-collision\collision\collisionlibrarytestproject\bin\debug\collisionlibrarytestproject.dll" id="7121d330-8415-f24d-3c0f-b76ec9d6cd0b">
      <Execution id="693fee89-0d77-44cc-af3f-18ee58251e4d" />
      <TestMethod codeBase="C:/GitHub/elastic_collision/elastic-collision/elastic-collision/collision/CollisionLibraryTestProject/bin/Debug/CollisionLibraryTestProject.DLL" adapterTypeName="Microsoft.VisualStudio.TestTools.TestTypes.Unit.UnitTestAdapter, Microsoft.VisualStudio.QualityTools.Tips.UnitTest.Adapter, Version=10.0.0.0, Culture=neutral, PublicKeyToken=b03f5f7f11d50a3a" className="CollisionLibraryTestProject.PrecisionTest, CollisionLibraryTestProject, Version=1.0.0.0, Culture=neutral, PublicKeyToken=null" name="GetPrecisionTestLower" />
    </UnitTest>
  </TestDefinitions>
  <TestLists>
    <TestList name="Results Not in a List" id="8c84fa94-04c1-424b-9868-57a2d4851a1d" />
    <TestList name="All Loaded Results" id="19431567-8539-422a-85d7-44ee4e166bda" />
  </TestLists>
  <TestEntries>
    <TestEntry testId="7121d330-8415-f24d-3c0f-b76ec9d6cd0b" executionId="693fee89-0d77-44cc-af3f-18ee58251e4d" testListId="8c84fa94-04c1-424b-9868-57a2d4851a1d" />
  </TestEntries>
  <Results>
    <UnitTestResult executionId="693fee89-0d77-44cc-af3f-18ee58251e4d" testId="7121d330-8415-f24d-3c0f-b76ec9d6cd0b" testName="GetPrecisionTestLower" computerName="EWA-DELLV131" testType="13cdc9d9-ddb5-4fa4-a97d-d965ccfc6d4b" outcome="NotExecuted" testListId="8c84fa94-04c1-424b-9868-57a2d4851a1d" relativeResultsDirectory="693fee89-0d77-44cc-af3f-18ee58251e4d">
    </UnitTestResult>
  </Results>
</TestRun>