<?xml version="1.0" encoding="UTF-8"?>
<TestRun id="ecca1889-e75b-42a6-9fe7-7a98241cc734" name="Ewa@EWA-DELLV131 2014-06-28 22:22:26" runUser="Ewa-DellV131\Ewa" xmlns="http://microsoft.com/schemas/VisualStudio/TeamTest/2010">
  <TestSettings name="Local" id="c4f4939b-3f88-4cfc-b325-a068545cd073">
    <Description>These are default test settings for a local test run.</Description>
    <Deployment enabled="false" runDeploymentRoot="Ewa_EWA-DELLV131 2014-06-28 22_22_26">
      <DeploymentItem filename="C:\GitHub\elastic_collision\elastic-collision\collision\CollisionLibrary\bin\x86\Debug\CollisionLibrary.dll" />
    </Deployment>
    <Execution>
      <TestTypeSpecific />
      <AgentRule name="Execution Agents">
      </AgentRule>
    </Execution>
  </TestSettings>
  <Times creation="2014-06-28T22:22:26.2494129+02:00" queuing="2014-06-28T22:22:32.8777920+02:00" start="2014-06-28T22:22:32.8837924+02:00" finish="2014-06-28T22:22:33.1488075+02:00" />
  <ResultSummary outcome="Failed">
    <Counters total="1" executed="1" error="0" failed="1" timeout="0" aborted="0" inconclusive="0" passedButRunAborted="0" notRunnable="0" notExecuted="0" disconnected="0" warning="0" passed="0" completed="0" inProgress="0" pending="0" />
  </ResultSummary>
  <TestDefinitions>
    <UnitTest name="CalcNormalTest" storage="c:\github\elastic_collision\elastic-collision\collision\collisionlibrarytestproject\bin\debug\collisionlibrarytestproject.dll" id="91370910-7b93-11ae-cf00-2de71bf169a8">
      <Execution id="574feb9d-73c5-4152-a575-abbc50146749" />
      <TestMethod codeBase="C:/GitHub/elastic_collision/elastic-collision/collision/CollisionLibraryTestProject/bin/Debug/CollisionLibraryTestProject.DLL" adapterTypeName="Microsoft.VisualStudio.TestTools.TestTypes.Unit.UnitTestAdapter, Microsoft.VisualStudio.QualityTools.Tips.UnitTest.Adapter, Version=10.0.0.0, Culture=neutral, PublicKeyToken=b03f5f7f11d50a3a" className="CollisionLibraryTestProject.TransformationTest, CollisionLibraryTestProject, Version=1.0.0.0, Culture=neutral, PublicKeyToken=null" name="CalcNormalTest" />
    </UnitTest>
  </TestDefinitions>
  <TestLists>
    <TestList name="Results Not in a List" id="8c84fa94-04c1-424b-9868-57a2d4851a1d" />
    <TestList name="All Loaded Results" id="19431567-8539-422a-85d7-44ee4e166bda" />
  </TestLists>
  <TestEntries>
    <TestEntry testId="91370910-7b93-11ae-cf00-2de71bf169a8" executionId="574feb9d-73c5-4152-a575-abbc50146749" testListId="8c84fa94-04c1-424b-9868-57a2d4851a1d" />
  </TestEntries>
  <Results>
    <UnitTestResult executionId="574feb9d-73c5-4152-a575-abbc50146749" testId="91370910-7b93-11ae-cf00-2de71bf169a8" testName="CalcNormalTest" computerName="EWA-DELLV131" duration="00:00:00.0367059" startTime="2014-06-28T22:22:32.8887927+02:00" endTime="2014-06-28T22:22:33.1278063+02:00" testType="13cdc9d9-ddb5-4fa4-a97d-d965ccfc6d4b" outcome="Failed" testListId="8c84fa94-04c1-424b-9868-57a2d4851a1d" relativeResultsDirectory="574feb9d-73c5-4152-a575-abbc50146749">
      <Output>
        <ErrorInfo>
          <Message>Assert.AreEqual failed. Expected:&lt;{X:0 Y:4}&gt;. Actual:&lt;{X:0 Y:1}&gt;. </Message>
          <StackTrace>   at CollisionLibraryTestProject.TransformationTest.CalcNormalTest() in C:\GitHub\elastic_collision\elastic-collision\collision\CollisionLibraryTestProject\TransformationTest.cs:line 79
</StackTrace>
        </ErrorInfo>
      </Output>
    </UnitTestResult>
  </Results>
</TestRun>