<?xml version="1.0" encoding="UTF-8"?>
<TestRun id="07b5728b-1594-497a-b2b3-48e9258dc224" name="Ewa@EWA-DELLV131 2014-07-02 20:09:25" runUser="Ewa-DellV131\Ewa" xmlns="http://microsoft.com/schemas/VisualStudio/TeamTest/2010">
  <TestSettings name="Local" id="c4f4939b-3f88-4cfc-b325-a068545cd073">
    <Description>These are default test settings for a local test run.</Description>
    <Deployment enabled="false" runDeploymentRoot="Ewa_EWA-DELLV131 2014-07-02 20_09_25">
      <DeploymentItem filename="C:\GitHub\elastic_collision\elastic-collision\collision\CollisionLibrary\bin\x86\Debug\CollisionLibrary.dll" />
    </Deployment>
    <Execution>
      <TestTypeSpecific />
      <AgentRule name="Execution Agents">
      </AgentRule>
    </Execution>
  </TestSettings>
  <Times creation="2014-07-02T20:09:25.1501480+02:00" queuing="2014-07-02T20:09:26.1092029+02:00" start="2014-07-02T20:09:26.1172034+02:00" finish="2014-07-02T20:09:26.3942192+02:00" />
  <ResultSummary outcome="Failed">
    <Counters total="1" executed="1" error="0" failed="1" timeout="0" aborted="0" inconclusive="0" passedButRunAborted="0" notRunnable="0" notExecuted="0" disconnected="0" warning="0" passed="0" completed="0" inProgress="0" pending="0" />
  </ResultSummary>
  <TestDefinitions>
    <UnitTest name="CalcPostImpactVBallWallTestRight" storage="c:\github\elastic_collision\elastic-collision\collision\collisionlibrarytestproject\bin\debug\collisionlibrarytestproject.dll" id="73f76c6c-5436-6e0a-c0de-a320db1d0190">
      <Execution id="a1372eba-736a-4485-9077-78c87e8b5cd6" />
      <TestMethod codeBase="C:/GitHub/elastic_collision/elastic-collision/collision/CollisionLibraryTestProject/bin/Debug/CollisionLibraryTestProject.DLL" adapterTypeName="Microsoft.VisualStudio.TestTools.TestTypes.Unit.UnitTestAdapter, Microsoft.VisualStudio.QualityTools.Tips.UnitTest.Adapter, Version=10.0.0.0, Culture=neutral, PublicKeyToken=b03f5f7f11d50a3a" className="CollisionLibraryTestProject.CollisionTest, CollisionLibraryTestProject, Version=1.0.0.0, Culture=neutral, PublicKeyToken=null" name="CalcPostImpactVBallWallTestRight" />
    </UnitTest>
  </TestDefinitions>
  <TestLists>
    <TestList name="Results Not in a List" id="8c84fa94-04c1-424b-9868-57a2d4851a1d" />
    <TestList name="All Loaded Results" id="19431567-8539-422a-85d7-44ee4e166bda" />
  </TestLists>
  <TestEntries>
    <TestEntry testId="73f76c6c-5436-6e0a-c0de-a320db1d0190" executionId="a1372eba-736a-4485-9077-78c87e8b5cd6" testListId="8c84fa94-04c1-424b-9868-57a2d4851a1d" />
  </TestEntries>
  <Results>
    <UnitTestResult executionId="a1372eba-736a-4485-9077-78c87e8b5cd6" testId="73f76c6c-5436-6e0a-c0de-a320db1d0190" testName="CalcPostImpactVBallWallTestRight" computerName="EWA-DELLV131" duration="00:00:00.0348144" startTime="2014-07-02T20:09:26.1202035+02:00" endTime="2014-07-02T20:09:26.3442163+02:00" testType="13cdc9d9-ddb5-4fa4-a97d-d965ccfc6d4b" outcome="Failed" testListId="8c84fa94-04c1-424b-9868-57a2d4851a1d" relativeResultsDirectory="a1372eba-736a-4485-9077-78c87e8b5cd6">
      <Output>
        <ErrorInfo>
          <Message>Test method CollisionLibraryTestProject.CollisionTest.CalcPostImpactVBallWallTestRight threw exception: 
System.InvalidCastException: Unable to cast object of type 'CollisionLibrary.Wall2' to type 'CollisionLibrary.Ball2'.</Message>
          <StackTrace>    at CollisionLibraryTestProject.CollisionTest.CalcPostImpactVBallWallTestRight() in C:\GitHub\elastic_collision\elastic-collision\collision\CollisionLibraryTestProject\CollisionTest.cs:line 244
</StackTrace>
        </ErrorInfo>
      </Output>
    </UnitTestResult>
  </Results>
</TestRun>