<?xml version="1.0" encoding="UTF-8"?>
<TestRun id="7ff1deca-a05b-4a54-a7c6-0bcfcde71534" name="Ewa@EWA-DELLV131 2014-07-11 15:36:29" runUser="Ewa-DellV131\Ewa" xmlns="http://microsoft.com/schemas/VisualStudio/TeamTest/2010">
  <TestSettings name="Local" id="c4f4939b-3f88-4cfc-b325-a068545cd073">
    <Description>These are default test settings for a local test run.</Description>
    <Deployment enabled="false" runDeploymentRoot="Ewa_EWA-DELLV131 2014-07-11 15_36_29">
      <DeploymentItem filename="C:\GitHub\elastic_collision\elastic-collision\elastic-collision\collision\CollisionLibrary\bin\x86\Debug\CollisionLibrary.dll" />
    </Deployment>
    <Execution>
      <TestTypeSpecific />
      <AgentRule name="Execution Agents">
      </AgentRule>
    </Execution>
  </TestSettings>
  <Times creation="2014-07-11T15:36:29.7025418+02:00" queuing="2014-07-11T15:36:30.7976045+02:00" start="2014-07-11T15:36:30.8132045+02:00" finish="2014-07-11T15:36:31.0316049+02:00" />
  <ResultSummary outcome="Completed">
    <Counters total="1" executed="1" passed="1" error="0" failed="0" timeout="0" aborted="0" inconclusive="0" passedButRunAborted="0" notRunnable="0" notExecuted="0" disconnected="0" warning="0" completed="0" inProgress="0" pending="0" />
  </ResultSummary>
  <TestDefinitions>
    <UnitTest name="GetPrecisionTestLower" storage="c:\github\elastic_collision\elastic-collision\elastic-collision\collision\collisionlibrarytestproject\bin\debug\collisionlibrarytestproject.dll" id="7121d330-8415-f24d-3c0f-b76ec9d6cd0b">
      <Execution id="fd6242da-78de-45a5-82c0-8a49f29cfb9a" />
      <TestMethod codeBase="C:/GitHub/elastic_collision/elastic-collision/elastic-collision/collision/CollisionLibraryTestProject/bin/Debug/CollisionLibraryTestProject.DLL" adapterTypeName="Microsoft.VisualStudio.TestTools.TestTypes.Unit.UnitTestAdapter, Microsoft.VisualStudio.QualityTools.Tips.UnitTest.Adapter, Version=10.0.0.0, Culture=neutral, PublicKeyToken=b03f5f7f11d50a3a" className="CollisionLibraryTestProject.PrecisionTest, CollisionLibraryTestProject, Version=1.0.0.0, Culture=neutral, PublicKeyToken=null" name="GetPrecisionTestLower" />
    </UnitTest>
  </TestDefinitions>
  <TestLists>
    <TestList name="Results Not in a List" id="8c84fa94-04c1-424b-9868-57a2d4851a1d" />
    <TestList name="All Loaded Results" id="19431567-8539-422a-85d7-44ee4e166bda" />
  </TestLists>
  <TestEntries>
    <TestEntry testId="7121d330-8415-f24d-3c0f-b76ec9d6cd0b" executionId="fd6242da-78de-45a5-82c0-8a49f29cfb9a" testListId="8c84fa94-04c1-424b-9868-57a2d4851a1d" />
  </TestEntries>
  <Results>
    <UnitTestResult executionId="fd6242da-78de-45a5-82c0-8a49f29cfb9a" testId="7121d330-8415-f24d-3c0f-b76ec9d6cd0b" testName="GetPrecisionTestLower" computerName="EWA-DELLV131" duration="00:00:00.0141408" startTime="2014-07-11T15:36:30.8288045+02:00" endTime="2014-07-11T15:36:31.0160049+02:00" testType="13cdc9d9-ddb5-4fa4-a97d-d965ccfc6d4b" outcome="Passed" testListId="8c84fa94-04c1-424b-9868-57a2d4851a1d" relativeResultsDirectory="fd6242da-78de-45a5-82c0-8a49f29cfb9a">
    </UnitTestResult>
  </Results>
</TestRun>