<?xml version="1.0" encoding="UTF-8"?>
<TestRun id="81293c33-c5f6-4f42-8dce-e2bd5d6f24ef" name="Ewa@EWA-DELLV131 2014-07-06 17:47:26" runUser="Ewa-DellV131\Ewa" xmlns="http://microsoft.com/schemas/VisualStudio/TeamTest/2010">
  <TestSettings name="Local" id="c4f4939b-3f88-4cfc-b325-a068545cd073">
    <Description>These are default test settings for a local test run.</Description>
    <Deployment enabled="false" runDeploymentRoot="Ewa_EWA-DELLV131 2014-07-06 17_47_26">
      <DeploymentItem filename="C:\GitHub\elastic_collision\elastic-collision\collision\CollisionLibrary\bin\x86\Debug\CollisionLibrary.dll" />
    </Deployment>
    <Execution>
      <TestTypeSpecific />
      <AgentRule name="Execution Agents">
      </AgentRule>
    </Execution>
  </TestSettings>
  <Times creation="2014-07-06T17:47:26.1607226+02:00" queuing="2014-07-06T17:47:27.2957875+02:00" start="2014-07-06T17:47:27.3107883+02:00" finish="2014-07-06T17:47:27.5218004+02:00" />
  <ResultSummary outcome="Warning">
    <Counters total="1" executed="1" passed="1" error="0" failed="0" timeout="0" aborted="0" inconclusive="0" passedButRunAborted="0" notRunnable="0" notExecuted="0" disconnected="0" warning="0" completed="0" inProgress="0" pending="0" />
    <RunInfos>
      <RunInfo computerName="EWA-DELLV131" outcome="Warning" timestamp="2014-07-06T17:47:27.2957875+02:00">
        <Text>Deployment is currently disabled. The deployment item 'CollisionLibrary.dll' on test 'CollisionLibraryTestProject.QuadraticEquationTest.CalcDeltaTest' was not deployed.</Text>
      </RunInfo>
    </RunInfos>
  </ResultSummary>
  <TestDefinitions>
    <UnitTest name="CalcDeltaTest" storage="c:\github\elastic_collision\elastic-collision\collision\collisionlibrarytestproject\bin\debug\collisionlibrarytestproject.dll" id="bb2906cf-c1cb-d472-a450-236ab18fe0d2">
      <DeploymentItems>
        <DeploymentItem filename="CollisionLibrary.dll" />
      </DeploymentItems>
      <Execution id="8beb8f7d-78f0-4436-9723-cc9bd4555d82" />
      <TestMethod codeBase="C:/GitHub/elastic_collision/elastic-collision/collision/CollisionLibraryTestProject/bin/Debug/CollisionLibraryTestProject.DLL" adapterTypeName="Microsoft.VisualStudio.TestTools.TestTypes.Unit.UnitTestAdapter, Microsoft.VisualStudio.QualityTools.Tips.UnitTest.Adapter, Version=10.0.0.0, Culture=neutral, PublicKeyToken=b03f5f7f11d50a3a" className="CollisionLibraryTestProject.QuadraticEquationTest, CollisionLibraryTestProject, Version=1.0.0.0, Culture=neutral, PublicKeyToken=null" name="CalcDeltaTest" />
    </UnitTest>
  </TestDefinitions>
  <TestLists>
    <TestList name="Results Not in a List" id="8c84fa94-04c1-424b-9868-57a2d4851a1d" />
    <TestList name="All Loaded Results" id="19431567-8539-422a-85d7-44ee4e166bda" />
  </TestLists>
  <TestEntries>
    <TestEntry testId="bb2906cf-c1cb-d472-a450-236ab18fe0d2" executionId="8beb8f7d-78f0-4436-9723-cc9bd4555d82" testListId="8c84fa94-04c1-424b-9868-57a2d4851a1d" />
  </TestEntries>
  <Results>
    <UnitTestResult executionId="8beb8f7d-78f0-4436-9723-cc9bd4555d82" testId="bb2906cf-c1cb-d472-a450-236ab18fe0d2" testName="CalcDeltaTest" computerName="EWA-DELLV131" duration="00:00:00.0152014" startTime="2014-07-06T17:47:27.3127885+02:00" endTime="2014-07-06T17:47:27.5107998+02:00" testType="13cdc9d9-ddb5-4fa4-a97d-d965ccfc6d4b" outcome="Passed" testListId="8c84fa94-04c1-424b-9868-57a2d4851a1d" relativeResultsDirectory="8beb8f7d-78f0-4436-9723-cc9bd4555d82">
    </UnitTestResult>
  </Results>
</TestRun>