<?xml version="1.0" encoding="UTF-8"?>
<TestRun id="76b38b82-7099-46c4-9eef-25a11fcf0bcc" name="Ewa@EWA-DELLV131 2014-06-28 22:24:40" runUser="Ewa-DellV131\Ewa" xmlns="http://microsoft.com/schemas/VisualStudio/TeamTest/2010">
  <TestSettings name="Local" id="c4f4939b-3f88-4cfc-b325-a068545cd073">
    <Description>These are default test settings for a local test run.</Description>
    <Deployment enabled="false" runDeploymentRoot="Ewa_EWA-DELLV131 2014-06-28 22_24_40">
      <DeploymentItem filename="C:\GitHub\elastic_collision\elastic-collision\collision\CollisionLibrary\bin\x86\Debug\CollisionLibrary.dll" />
    </Deployment>
    <Execution>
      <TestTypeSpecific />
      <AgentRule name="Execution Agents">
      </AgentRule>
    </Execution>
  </TestSettings>
  <Times creation="2014-06-28T22:24:40.5210928+02:00" queuing="2014-06-28T22:24:41.7521632+02:00" start="2014-06-28T22:24:41.7661640+02:00" finish="2014-06-28T22:24:42.0431799+02:00" />
  <ResultSummary outcome="Failed">
    <Counters total="1" executed="1" error="0" failed="1" timeout="0" aborted="0" inconclusive="0" passedButRunAborted="0" notRunnable="0" notExecuted="0" disconnected="0" warning="0" passed="0" completed="0" inProgress="0" pending="0" />
  </ResultSummary>
  <TestDefinitions>
    <UnitTest name="Ball2ConstructorTestStationaryWithCoord" storage="c:\github\elastic_collision\elastic-collision\collision\collisionlibrarytestproject\bin\debug\collisionlibrarytestproject.dll" id="58ee5bcc-8c6f-c602-a62f-ce50ed8cb54d">
      <Execution id="bd24efc4-5fcf-41f7-9ce1-7ca1f2ce591b" />
      <TestMethod codeBase="C:/GitHub/elastic_collision/elastic-collision/collision/CollisionLibraryTestProject/bin/Debug/CollisionLibraryTestProject.DLL" adapterTypeName="Microsoft.VisualStudio.TestTools.TestTypes.Unit.UnitTestAdapter, Microsoft.VisualStudio.QualityTools.Tips.UnitTest.Adapter, Version=10.0.0.0, Culture=neutral, PublicKeyToken=b03f5f7f11d50a3a" className="CollisionLibraryTestProject.Ball2Test, CollisionLibraryTestProject, Version=1.0.0.0, Culture=neutral, PublicKeyToken=null" name="Ball2ConstructorTestStationaryWithCoord" />
    </UnitTest>
  </TestDefinitions>
  <TestLists>
    <TestList name="Results Not in a List" id="8c84fa94-04c1-424b-9868-57a2d4851a1d" />
    <TestList name="All Loaded Results" id="19431567-8539-422a-85d7-44ee4e166bda" />
  </TestLists>
  <TestEntries>
    <TestEntry testId="58ee5bcc-8c6f-c602-a62f-ce50ed8cb54d" executionId="bd24efc4-5fcf-41f7-9ce1-7ca1f2ce591b" testListId="8c84fa94-04c1-424b-9868-57a2d4851a1d" />
  </TestEntries>
  <Results>
    <UnitTestResult executionId="bd24efc4-5fcf-41f7-9ce1-7ca1f2ce591b" testId="58ee5bcc-8c6f-c602-a62f-ce50ed8cb54d" testName="Ball2ConstructorTestStationaryWithCoord" computerName="EWA-DELLV131" duration="00:00:00.0360439" startTime="2014-06-28T22:24:41.7681642+02:00" endTime="2014-06-28T22:24:42.0301791+02:00" testType="13cdc9d9-ddb5-4fa4-a97d-d965ccfc6d4b" outcome="Failed" testListId="8c84fa94-04c1-424b-9868-57a2d4851a1d" relativeResultsDirectory="bd24efc4-5fcf-41f7-9ce1-7ca1f2ce591b">
      <Output>
        <ErrorInfo>
          <Message>Assert.AreEqual failed. Expected:&lt;V: (0, 0), coord: (13,1, 2), mass: 0, radius: 0&gt;. Actual:&lt;V: (0, 0), coord: (13,1, 2), mass: 0, radius: 0&gt;. </Message>
          <StackTrace>   at CollisionLibraryTestProject.Ball2Test.Ball2ConstructorTestStationaryWithCoord() in C:\GitHub\elastic_collision\elastic-collision\collision\CollisionLibraryTestProject\Ball2Test.cs:line 77
</StackTrace>
        </ErrorInfo>
      </Output>
    </UnitTestResult>
  </Results>
</TestRun>