<?xml version="1.0" encoding="UTF-8"?>
<TestRun id="bdc8ba7a-957a-4fe4-bd34-00c4edbcbd64" name="Ewa@EWA-DELLV131 2014-07-06 18:57:15" runUser="Ewa-DellV131\Ewa" xmlns="http://microsoft.com/schemas/VisualStudio/TeamTest/2010">
  <TestSettings name="Local" id="c4f4939b-3f88-4cfc-b325-a068545cd073">
    <Description>These are default test settings for a local test run.</Description>
    <Deployment userDeploymentRoot="C:\GitHub\elastic_collision\elastic-collision\collision\TestResults" useDefaultDeploymentRoot="false" enabled="false" runDeploymentRoot="Ewa_EWA-DELLV131 2014-07-06 18_57_15">
      <DeploymentItem filename="C:\GitHub\elastic_collision\elastic-collision\collision\CollisionLibrary\bin\x86\Debug\CollisionLibrary.dll" />
    </Deployment>
    <Execution>
      <TestTypeSpecific />
      <AgentRule name="Execution Agents">
      </AgentRule>
    </Execution>
  </TestSettings>
  <Times creation="2014-07-06T18:57:15.0663143+02:00" queuing="2014-07-06T18:57:17.2074367+02:00" start="2014-07-06T18:57:17.2874413+02:00" finish="2014-07-06T19:03:41.5704210+02:00" />
  <ResultSummary outcome="Error">
    <Counters total="1" executed="1" error="0" failed="0" timeout="0" aborted="1" inconclusive="0" passedButRunAborted="0" notRunnable="0" notExecuted="0" disconnected="0" warning="0" passed="0" completed="0" inProgress="0" pending="0" />
    <RunInfos>
      <RunInfo computerName="EWA-DELLV131" outcome="Error" timestamp="2014-07-06T19:03:41.5694210+02:00">
        <Text>Test host process exited unexpectedly.</Text>
      </RunInfo>
    </RunInfos>
  </ResultSummary>
  <TestDefinitions>
    <UnitTest name="GetNextBallBallCollisionTestOneCollSameDir" storage="c:\github\elastic_collision\elastic-collision\collision\collisionlibrarytestproject\bin\debug\collisionlibrarytestproject.dll" id="3e0141b4-db2c-c6c9-7b7a-c4dad6bc2bc3">
      <Execution id="135bcc1a-4df3-4d9f-8fd4-71fc00c63334" />
      <TestMethod codeBase="C:/GitHub/elastic_collision/elastic-collision/collision/CollisionLibraryTestProject/bin/Debug/CollisionLibraryTestProject.DLL" adapterTypeName="Microsoft.VisualStudio.TestTools.TestTypes.Unit.UnitTestAdapter, Microsoft.VisualStudio.QualityTools.Tips.UnitTest.Adapter, Version=10.0.0.0, Culture=neutral, PublicKeyToken=b03f5f7f11d50a3a" className="CollisionLibraryTestProject.CollisionTest, CollisionLibraryTestProject, Version=1.0.0.0, Culture=neutral, PublicKeyToken=null" name="GetNextBallBallCollisionTestOneCollSameDir" />
    </UnitTest>
  </TestDefinitions>
  <TestLists>
    <TestList name="Results Not in a List" id="8c84fa94-04c1-424b-9868-57a2d4851a1d" />
    <TestList name="All Loaded Results" id="19431567-8539-422a-85d7-44ee4e166bda" />
  </TestLists>
  <TestEntries>
    <TestEntry testId="3e0141b4-db2c-c6c9-7b7a-c4dad6bc2bc3" executionId="135bcc1a-4df3-4d9f-8fd4-71fc00c63334" testListId="8c84fa94-04c1-424b-9868-57a2d4851a1d" />
  </TestEntries>
  <Results>
    <UnitTestResult executionId="135bcc1a-4df3-4d9f-8fd4-71fc00c63334" testId="3e0141b4-db2c-c6c9-7b7a-c4dad6bc2bc3" testName="GetNextBallBallCollisionTestOneCollSameDir" computerName="EWA-DELLV131" duration="00:06:24.1969748" startTime="2014-07-06T18:57:17.3734462+02:00" endTime="2014-07-06T19:03:41.5704210+02:00" testType="13cdc9d9-ddb5-4fa4-a97d-d965ccfc6d4b" outcome="Aborted" testListId="8c84fa94-04c1-424b-9868-57a2d4851a1d" relativeResultsDirectory="135bcc1a-4df3-4d9f-8fd4-71fc00c63334">
    </UnitTestResult>
  </Results>
</TestRun>